<!DOCTYPE html>
<html>
<head>
  
<meta http-equiv="Content-Type" content="text/html; charset=UTF-8" />

<script type="text/javascript" src="js/jquery.min.js"></script>
<script type="text/javascript" src="js/jquery.tablesorter.min.js"></script>
<script type="text/javascript" src="js/Chart.min.js"></script>
<script type="text/javascript" src="js/moment.min.js"></script>
<script type="text/javascript" src="js/bootstrap.min.js"></script>

<link rel="stylesheet" href="css/bootstrap.min.css" type="text/css"/>
<link rel="stylesheet" href="css/cucumber.css" type="text/css"/>
<link rel="stylesheet" href="css/font-awesome.min.css"/>
<link rel="shortcut icon" href="images/favicon.png"/>

<script type="text/javascript">
$(document).ready(function() {
    // this will tell tablesorter to try looking for the data-value attribute
    // if present, it'll sort by that instead
    // otherwise, it'll sort by the text content of the table cell
    $("#tablesorter").tablesorter({
        textAttribute: 'data-value',
        // ignores the first row of the header, the 'scenario', 'steps', since
        // sorting those doesn't make sense
        selectorHeaders: '> thead tr:not(.dont-sort) th',
        // use a stable sort
        sortStable: true
    });
});
</script>











  
<title>Cucumber Reports  - Feature: </title>

</head>
<body>

<nav class="navbar navbar-default navbar-fixed-top" id="navigation">
  <div class="container-fluid">
    <div class="collapse navbar-collapse">
      <p class="navbar-text navbar-left">Cucumber Report</p>
      <ul class="nav navbar-nav navbar-right">
                <li role="presentation" ><a href="overview-features.html">Features</a></li>
        <li role="presentation" ><a href="overview-tags.html">Tags</a></li>
        <li role="presentation" ><a href="overview-steps.html">Steps</a></li>
                <li role="presentation" ><a href="overview-failures.html">Failures</a></li>
      </ul>
    </div>
  </div>
</nav>


<div class="container-fluid">
  <div class="col-md-5 col-md-offset-1">
    
<table class="table table-bordered" id="build-info">
  <thead>
    <tr>
      <th>Project</th>
            <th>Date</th>
    </tr>
  </thead>
  <tbody>
    <tr class="info">
      <td>demo</td>
            <td>14 Sep 2017, 15:56</td>
    </tr>
  </tbody>
</table>

  </div>
  <div class="col-md-3 col-md-offset-2">
      </div>
</div>


<div id="report-lead" class="container-fluid">
  <div class="col-md-10 col-md-offset-1">
    <h2>Feature Report</h2>
      </div>
</div>


<div class="container-fluid" id="report">
  <div class="row">
    <div class="col-md-10 col-md-offset-1">
      <table class="stats-table">

        
<thead>
  <tr class="header dont-sort">
        <th></th>
    <th colspan="6">Steps</th>
    <th colspan="3">Scenarios</th>
    <th colspan="2">Features</th>
  </tr>
  <tr>
    <th>Feature</th>
        <th class="passed">Passed</th>
    <th class="failed">Failed</th>
    <th class="skipped">Skipped</th>
    <th class="pending">Pending</th>
    <th class="undefined">Undefined</th>
    <th class="total">Total</th>

    <th class="passed">Passed</th>
    <th class="failed">Failed</th>
    <th class="total">Total</th>

    <th>Duration</th>
    <th>Status</th>
  </tr>
</thead>


        <tbody>
        <tr>
          <td class="tagname"></td>
                    <td >0</td>
          <td      class="failed"    >2</td>
          <td     class="skipped"   >8</td>
          <td >0</td>
          <td >0</td>
          <td class="total">10</td>

          <td >0</td>
          <td  class="failed"    >2</td>
          <td class="total">2</td>

          <td class="duration" data-value="345926176">345ms</td>
          <td class="failed">Failed</td>
        </tr>
        </tbody>

      </table>
    </div>
  </div>
</div>



<div class="container-fluid">
  <div class="row">
    <div class="col-md-10 col-md-offset-10">
      <i class="fa fa-chevron-circle-down fa-2x collapsable-control"
        onClick="javascript:$('#report .collapsable-details').collapse('show')"></i>
      <i class="fa fa-chevron-circle-up fa-2x collapsable-control"
        onClick="javascript:$('#report .collapsable-details').collapse('hide')"></i>
    </div>
  </div>
</div>


<div class="container-fluid" id="report">
  <div class="row">
    <div class="col-md-10 col-md-offset-1">
      <div class="feature">
        
<div class="tags indention">
  </div>

        
<div class="brief failed">
  <span class="keyword indention">Feature</span>
  <span class="name"></span>
  

  </div>

        <div class="description indention"></div>

        <div class="elements inner-level">
                      
<div class="element">
  
  
<div class="tags indention">
  </div>

  
  <span class="lead-duration duration">232ms</span>


    <span data-toggle="collapse" class=" collapsable-control" data-target="#element-1">
    
<div class="brief failed">
  <span class="keyword indention">Background</span>
  <span class="name"></span>
  

       <i class="chevron fa fa-fw"></i>
  </div>

  </span>
  <div class="description indention"></div>

  <div id="element-1" class="collapse collapsable-details  in ">
    


    
<div class="steps inner-level">
    <div data-toggle="collapse" class=" collapsable-control" data-target="#steps-2">
    
<div class="brief failed">
  <span class="keyword indention">Steps</span>
  <span class="name"></span>
  

       <i class="chevron fa fa-fw"></i>
  </div>

  </div>

  <div id="steps-2" class="inner-level collapse collapsable-details  in ">
          <div class="step">
        
<div class="brief failed">
  <span class="keyword indention">*</span>
  <span class="name">def helper = Java.type('com.intuit.karate.junit4.demos.CallOnceHelper')</span>
  
  <span class="lead-duration duration">232ms</span>

  </div>

        

  <div class="inner-level">
    <div class="message indention">
      <div data-toggle="collapse" class=" collapsable-control" data-target="#msg-3">
          <a>java.lang.RuntimeException: javascript evaluation failed: Java.type('com.intuit.karate.junit4.demos.CallOnceHelper')</a>
      </div>
      <div id="msg-3" class="collapse collapsable-details  in ">
        <pre>java.lang.RuntimeException: javascript evaluation failed: Java.type('com.intuit.karate.junit4.demos.CallOnceHelper')
	at com.intuit.karate.Script.evalInNashorn(Script.java:383)
	at com.intuit.karate.Script.evalInNashorn(Script.java:358)
	at com.intuit.karate.Script.eval(Script.java:269)
	at com.intuit.karate.Script.eval(Script.java:182)
	at com.intuit.karate.Script.assign(Script.java:606)
	at com.intuit.karate.Script.assign(Script.java:537)
	at com.intuit.karate.StepDefs.def(StepDefs.java:268)
	at ?.* def helper = Java.type('com.intuit.karate.junit4.demos.CallOnceHelper')(com/intuit/karate/testng/demos/call-once.feature:4)
Caused by: java.lang.RuntimeException: java.lang.ClassNotFoundException: com.intuit.karate.junit4.demos.CallOnceHelper
	at jdk.nashorn.internal.runtime.ScriptRuntime.apply(ScriptRuntime.java:397)
	at jdk.nashorn.api.scripting.NashornScriptEngine.evalImpl(NashornScriptEngine.java:446)
	at jdk.nashorn.api.scripting.NashornScriptEngine.evalImpl(NashornScriptEngine.java:403)
	at jdk.nashorn.api.scripting.NashornScriptEngine.evalImpl(NashornScriptEngine.java:399)
	at jdk.nashorn.api.scripting.NashornScriptEngine.eval(NashornScriptEngine.java:155)
	at javax.script.AbstractScriptEngine.eval(AbstractScriptEngine.java:264)
	at com.intuit.karate.Script.evalInNashorn(Script.java:379)
	at com.intuit.karate.Script.evalInNashorn(Script.java:358)
	at com.intuit.karate.Script.eval(Script.java:269)
	at com.intuit.karate.Script.eval(Script.java:182)
	at com.intuit.karate.Script.assign(Script.java:606)
	at com.intuit.karate.Script.assign(Script.java:537)
	at com.intuit.karate.StepDefs.def(StepDefs.java:268)
	at sun.reflect.GeneratedMethodAccessor9.invoke(Unknown Source)
	at sun.reflect.DelegatingMethodAccessorImpl.invoke(DelegatingMethodAccessorImpl.java:43)
	at java.lang.reflect.Method.invoke(Method.java:498)
	at cucumber.runtime.Utils$1.call(Utils.java:40)
	at cucumber.runtime.Timeout.timeout(Timeout.java:16)
	at cucumber.runtime.Utils.invoke(Utils.java:34)
	at cucumber.runtime.java.JavaStepDefinition.execute(JavaStepDefinition.java:38)
	at cucumber.runtime.StepDefinitionMatch.runStep(StepDefinitionMatch.java:37)
	at cucumber.runtime.Runtime.runStep(Runtime.java:300)
	at cucumber.runtime.model.StepContainer.runStep(StepContainer.java:44)
	at cucumber.runtime.model.StepContainer.runSteps(StepContainer.java:39)
	at cucumber.runtime.model.CucumberScenario.runBackground(CucumberScenario.java:59)
	at cucumber.runtime.model.CucumberScenario.run(CucumberScenario.java:42)
	at cucumber.runtime.model.CucumberScenarioOutline.run(CucumberScenarioOutline.java:46)
	at cucumber.runtime.model.CucumberFeature.run(CucumberFeature.java:165)
	at com.intuit.karate.cucumber.CucumberRunner.run(CucumberRunner.java:149)
	at com.intuit.karate.cucumber.CucumberRunner.lambda$parallel$0(CucumberRunner.java:201)
	at java.util.concurrent.FutureTask.run(FutureTask.java:266)
	at java.util.concurrent.ThreadPoolExecutor.runWorker(ThreadPoolExecutor.java:1142)
	at java.util.concurrent.ThreadPoolExecutor$Worker.run(ThreadPoolExecutor.java:617)
	at java.lang.Thread.run(Thread.java:745)
Caused by: java.lang.ClassNotFoundException: com.intuit.karate.junit4.demos.CallOnceHelper
	at java.net.URLClassLoader.findClass(URLClassLoader.java:381)
	at java.lang.ClassLoader.loadClass(ClassLoader.java:424)
	at sun.misc.Launcher$AppClassLoader.loadClass(Launcher.java:331)
	at java.lang.ClassLoader.loadClass(ClassLoader.java:357)
	at java.lang.Class.forName0(Native Method)
	at java.lang.Class.forName(Class.java:348)
	at jdk.nashorn.internal.runtime.Context.findClass(Context.java:1057)
	at jdk.nashorn.internal.objects.NativeJava.simpleType(NativeJava.java:498)
	at jdk.nashorn.internal.objects.NativeJava.type(NativeJava.java:322)
	at jdk.nashorn.internal.objects.NativeJava.type(NativeJava.java:314)
	at jdk.nashorn.internal.objects.NativeJava.type(NativeJava.java:310)
	at jdk.nashorn.internal.scripts.Script$643$\^eval\_.:program(&lt;eval&gt;:1)
	at jdk.nashorn.internal.runtime.ScriptFunctionData.invoke(ScriptFunctionData.java:637)
	at jdk.nashorn.internal.runtime.ScriptFunction.invoke(ScriptFunction.java:494)
	at jdk.nashorn.internal.runtime.ScriptRuntime.apply(ScriptRuntime.java:393)
	... 33 more
</pre>
      </div>
    </div>
  </div>


        
        

        

        
  
      </div>
      </div>
</div>


    

  </div>
</div>

                      
<div class="element">
  
  
<div class="tags indention">
  </div>

  
  <span class="lead-duration duration">000ms</span>


    <span data-toggle="collapse" class=" collapsable-control" data-target="#element-4">
    
<div class="brief failed">
  <span class="keyword indention">Scenario Outline</span>
  <span class="name">generate random string</span>
  

       <i class="chevron fa fa-fw"></i>
  </div>

  </span>
  <div class="description indention"></div>

  <div id="element-4" class="collapse collapsable-details  in ">
    


    
<div class="steps inner-level">
    <div data-toggle="collapse" class=" collapsable-control" data-target="#steps-5">
    
<div class="brief failed">
  <span class="keyword indention">Steps</span>
  <span class="name"></span>
  

       <i class="chevron fa fa-fw"></i>
  </div>

  </div>

  <div id="steps-5" class="inner-level collapse collapsable-details  in ">
          <div class="step">
        
<div class="brief skipped">
  <span class="keyword indention">*</span>
  <span class="name">def fun = function(){ return Math.random().toString(36).substr(2, 10) }</span>
  
  <span class="lead-duration duration">000ms</span>

  </div>

        


        
        

        

        
  
      </div>
          <div class="step">
        
<div class="brief skipped">
  <span class="keyword indention">*</span>
  <span class="name">def result = callonce fun</span>
  
  <span class="lead-duration duration">000ms</span>

  </div>

        


        
        

        

        
  
      </div>
          <div class="step">
        
<div class="brief skipped">
  <span class="keyword indention">*</span>
  <span class="name">print 'first: ' + result</span>
  
  <span class="lead-duration duration">000ms</span>

  </div>

        


        
        

        

        
  
      </div>
          <div class="step">
        
<div class="brief skipped">
  <span class="keyword indention">*</span>
  <span class="name">assert helper.isEqualToPrevious(result)</span>
  
  <span class="lead-duration duration">000ms</span>

  </div>

        


        
        

        

        
  
      </div>
      </div>
</div>


    

  </div>
</div>

                      
<div class="element">
  
  
<div class="tags indention">
  </div>

  
  <span class="lead-duration duration">113ms</span>


    <span data-toggle="collapse" class=" collapsable-control" data-target="#element-6">
    
<div class="brief failed">
  <span class="keyword indention">Background</span>
  <span class="name"></span>
  

       <i class="chevron fa fa-fw"></i>
  </div>

  </span>
  <div class="description indention"></div>

  <div id="element-6" class="collapse collapsable-details  in ">
    


    
<div class="steps inner-level">
    <div data-toggle="collapse" class=" collapsable-control" data-target="#steps-7">
    
<div class="brief failed">
  <span class="keyword indention">Steps</span>
  <span class="name"></span>
  

       <i class="chevron fa fa-fw"></i>
  </div>

  </div>

  <div id="steps-7" class="inner-level collapse collapsable-details  in ">
          <div class="step">
        
<div class="brief failed">
  <span class="keyword indention">*</span>
  <span class="name">def helper = Java.type('com.intuit.karate.junit4.demos.CallOnceHelper')</span>
  
  <span class="lead-duration duration">113ms</span>

  </div>

        

  <div class="inner-level">
    <div class="message indention">
      <div data-toggle="collapse" class=" collapsable-control" data-target="#msg-8">
          <a>java.lang.RuntimeException: javascript evaluation failed: Java.type('com.intuit.karate.junit4.demos.CallOnceHelper')</a>
      </div>
      <div id="msg-8" class="collapse collapsable-details  in ">
        <pre>java.lang.RuntimeException: javascript evaluation failed: Java.type('com.intuit.karate.junit4.demos.CallOnceHelper')
	at com.intuit.karate.Script.evalInNashorn(Script.java:383)
	at com.intuit.karate.Script.evalInNashorn(Script.java:358)
	at com.intuit.karate.Script.eval(Script.java:269)
	at com.intuit.karate.Script.eval(Script.java:182)
	at com.intuit.karate.Script.assign(Script.java:606)
	at com.intuit.karate.Script.assign(Script.java:537)
	at com.intuit.karate.StepDefs.def(StepDefs.java:268)
	at ?.* def helper = Java.type('com.intuit.karate.junit4.demos.CallOnceHelper')(com/intuit/karate/testng/demos/call-once.feature:4)
Caused by: java.lang.RuntimeException: java.lang.ClassNotFoundException: com.intuit.karate.junit4.demos.CallOnceHelper
	at jdk.nashorn.internal.runtime.ScriptRuntime.apply(ScriptRuntime.java:397)
	at jdk.nashorn.api.scripting.NashornScriptEngine.evalImpl(NashornScriptEngine.java:446)
	at jdk.nashorn.api.scripting.NashornScriptEngine.evalImpl(NashornScriptEngine.java:403)
	at jdk.nashorn.api.scripting.NashornScriptEngine.evalImpl(NashornScriptEngine.java:399)
	at jdk.nashorn.api.scripting.NashornScriptEngine.eval(NashornScriptEngine.java:155)
	at javax.script.AbstractScriptEngine.eval(AbstractScriptEngine.java:264)
	at com.intuit.karate.Script.evalInNashorn(Script.java:379)
	at com.intuit.karate.Script.evalInNashorn(Script.java:358)
	at com.intuit.karate.Script.eval(Script.java:269)
	at com.intuit.karate.Script.eval(Script.java:182)
	at com.intuit.karate.Script.assign(Script.java:606)
	at com.intuit.karate.Script.assign(Script.java:537)
	at com.intuit.karate.StepDefs.def(StepDefs.java:268)
	at sun.reflect.GeneratedMethodAccessor9.invoke(Unknown Source)
	at sun.reflect.DelegatingMethodAccessorImpl.invoke(DelegatingMethodAccessorImpl.java:43)
	at java.lang.reflect.Method.invoke(Method.java:498)
	at cucumber.runtime.Utils$1.call(Utils.java:40)
	at cucumber.runtime.Timeout.timeout(Timeout.java:16)
	at cucumber.runtime.Utils.invoke(Utils.java:34)
	at cucumber.runtime.java.JavaStepDefinition.execute(JavaStepDefinition.java:38)
	at cucumber.runtime.StepDefinitionMatch.runStep(StepDefinitionMatch.java:37)
	at cucumber.runtime.Runtime.runStep(Runtime.java:300)
	at cucumber.runtime.model.StepContainer.runStep(StepContainer.java:44)
	at cucumber.runtime.model.StepContainer.runSteps(StepContainer.java:39)
	at cucumber.runtime.model.CucumberScenario.runBackground(CucumberScenario.java:59)
	at cucumber.runtime.model.CucumberScenario.run(CucumberScenario.java:42)
	at cucumber.runtime.model.CucumberScenarioOutline.run(CucumberScenarioOutline.java:46)
	at cucumber.runtime.model.CucumberFeature.run(CucumberFeature.java:165)
	at com.intuit.karate.cucumber.CucumberRunner.run(CucumberRunner.java:149)
	at com.intuit.karate.cucumber.CucumberRunner.lambda$parallel$0(CucumberRunner.java:201)
	at java.util.concurrent.FutureTask.run(FutureTask.java:266)
	at java.util.concurrent.ThreadPoolExecutor.runWorker(ThreadPoolExecutor.java:1142)
	at java.util.concurrent.ThreadPoolExecutor$Worker.run(ThreadPoolExecutor.java:617)
	at java.lang.Thread.run(Thread.java:745)
Caused by: java.lang.ClassNotFoundException: com.intuit.karate.junit4.demos.CallOnceHelper
	at java.net.URLClassLoader.findClass(URLClassLoader.java:381)
	at java.lang.ClassLoader.loadClass(ClassLoader.java:424)
	at sun.misc.Launcher$AppClassLoader.loadClass(Launcher.java:331)
	at java.lang.ClassLoader.loadClass(ClassLoader.java:357)
	at java.lang.Class.forName0(Native Method)
	at java.lang.Class.forName(Class.java:348)
	at jdk.nashorn.internal.runtime.Context.findClass(Context.java:1057)
	at jdk.nashorn.internal.objects.NativeJava.simpleType(NativeJava.java:498)
	at jdk.nashorn.internal.objects.NativeJava.type(NativeJava.java:322)
	at jdk.nashorn.internal.objects.NativeJava.type(NativeJava.java:314)
	at jdk.nashorn.internal.objects.NativeJava.type(NativeJava.java:310)
	at jdk.nashorn.internal.scripts.Script$684$\^eval\_.:program(&lt;eval&gt;:1)
	at jdk.nashorn.internal.runtime.ScriptFunctionData.invoke(ScriptFunctionData.java:637)
	at jdk.nashorn.internal.runtime.ScriptFunction.invoke(ScriptFunction.java:494)
	at jdk.nashorn.internal.runtime.ScriptRuntime.apply(ScriptRuntime.java:393)
	... 33 more
</pre>
      </div>
    </div>
  </div>


        
        

        

        
  
      </div>
      </div>
</div>


    

  </div>
</div>

                      
<div class="element">
  
  
<div class="tags indention">
  </div>

  
  <span class="lead-duration duration">000ms</span>


    <span data-toggle="collapse" class=" collapsable-control" data-target="#element-9">
    
<div class="brief failed">
  <span class="keyword indention">Scenario Outline</span>
  <span class="name">generate random string</span>
  

       <i class="chevron fa fa-fw"></i>
  </div>

  </span>
  <div class="description indention"></div>

  <div id="element-9" class="collapse collapsable-details  in ">
    


    
<div class="steps inner-level">
    <div data-toggle="collapse" class=" collapsable-control" data-target="#steps-10">
    
<div class="brief failed">
  <span class="keyword indention">Steps</span>
  <span class="name"></span>
  

       <i class="chevron fa fa-fw"></i>
  </div>

  </div>

  <div id="steps-10" class="inner-level collapse collapsable-details  in ">
          <div class="step">
        
<div class="brief skipped">
  <span class="keyword indention">*</span>
  <span class="name">def fun = function(){ return Math.random().toString(36).substr(2, 10) }</span>
  
  <span class="lead-duration duration">000ms</span>

  </div>

        


        
        

        

        
  
      </div>
          <div class="step">
        
<div class="brief skipped">
  <span class="keyword indention">*</span>
  <span class="name">def result = callonce fun</span>
  
  <span class="lead-duration duration">000ms</span>

  </div>

        


        
        

        

        
  
      </div>
          <div class="step">
        
<div class="brief skipped">
  <span class="keyword indention">*</span>
  <span class="name">print 'second: ' + result</span>
  
  <span class="lead-duration duration">000ms</span>

  </div>

        


        
        

        

        
  
      </div>
          <div class="step">
        
<div class="brief skipped">
  <span class="keyword indention">*</span>
  <span class="name">assert helper.isEqualToPrevious(result)</span>
  
  <span class="lead-duration duration">000ms</span>

  </div>

        


        
        

        

        
  
      </div>
      </div>
</div>


    

  </div>
</div>

                  </div>

      </div>
    </div>
  </div>
</div>


<div class="container-fluid">
  <div class="row">
    <div class="col-md-10 col-md-offset-10">
      <i class="fa fa-chevron-circle-down fa-2x collapsable-control"
        onClick="javascript:$('#report .collapsable-details').collapse('show')"></i>
      <i class="fa fa-chevron-circle-up fa-2x collapsable-control"
        onClick="javascript:$('#report .collapsable-details').collapse('hide')"></i>
    </div>
  </div>
</div>

<br>

<nav class="navbar navbar-default" id="footer">
  <div class="container-fluid">
    <p class="navbar-text navbar-right">
        <small>generate Cucumber HTML reports via:&nbsp;</small>
        <a class="navbar-link" href="https://github.com/jenkinsci/cucumber-reports-plugin">Jenkins Plugin</a> |
        <a class="navbar-link" href="https://github.com/damianszczepanik/cucumber-reporting">Standalone</a> |
        <a class="navbar-link" href="https://github.com/damianszczepanik/cucumber-sandwich">Sandwich</a> |
        <a class="navbar-link" href="https://github.com/damianszczepanik/maven-cucumber-reporting">Maven</a>
        &nbsp;&nbsp;
    </p>
  </div>
</nav>

</body>
</html>
