<?xml version="1.0" encoding="UTF-8"?>
<!-- Generated by org.testng.reporters.JUnitXMLReporter -->
<testsuite hostname="Dipjyoti-PC" name="Command line test" tests="19" failures="5" timestamp="14 Sep 2017 05:56:50 GMT" time="30.044" errors="0">
  <testcase name="feature" time="2.117" classname="com.intuit.karate.testng.KarateTestngTest"/>
  <testcase name="feature" time="0.184" classname="com.intuit.karate.testng.KarateTestngTest"/>
  <testcase name="feature" time="0.331" classname="com.intuit.karate.testng.KarateTestngTest">
    <failure type="cucumber.runtime.CucumberException" message="java.lang.RuntimeException: javascript evaluation failed: Java.type(&amp;apos;com.intuit.karate.junit4.demos.CallOnceHelper&amp;apos;)">
      <![CDATA[cucumber.runtime.CucumberException: java.lang.RuntimeException: javascript evaluation failed: Java.type('com.intuit.karate.junit4.demos.CallOnceHelper')
	at com.intuit.karate.testng.KarateRunner.feature(KarateRunner.java:61)
Caused by: java.lang.RuntimeException: javascript evaluation failed: Java.type('com.intuit.karate.junit4.demos.CallOnceHelper')
	at com.intuit.karate.Script.evalInNashorn(Script.java:383)
	at com.intuit.karate.Script.evalInNashorn(Script.java:358)
	at com.intuit.karate.Script.eval(Script.java:269)
	at com.intuit.karate.Script.eval(Script.java:182)
	at com.intuit.karate.Script.assign(Script.java:606)
	at com.intuit.karate.Script.assign(Script.java:537)
	at com.intuit.karate.StepDefs.def(StepDefs.java:268)
	at ✽.* def helper = Java.type('com.intuit.karate.junit4.demos.CallOnceHelper')(com/intuit/karate/testng/demos/call-once.feature:4)
Caused by: java.lang.RuntimeException: java.lang.ClassNotFoundException: com.intuit.karate.junit4.demos.CallOnceHelper
	at jdk.nashorn.internal.runtime.ScriptRuntime.apply(ScriptRuntime.java:397)
	at jdk.nashorn.api.scripting.NashornScriptEngine.evalImpl(NashornScriptEngine.java:446)
	at jdk.nashorn.api.scripting.NashornScriptEngine.evalImpl(NashornScriptEngine.java:403)
	at jdk.nashorn.api.scripting.NashornScriptEngine.evalImpl(NashornScriptEngine.java:399)
	at jdk.nashorn.api.scripting.NashornScriptEngine.eval(NashornScriptEngine.java:155)
	at javax.script.AbstractScriptEngine.eval(AbstractScriptEngine.java:264)
	at com.intuit.karate.Script.evalInNashorn(Script.java:379)
	at com.intuit.karate.Script.evalInNashorn(Script.java:358)
	at com.intuit.karate.Script.eval(Script.java:269)
	at com.intuit.karate.Script.eval(Script.java:182)
	at com.intuit.karate.Script.assign(Script.java:606)
	at com.intuit.karate.Script.assign(Script.java:537)
	at com.intuit.karate.StepDefs.def(StepDefs.java:268)
	at cucumber.runtime.Utils$1.call(Utils.java:40)
	at cucumber.runtime.Timeout.timeout(Timeout.java:16)
	at cucumber.runtime.Utils.invoke(Utils.java:34)
	at cucumber.runtime.java.JavaStepDefinition.execute(JavaStepDefinition.java:38)
	at cucumber.runtime.StepDefinitionMatch.runStep(StepDefinitionMatch.java:37)
	at cucumber.runtime.Runtime.runStep(Runtime.java:300)
	at cucumber.runtime.model.StepContainer.runStep(StepContainer.java:44)
	at cucumber.runtime.model.StepContainer.runSteps(StepContainer.java:39)
	at cucumber.runtime.model.CucumberScenario.runBackground(CucumberScenario.java:59)
	at cucumber.runtime.model.CucumberScenario.run(CucumberScenario.java:42)
	at cucumber.runtime.model.CucumberScenarioOutline.run(CucumberScenarioOutline.java:46)
	at cucumber.runtime.model.CucumberFeature.run(CucumberFeature.java:165)
	at com.intuit.karate.testng.KarateRunner.feature(KarateRunner.java:59)
Caused by: java.lang.ClassNotFoundException: com.intuit.karate.junit4.demos.CallOnceHelper
	at java.net.URLClassLoader.findClass(URLClassLoader.java:381)
	at java.lang.ClassLoader.loadClass(ClassLoader.java:424)
	at sun.misc.Launcher$AppClassLoader.loadClass(Launcher.java:331)
	at java.lang.ClassLoader.loadClass(ClassLoader.java:357)
	at java.lang.Class.forName0(Native Method)
	at java.lang.Class.forName(Class.java:348)
	at jdk.nashorn.internal.runtime.Context.findClass(Context.java:1057)
	at jdk.nashorn.internal.objects.NativeJava.simpleType(NativeJava.java:498)
	at jdk.nashorn.internal.objects.NativeJava.type(NativeJava.java:322)
	at jdk.nashorn.internal.objects.NativeJava.type(NativeJava.java:314)
	at jdk.nashorn.internal.objects.NativeJava.type(NativeJava.java:310)
	at jdk.nashorn.internal.scripts.Script$20$\^eval\_.:program(<eval>:1)
	at jdk.nashorn.internal.runtime.ScriptFunctionData.invoke(ScriptFunctionData.java:637)
	at jdk.nashorn.internal.runtime.ScriptFunction.invoke(ScriptFunction.java:494)
	at jdk.nashorn.internal.runtime.ScriptRuntime.apply(ScriptRuntime.java:393)
	... 63 more
... Removed 72 stack frames]]>
    </failure>
  </testcase> <!-- feature -->
  <testcase name="feature" time="0.714" classname="com.intuit.karate.testng.KarateTestngTest"/>
  <testcase name="feature" time="0.35" classname="com.intuit.karate.testng.KarateTestngTest"/>
  <testcase name="feature" time="1.655" classname="com.intuit.karate.testng.KarateTestngTest"/>
  <testcase name="feature" time="0.296" classname="com.intuit.karate.testng.KarateTestngTest"/>
  <testcase name="feature" time="0.112" classname="com.intuit.karate.testng.KarateTestngTest"/>
  <testcase name="feature" time="0.627" classname="com.intuit.karate.testng.KarateTestngTest"/>
  <testcase name="feature" time="0.196" classname="com.intuit.karate.testng.KarateTestngTest"/>
  <testcase name="feature" time="0.719" classname="com.intuit.karate.testng.KarateTestngTest"/>
  <testcase name="feature" time="0.779" classname="com.intuit.karate.testng.KarateTestngTest">
    <failure type="cucumber.runtime.CucumberException" message="java.lang.RuntimeException: javascript evaluation failed: Java.type(className)">
      <![CDATA[cucumber.runtime.CucumberException: java.lang.RuntimeException: javascript evaluation failed: Java.type(className)
	at com.intuit.karate.testng.KarateRunner.feature(KarateRunner.java:61)
Caused by: java.lang.RuntimeException: javascript evaluation failed: Java.type(className)
	at com.intuit.karate.Script.evalInNashorn(Script.java:383)
	at com.intuit.karate.Script.evalInNashorn(Script.java:358)
	at com.intuit.karate.Script.eval(Script.java:269)
	at com.intuit.karate.Script.eval(Script.java:182)
	at com.intuit.karate.Script.assign(Script.java:606)
	at com.intuit.karate.Script.assign(Script.java:537)
	at com.intuit.karate.StepDefs.def(StepDefs.java:268)
	at ✽.* def Pojo = Java.type(className)(com/intuit/karate/testng/demos/type-conv.feature:79)
Caused by: java.lang.RuntimeException: java.lang.ClassNotFoundException: com.intuit.karate.junit4.demos.SimplePojo
	at jdk.nashorn.internal.runtime.ScriptRuntime.apply(ScriptRuntime.java:397)
	at jdk.nashorn.api.scripting.NashornScriptEngine.evalImpl(NashornScriptEngine.java:446)
	at jdk.nashorn.api.scripting.NashornScriptEngine.evalImpl(NashornScriptEngine.java:403)
	at jdk.nashorn.api.scripting.NashornScriptEngine.evalImpl(NashornScriptEngine.java:399)
	at jdk.nashorn.api.scripting.NashornScriptEngine.eval(NashornScriptEngine.java:155)
	at javax.script.AbstractScriptEngine.eval(AbstractScriptEngine.java:264)
	at com.intuit.karate.Script.evalInNashorn(Script.java:379)
	at com.intuit.karate.Script.evalInNashorn(Script.java:358)
	at com.intuit.karate.Script.eval(Script.java:269)
	at com.intuit.karate.Script.eval(Script.java:182)
	at com.intuit.karate.Script.assign(Script.java:606)
	at com.intuit.karate.Script.assign(Script.java:537)
	at com.intuit.karate.StepDefs.def(StepDefs.java:268)
	at cucumber.runtime.Utils$1.call(Utils.java:40)
	at cucumber.runtime.Timeout.timeout(Timeout.java:16)
	at cucumber.runtime.Utils.invoke(Utils.java:34)
	at cucumber.runtime.java.JavaStepDefinition.execute(JavaStepDefinition.java:38)
	at cucumber.runtime.StepDefinitionMatch.runStep(StepDefinitionMatch.java:37)
	at cucumber.runtime.Runtime.runStep(Runtime.java:300)
	at cucumber.runtime.model.StepContainer.runStep(StepContainer.java:44)
	at cucumber.runtime.model.StepContainer.runSteps(StepContainer.java:39)
	at cucumber.runtime.model.CucumberScenario.run(CucumberScenario.java:44)
	at cucumber.runtime.model.CucumberFeature.run(CucumberFeature.java:165)
	at com.intuit.karate.testng.KarateRunner.feature(KarateRunner.java:59)
Caused by: java.lang.ClassNotFoundException: com.intuit.karate.junit4.demos.SimplePojo
	at java.net.URLClassLoader.findClass(URLClassLoader.java:381)
	at java.lang.ClassLoader.loadClass(ClassLoader.java:424)
	at sun.misc.Launcher$AppClassLoader.loadClass(Launcher.java:331)
	at java.lang.ClassLoader.loadClass(ClassLoader.java:357)
	at java.lang.Class.forName0(Native Method)
	at java.lang.Class.forName(Class.java:348)
	at jdk.nashorn.internal.runtime.Context.findClass(Context.java:1057)
	at jdk.nashorn.internal.objects.NativeJava.simpleType(NativeJava.java:498)
	at jdk.nashorn.internal.objects.NativeJava.type(NativeJava.java:322)
	at jdk.nashorn.internal.objects.NativeJava.type(NativeJava.java:314)
	at jdk.nashorn.internal.objects.NativeJava.type(NativeJava.java:310)
	at jdk.nashorn.internal.scripts.Script$416$\^eval\_.:program(<eval>:1)
	at jdk.nashorn.internal.runtime.ScriptFunctionData.invoke(ScriptFunctionData.java:637)
	at jdk.nashorn.internal.runtime.ScriptFunction.invoke(ScriptFunction.java:494)
	at jdk.nashorn.internal.runtime.ScriptRuntime.apply(ScriptRuntime.java:393)
	... 60 more
... Removed 71 stack frames]]>
    </failure>
  </testcase> <!-- feature -->
  <testcase name="feature" time="5.943" classname="com.intuit.karate.testng.KarateTestngTest"/>
  <testcase name="feature" time="1.071" classname="com.intuit.karate.testng.KarateTestngTest"/>
  <testcase name="feature" time="0.074" classname="com.intuit.karate.testng.KarateTestngTest">
    <failure type="cucumber.runtime.CucumberException" message="java.lang.RuntimeException: javascript evaluation failed: read(&amp;apos;classpath:file-utils.js&amp;apos;)">
      <![CDATA[cucumber.runtime.CucumberException: java.lang.RuntimeException: javascript evaluation failed: read('classpath:file-utils.js')
	at com.intuit.karate.testng.KarateRunner.feature(KarateRunner.java:61)
Caused by: java.lang.RuntimeException: javascript evaluation failed: read('classpath:file-utils.js')
	at com.intuit.karate.Script.evalInNashorn(Script.java:383)
	at com.intuit.karate.Script.evalInNashorn(Script.java:358)
	at com.intuit.karate.Script.eval(Script.java:269)
	at com.intuit.karate.Script.eval(Script.java:182)
	at com.intuit.karate.Script.call(Script.java:1254)
	at com.intuit.karate.Script.eval(Script.java:223)
	at com.intuit.karate.Script.eval(Script.java:182)
	at com.intuit.karate.Script.assign(Script.java:606)
	at com.intuit.karate.Script.assign(Script.java:537)
	at com.intuit.karate.StepDefs.def(StepDefs.java:268)
	at ✽.* def text = call read('classpath:file-utils.js') 'relative.txt'(com/intuit/karate/testng/files/working-dir.feature:5)
Caused by: com.intuit.karate.exception.KarateFileNotFoundException: file not found: file-utils.js, classpath: true
	at com.intuit.karate.FileUtils.readFileAsString(FileUtils.java:89)
	at com.intuit.karate.FileUtils.readFile(FileUtils.java:65)
	at jdk.nashorn.internal.scripts.Script$Recompilation$531$15A$\^eval\_.L:1(<eval>:3)
	at jdk.nashorn.internal.runtime.ScriptFunctionData.invoke(ScriptFunctionData.java:639)
	at jdk.nashorn.internal.runtime.ScriptFunction.invoke(ScriptFunction.java:494)
	at jdk.nashorn.internal.runtime.ScriptRuntime.apply(ScriptRuntime.java:393)
	at jdk.nashorn.api.scripting.ScriptObjectMirror.call(ScriptObjectMirror.java:117)
	at jdk.nashorn.internal.scripts.Script$536$\^eval\_.:program(<eval>:1)
	at jdk.nashorn.internal.runtime.ScriptFunctionData.invoke(ScriptFunctionData.java:637)
	at jdk.nashorn.internal.runtime.ScriptFunction.invoke(ScriptFunction.java:494)
	at jdk.nashorn.internal.runtime.ScriptRuntime.apply(ScriptRuntime.java:393)
	at jdk.nashorn.api.scripting.NashornScriptEngine.evalImpl(NashornScriptEngine.java:446)
	at jdk.nashorn.api.scripting.NashornScriptEngine.evalImpl(NashornScriptEngine.java:403)
	at jdk.nashorn.api.scripting.NashornScriptEngine.evalImpl(NashornScriptEngine.java:399)
	at jdk.nashorn.api.scripting.NashornScriptEngine.eval(NashornScriptEngine.java:155)
	at javax.script.AbstractScriptEngine.eval(AbstractScriptEngine.java:264)
	at com.intuit.karate.Script.evalInNashorn(Script.java:379)
	at com.intuit.karate.Script.evalInNashorn(Script.java:358)
	at com.intuit.karate.Script.eval(Script.java:269)
	at com.intuit.karate.Script.eval(Script.java:182)
	at com.intuit.karate.Script.call(Script.java:1254)
	at com.intuit.karate.Script.eval(Script.java:223)
	at com.intuit.karate.Script.eval(Script.java:182)
	at com.intuit.karate.Script.assign(Script.java:606)
	at com.intuit.karate.Script.assign(Script.java:537)
	at com.intuit.karate.StepDefs.def(StepDefs.java:268)
	at cucumber.runtime.Utils$1.call(Utils.java:40)
	at cucumber.runtime.Timeout.timeout(Timeout.java:16)
	at cucumber.runtime.Utils.invoke(Utils.java:34)
	at cucumber.runtime.java.JavaStepDefinition.execute(JavaStepDefinition.java:38)
	at cucumber.runtime.StepDefinitionMatch.runStep(StepDefinitionMatch.java:37)
	at cucumber.runtime.Runtime.runStep(Runtime.java:300)
	at cucumber.runtime.model.StepContainer.runStep(StepContainer.java:44)
	at cucumber.runtime.model.StepContainer.runSteps(StepContainer.java:39)
	at cucumber.runtime.model.CucumberScenario.run(CucumberScenario.java:44)
	at cucumber.runtime.model.CucumberFeature.run(CucumberFeature.java:165)
	at com.intuit.karate.testng.KarateRunner.feature(KarateRunner.java:59)
... Removed 71 stack frames]]>
    </failure>
  </testcase> <!-- feature -->
  <testcase name="feature" time="0.104" classname="com.intuit.karate.testng.KarateTestngTest">
    <failure type="cucumber.runtime.CucumberException" message="java.lang.RuntimeException: failed to construct class by name: java.lang.ClassNotFoundException: com.intuit.karate.junit4.http.DummyHttpClient, aborting">
      <![CDATA[cucumber.runtime.CucumberException: java.lang.RuntimeException: failed to construct class by name: java.lang.ClassNotFoundException: com.intuit.karate.junit4.http.DummyHttpClient, aborting
	at com.intuit.karate.testng.KarateRunner.feature(KarateRunner.java:61)
Caused by: java.lang.RuntimeException: failed to construct class by name: java.lang.ClassNotFoundException: com.intuit.karate.junit4.http.DummyHttpClient, aborting
	at com.intuit.karate.http.HttpClient.construct(HttpClient.java:261)
	at com.intuit.karate.ScriptContext.configure(ScriptContext.java:172)
	at com.intuit.karate.ScriptContext.configure(ScriptContext.java:144)
	at com.intuit.karate.StepDefs.configure(StepDefs.java:102)
	at ✽.* configure httpClientClass = 'com.intuit.karate.junit4.http.DummyHttpClient'(com/intuit/karate/testng/http/dummy-http-client.feature:4)
... Removed 34 stack frames]]>
    </failure>
  </testcase> <!-- feature -->
  <testcase name="feature" time="0.245" classname="com.intuit.karate.testng.KarateTestngTest"/>
  <testcase name="feature" time="0.606" classname="com.intuit.karate.testng.KarateTestngTest"/>
  <testcase name="testParallel" time="12.814" classname="com.intuit.karate.testng.KarateTestngTest">
    <failure type="java.lang.AssertionError" message="expected [false] but found [there are scenario failures]">
      <![CDATA[java.lang.AssertionError: expected [false] but found [there are scenario failures]
	at com.intuit.karate.testng.KarateRunner.testParallel(KarateRunner.java:71)
... Removed 39 stack frames]]>
    </failure>
  </testcase> <!-- testParallel -->
</testsuite> <!-- Command line test -->
