<?xml version="1.0" encoding="UTF-8" standalone="no"?>
<testsuite failures="1" name="test working directory edge cases" skipped="0" tests="1" time="0.071541">
<testcase classname="com.intuit.karate.testng.files.working-dir" name="a called script still knows what the working directory is" time="0.071541">
<failure message="java.lang.RuntimeException: javascript evaluation failed: read('classpath:file-utils.js')&#13;&#10;&#9;at com.intuit.karate.Script.evalInNashorn(Script.java:383)&#13;&#10;&#9;at com.intuit.karate.Script.evalInNashorn(Script.java:358)&#13;&#10;&#9;at com.intuit.karate.Script.eval(Script.java:269)&#13;&#10;&#9;at com.intuit.karate.Script.eval(Script.java:182)&#13;&#10;&#9;at com.intuit.karate.Script.call(Script.java:1254)&#13;&#10;&#9;at com.intuit.karate.Script.eval(Script.java:223)&#13;&#10;&#9;at com.intuit.karate.Script.eval(Script.java:182)&#13;&#10;&#9;at com.intuit.karate.Script.assign(Script.java:606)&#13;&#10;&#9;at com.intuit.karate.Script.assign(Script.java:537)&#13;&#10;&#9;at com.intuit.karate.StepDefs.def(StepDefs.java:268)&#13;&#10;&#9;at ✽.* def text = call read('classpath:file-utils.js') 'relative.txt'(com/intuit/karate/testng/files/working-dir.feature:5)&#13;&#10;Caused by: com.intuit.karate.exception.KarateFileNotFoundException: file not found: file-utils.js, classpath: true&#13;&#10;&#9;at com.intuit.karate.FileUtils.readFileAsString(FileUtils.java:89)&#13;&#10;&#9;at com.intuit.karate.FileUtils.readFile(FileUtils.java:65)&#13;&#10;&#9;at jdk.nashorn.internal.scripts.Script$Recompilation$1053$15A$\^eval\_.L:1(&lt;eval&gt;:3)&#13;&#10;&#9;at jdk.nashorn.internal.runtime.ScriptFunctionData.invoke(ScriptFunctionData.java:639)&#13;&#10;&#9;at jdk.nashorn.internal.runtime.ScriptFunction.invoke(ScriptFunction.java:494)&#13;&#10;&#9;at jdk.nashorn.internal.runtime.ScriptRuntime.apply(ScriptRuntime.java:393)&#13;&#10;&#9;at jdk.nashorn.api.scripting.ScriptObjectMirror.call(ScriptObjectMirror.java:117)&#13;&#10;&#9;at jdk.nashorn.internal.scripts.Script$1062$\^eval\_.:program(&lt;eval&gt;:1)&#13;&#10;&#9;at jdk.nashorn.internal.runtime.ScriptFunctionData.invoke(ScriptFunctionData.java:637)&#13;&#10;&#9;at jdk.nashorn.internal.runtime.ScriptFunction.invoke(ScriptFunction.java:494)&#13;&#10;&#9;at jdk.nashorn.internal.runtime.ScriptRuntime.apply(ScriptRuntime.java:393)&#13;&#10;&#9;at jdk.nashorn.api.scripting.NashornScriptEngine.evalImpl(NashornScriptEngine.java:446)&#13;&#10;&#9;at jdk.nashorn.api.scripting.NashornScriptEngine.evalImpl(NashornScriptEngine.java:403)&#13;&#10;&#9;at jdk.nashorn.api.scripting.NashornScriptEngine.evalImpl(NashornScriptEngine.java:399)&#13;&#10;&#9;at jdk.nashorn.api.scripting.NashornScriptEngine.eval(NashornScriptEngine.java:155)&#13;&#10;&#9;at javax.script.AbstractScriptEngine.eval(AbstractScriptEngine.java:264)&#13;&#10;&#9;at com.intuit.karate.Script.evalInNashorn(Script.java:379)&#13;&#10;&#9;at com.intuit.karate.Script.evalInNashorn(Script.java:358)&#13;&#10;&#9;at com.intuit.karate.Script.eval(Script.java:269)&#13;&#10;&#9;at com.intuit.karate.Script.eval(Script.java:182)&#13;&#10;&#9;at com.intuit.karate.Script.call(Script.java:1254)&#13;&#10;&#9;at com.intuit.karate.Script.eval(Script.java:223)&#13;&#10;&#9;at com.intuit.karate.Script.eval(Script.java:182)&#13;&#10;&#9;at com.intuit.karate.Script.assign(Script.java:606)&#13;&#10;&#9;at com.intuit.karate.Script.assign(Script.java:537)&#13;&#10;&#9;at com.intuit.karate.StepDefs.def(StepDefs.java:268)&#13;&#10;&#9;at sun.reflect.GeneratedMethodAccessor9.invoke(Unknown Source)&#13;&#10;&#9;at sun.reflect.DelegatingMethodAccessorImpl.invoke(DelegatingMethodAccessorImpl.java:43)&#13;&#10;&#9;at java.lang.reflect.Method.invoke(Method.java:498)&#13;&#10;&#9;at cucumber.runtime.Utils$1.call(Utils.java:40)&#13;&#10;&#9;at cucumber.runtime.Timeout.timeout(Timeout.java:16)&#13;&#10;&#9;at cucumber.runtime.Utils.invoke(Utils.java:34)&#13;&#10;&#9;at cucumber.runtime.java.JavaStepDefinition.execute(JavaStepDefinition.java:38)&#13;&#10;&#9;at cucumber.runtime.StepDefinitionMatch.runStep(StepDefinitionMatch.java:37)&#13;&#10;&#9;at cucumber.runtime.Runtime.runStep(Runtime.java:300)&#13;&#10;&#9;at cucumber.runtime.model.StepContainer.runStep(StepContainer.java:44)&#13;&#10;&#9;at cucumber.runtime.model.StepContainer.runSteps(StepContainer.java:39)&#13;&#10;&#9;at cucumber.runtime.model.CucumberScenario.run(CucumberScenario.java:44)&#13;&#10;&#9;at cucumber.runtime.model.CucumberFeature.run(CucumberFeature.java:165)&#13;&#10;&#9;at com.intuit.karate.cucumber.CucumberRunner.run(CucumberRunner.java:149)&#13;&#10;&#9;at com.intuit.karate.cucumber.CucumberRunner.lambda$parallel$0(CucumberRunner.java:201)&#13;&#10;&#9;at java.util.concurrent.FutureTask.run(FutureTask.java:266)&#13;&#10;&#9;at java.util.concurrent.ThreadPoolExecutor.runWorker(ThreadPoolExecutor.java:1142)&#13;&#10;&#9;at java.util.concurrent.ThreadPoolExecutor$Worker.run(ThreadPoolExecutor.java:617)&#13;&#10;&#9;at java.lang.Thread.run(Thread.java:745)&#13;&#10;"><![CDATA[* def text = call read('classpath:file-utils.js') 'relative.txt'............failed
* match text == 'hello world'...............................................skipped

StackTrace:
java.lang.RuntimeException: javascript evaluation failed: read('classpath:file-utils.js')
	at com.intuit.karate.Script.evalInNashorn(Script.java:383)
	at com.intuit.karate.Script.evalInNashorn(Script.java:358)
	at com.intuit.karate.Script.eval(Script.java:269)
	at com.intuit.karate.Script.eval(Script.java:182)
	at com.intuit.karate.Script.call(Script.java:1254)
	at com.intuit.karate.Script.eval(Script.java:223)
	at com.intuit.karate.Script.eval(Script.java:182)
	at com.intuit.karate.Script.assign(Script.java:606)
	at com.intuit.karate.Script.assign(Script.java:537)
	at com.intuit.karate.StepDefs.def(StepDefs.java:268)
	at ✽.* def text = call read('classpath:file-utils.js') 'relative.txt'(com/intuit/karate/testng/files/working-dir.feature:5)
Caused by: com.intuit.karate.exception.KarateFileNotFoundException: file not found: file-utils.js, classpath: true
	at com.intuit.karate.FileUtils.readFileAsString(FileUtils.java:89)
	at com.intuit.karate.FileUtils.readFile(FileUtils.java:65)
	at jdk.nashorn.internal.scripts.Script$Recompilation$1053$15A$\^eval\_.L:1(<eval>:3)
	at jdk.nashorn.internal.runtime.ScriptFunctionData.invoke(ScriptFunctionData.java:639)
	at jdk.nashorn.internal.runtime.ScriptFunction.invoke(ScriptFunction.java:494)
	at jdk.nashorn.internal.runtime.ScriptRuntime.apply(ScriptRuntime.java:393)
	at jdk.nashorn.api.scripting.ScriptObjectMirror.call(ScriptObjectMirror.java:117)
	at jdk.nashorn.internal.scripts.Script$1062$\^eval\_.:program(<eval>:1)
	at jdk.nashorn.internal.runtime.ScriptFunctionData.invoke(ScriptFunctionData.java:637)
	at jdk.nashorn.internal.runtime.ScriptFunction.invoke(ScriptFunction.java:494)
	at jdk.nashorn.internal.runtime.ScriptRuntime.apply(ScriptRuntime.java:393)
	at jdk.nashorn.api.scripting.NashornScriptEngine.evalImpl(NashornScriptEngine.java:446)
	at jdk.nashorn.api.scripting.NashornScriptEngine.evalImpl(NashornScriptEngine.java:403)
	at jdk.nashorn.api.scripting.NashornScriptEngine.evalImpl(NashornScriptEngine.java:399)
	at jdk.nashorn.api.scripting.NashornScriptEngine.eval(NashornScriptEngine.java:155)
	at javax.script.AbstractScriptEngine.eval(AbstractScriptEngine.java:264)
	at com.intuit.karate.Script.evalInNashorn(Script.java:379)
	at com.intuit.karate.Script.evalInNashorn(Script.java:358)
	at com.intuit.karate.Script.eval(Script.java:269)
	at com.intuit.karate.Script.eval(Script.java:182)
	at com.intuit.karate.Script.call(Script.java:1254)
	at com.intuit.karate.Script.eval(Script.java:223)
	at com.intuit.karate.Script.eval(Script.java:182)
	at com.intuit.karate.Script.assign(Script.java:606)
	at com.intuit.karate.Script.assign(Script.java:537)
	at com.intuit.karate.StepDefs.def(StepDefs.java:268)
	at sun.reflect.GeneratedMethodAccessor9.invoke(Unknown Source)
	at sun.reflect.DelegatingMethodAccessorImpl.invoke(DelegatingMethodAccessorImpl.java:43)
	at java.lang.reflect.Method.invoke(Method.java:498)
	at cucumber.runtime.Utils$1.call(Utils.java:40)
	at cucumber.runtime.Timeout.timeout(Timeout.java:16)
	at cucumber.runtime.Utils.invoke(Utils.java:34)
	at cucumber.runtime.java.JavaStepDefinition.execute(JavaStepDefinition.java:38)
	at cucumber.runtime.StepDefinitionMatch.runStep(StepDefinitionMatch.java:37)
	at cucumber.runtime.Runtime.runStep(Runtime.java:300)
	at cucumber.runtime.model.StepContainer.runStep(StepContainer.java:44)
	at cucumber.runtime.model.StepContainer.runSteps(StepContainer.java:39)
	at cucumber.runtime.model.CucumberScenario.run(CucumberScenario.java:44)
	at cucumber.runtime.model.CucumberFeature.run(CucumberFeature.java:165)
	at com.intuit.karate.cucumber.CucumberRunner.run(CucumberRunner.java:149)
	at com.intuit.karate.cucumber.CucumberRunner.lambda$parallel$0(CucumberRunner.java:201)
	at java.util.concurrent.FutureTask.run(FutureTask.java:266)
	at java.util.concurrent.ThreadPoolExecutor.runWorker(ThreadPoolExecutor.java:1142)
	at java.util.concurrent.ThreadPoolExecutor$Worker.run(ThreadPoolExecutor.java:617)
	at java.lang.Thread.run(Thread.java:745)
]]></failure>
</testcase>
</testsuite>
