<?xml version="1.0" encoding="UTF-8" standalone="no"?>
<testsuite failures="2" name="com.intuit.karate.testng.demos.call-once" skipped="0" tests="2" time="0.345926">
<testcase classname="com.intuit.karate.testng.demos.call-once" name="generate random string (1)" time="0.232314">
<failure message="java.lang.RuntimeException: javascript evaluation failed: Java.type('com.intuit.karate.junit4.demos.CallOnceHelper')&#13;&#10;&#9;at com.intuit.karate.Script.evalInNashorn(Script.java:383)&#13;&#10;&#9;at com.intuit.karate.Script.evalInNashorn(Script.java:358)&#13;&#10;&#9;at com.intuit.karate.Script.eval(Script.java:269)&#13;&#10;&#9;at com.intuit.karate.Script.eval(Script.java:182)&#13;&#10;&#9;at com.intuit.karate.Script.assign(Script.java:606)&#13;&#10;&#9;at com.intuit.karate.Script.assign(Script.java:537)&#13;&#10;&#9;at com.intuit.karate.StepDefs.def(StepDefs.java:268)&#13;&#10;&#9;at ✽.* def helper = Java.type('com.intuit.karate.junit4.demos.CallOnceHelper')(com/intuit/karate/testng/demos/call-once.feature:4)&#13;&#10;Caused by: java.lang.RuntimeException: java.lang.ClassNotFoundException: com.intuit.karate.junit4.demos.CallOnceHelper&#13;&#10;&#9;at jdk.nashorn.internal.runtime.ScriptRuntime.apply(ScriptRuntime.java:397)&#13;&#10;&#9;at jdk.nashorn.api.scripting.NashornScriptEngine.evalImpl(NashornScriptEngine.java:446)&#13;&#10;&#9;at jdk.nashorn.api.scripting.NashornScriptEngine.evalImpl(NashornScriptEngine.java:403)&#13;&#10;&#9;at jdk.nashorn.api.scripting.NashornScriptEngine.evalImpl(NashornScriptEngine.java:399)&#13;&#10;&#9;at jdk.nashorn.api.scripting.NashornScriptEngine.eval(NashornScriptEngine.java:155)&#13;&#10;&#9;at javax.script.AbstractScriptEngine.eval(AbstractScriptEngine.java:264)&#13;&#10;&#9;at com.intuit.karate.Script.evalInNashorn(Script.java:379)&#13;&#10;&#9;at com.intuit.karate.Script.evalInNashorn(Script.java:358)&#13;&#10;&#9;at com.intuit.karate.Script.eval(Script.java:269)&#13;&#10;&#9;at com.intuit.karate.Script.eval(Script.java:182)&#13;&#10;&#9;at com.intuit.karate.Script.assign(Script.java:606)&#13;&#10;&#9;at com.intuit.karate.Script.assign(Script.java:537)&#13;&#10;&#9;at com.intuit.karate.StepDefs.def(StepDefs.java:268)&#13;&#10;&#9;at sun.reflect.GeneratedMethodAccessor9.invoke(Unknown Source)&#13;&#10;&#9;at sun.reflect.DelegatingMethodAccessorImpl.invoke(DelegatingMethodAccessorImpl.java:43)&#13;&#10;&#9;at java.lang.reflect.Method.invoke(Method.java:498)&#13;&#10;&#9;at cucumber.runtime.Utils$1.call(Utils.java:40)&#13;&#10;&#9;at cucumber.runtime.Timeout.timeout(Timeout.java:16)&#13;&#10;&#9;at cucumber.runtime.Utils.invoke(Utils.java:34)&#13;&#10;&#9;at cucumber.runtime.java.JavaStepDefinition.execute(JavaStepDefinition.java:38)&#13;&#10;&#9;at cucumber.runtime.StepDefinitionMatch.runStep(StepDefinitionMatch.java:37)&#13;&#10;&#9;at cucumber.runtime.Runtime.runStep(Runtime.java:300)&#13;&#10;&#9;at cucumber.runtime.model.StepContainer.runStep(StepContainer.java:44)&#13;&#10;&#9;at cucumber.runtime.model.StepContainer.runSteps(StepContainer.java:39)&#13;&#10;&#9;at cucumber.runtime.model.CucumberScenario.runBackground(CucumberScenario.java:59)&#13;&#10;&#9;at cucumber.runtime.model.CucumberScenario.run(CucumberScenario.java:42)&#13;&#10;&#9;at cucumber.runtime.model.CucumberScenarioOutline.run(CucumberScenarioOutline.java:46)&#13;&#10;&#9;at cucumber.runtime.model.CucumberFeature.run(CucumberFeature.java:165)&#13;&#10;&#9;at com.intuit.karate.cucumber.CucumberRunner.run(CucumberRunner.java:149)&#13;&#10;&#9;at com.intuit.karate.cucumber.CucumberRunner.lambda$parallel$0(CucumberRunner.java:201)&#13;&#10;&#9;at java.util.concurrent.FutureTask.run(FutureTask.java:266)&#13;&#10;&#9;at java.util.concurrent.ThreadPoolExecutor.runWorker(ThreadPoolExecutor.java:1142)&#13;&#10;&#9;at java.util.concurrent.ThreadPoolExecutor$Worker.run(ThreadPoolExecutor.java:617)&#13;&#10;&#9;at java.lang.Thread.run(Thread.java:745)&#13;&#10;Caused by: java.lang.ClassNotFoundException: com.intuit.karate.junit4.demos.CallOnceHelper&#13;&#10;&#9;at java.net.URLClassLoader.findClass(URLClassLoader.java:381)&#13;&#10;&#9;at java.lang.ClassLoader.loadClass(ClassLoader.java:424)&#13;&#10;&#9;at sun.misc.Launcher$AppClassLoader.loadClass(Launcher.java:331)&#13;&#10;&#9;at java.lang.ClassLoader.loadClass(ClassLoader.java:357)&#13;&#10;&#9;at java.lang.Class.forName0(Native Method)&#13;&#10;&#9;at java.lang.Class.forName(Class.java:348)&#13;&#10;&#9;at jdk.nashorn.internal.runtime.Context.findClass(Context.java:1057)&#13;&#10;&#9;at jdk.nashorn.internal.objects.NativeJava.simpleType(NativeJava.java:498)&#13;&#10;&#9;at jdk.nashorn.internal.objects.NativeJava.type(NativeJava.java:322)&#13;&#10;&#9;at jdk.nashorn.internal.objects.NativeJava.type(NativeJava.java:314)&#13;&#10;&#9;at jdk.nashorn.internal.objects.NativeJava.type(NativeJava.java:310)&#13;&#10;&#9;at jdk.nashorn.internal.scripts.Script$643$\^eval\_.:program(&lt;eval&gt;:1)&#13;&#10;&#9;at jdk.nashorn.internal.runtime.ScriptFunctionData.invoke(ScriptFunctionData.java:637)&#13;&#10;&#9;at jdk.nashorn.internal.runtime.ScriptFunction.invoke(ScriptFunction.java:494)&#13;&#10;&#9;at jdk.nashorn.internal.runtime.ScriptRuntime.apply(ScriptRuntime.java:393)&#13;&#10;&#9;... 33 more&#13;&#10;"><![CDATA[* def helper = Java.type('com.intuit.karate.junit4.demos.CallOnceHelper')...failed
* def fun = function(){ return Math.random().toString(36).substr(2, 10) }...skipped
* def result = callonce fun.................................................skipped
* print 'first: ' + result..................................................skipped
* assert helper.isEqualToPrevious(result)...................................skipped

StackTrace:
java.lang.RuntimeException: javascript evaluation failed: Java.type('com.intuit.karate.junit4.demos.CallOnceHelper')
	at com.intuit.karate.Script.evalInNashorn(Script.java:383)
	at com.intuit.karate.Script.evalInNashorn(Script.java:358)
	at com.intuit.karate.Script.eval(Script.java:269)
	at com.intuit.karate.Script.eval(Script.java:182)
	at com.intuit.karate.Script.assign(Script.java:606)
	at com.intuit.karate.Script.assign(Script.java:537)
	at com.intuit.karate.StepDefs.def(StepDefs.java:268)
	at ✽.* def helper = Java.type('com.intuit.karate.junit4.demos.CallOnceHelper')(com/intuit/karate/testng/demos/call-once.feature:4)
Caused by: java.lang.RuntimeException: java.lang.ClassNotFoundException: com.intuit.karate.junit4.demos.CallOnceHelper
	at jdk.nashorn.internal.runtime.ScriptRuntime.apply(ScriptRuntime.java:397)
	at jdk.nashorn.api.scripting.NashornScriptEngine.evalImpl(NashornScriptEngine.java:446)
	at jdk.nashorn.api.scripting.NashornScriptEngine.evalImpl(NashornScriptEngine.java:403)
	at jdk.nashorn.api.scripting.NashornScriptEngine.evalImpl(NashornScriptEngine.java:399)
	at jdk.nashorn.api.scripting.NashornScriptEngine.eval(NashornScriptEngine.java:155)
	at javax.script.AbstractScriptEngine.eval(AbstractScriptEngine.java:264)
	at com.intuit.karate.Script.evalInNashorn(Script.java:379)
	at com.intuit.karate.Script.evalInNashorn(Script.java:358)
	at com.intuit.karate.Script.eval(Script.java:269)
	at com.intuit.karate.Script.eval(Script.java:182)
	at com.intuit.karate.Script.assign(Script.java:606)
	at com.intuit.karate.Script.assign(Script.java:537)
	at com.intuit.karate.StepDefs.def(StepDefs.java:268)
	at sun.reflect.GeneratedMethodAccessor9.invoke(Unknown Source)
	at sun.reflect.DelegatingMethodAccessorImpl.invoke(DelegatingMethodAccessorImpl.java:43)
	at java.lang.reflect.Method.invoke(Method.java:498)
	at cucumber.runtime.Utils$1.call(Utils.java:40)
	at cucumber.runtime.Timeout.timeout(Timeout.java:16)
	at cucumber.runtime.Utils.invoke(Utils.java:34)
	at cucumber.runtime.java.JavaStepDefinition.execute(JavaStepDefinition.java:38)
	at cucumber.runtime.StepDefinitionMatch.runStep(StepDefinitionMatch.java:37)
	at cucumber.runtime.Runtime.runStep(Runtime.java:300)
	at cucumber.runtime.model.StepContainer.runStep(StepContainer.java:44)
	at cucumber.runtime.model.StepContainer.runSteps(StepContainer.java:39)
	at cucumber.runtime.model.CucumberScenario.runBackground(CucumberScenario.java:59)
	at cucumber.runtime.model.CucumberScenario.run(CucumberScenario.java:42)
	at cucumber.runtime.model.CucumberScenarioOutline.run(CucumberScenarioOutline.java:46)
	at cucumber.runtime.model.CucumberFeature.run(CucumberFeature.java:165)
	at com.intuit.karate.cucumber.CucumberRunner.run(CucumberRunner.java:149)
	at com.intuit.karate.cucumber.CucumberRunner.lambda$parallel$0(CucumberRunner.java:201)
	at java.util.concurrent.FutureTask.run(FutureTask.java:266)
	at java.util.concurrent.ThreadPoolExecutor.runWorker(ThreadPoolExecutor.java:1142)
	at java.util.concurrent.ThreadPoolExecutor$Worker.run(ThreadPoolExecutor.java:617)
	at java.lang.Thread.run(Thread.java:745)
Caused by: java.lang.ClassNotFoundException: com.intuit.karate.junit4.demos.CallOnceHelper
	at java.net.URLClassLoader.findClass(URLClassLoader.java:381)
	at java.lang.ClassLoader.loadClass(ClassLoader.java:424)
	at sun.misc.Launcher$AppClassLoader.loadClass(Launcher.java:331)
	at java.lang.ClassLoader.loadClass(ClassLoader.java:357)
	at java.lang.Class.forName0(Native Method)
	at java.lang.Class.forName(Class.java:348)
	at jdk.nashorn.internal.runtime.Context.findClass(Context.java:1057)
	at jdk.nashorn.internal.objects.NativeJava.simpleType(NativeJava.java:498)
	at jdk.nashorn.internal.objects.NativeJava.type(NativeJava.java:322)
	at jdk.nashorn.internal.objects.NativeJava.type(NativeJava.java:314)
	at jdk.nashorn.internal.objects.NativeJava.type(NativeJava.java:310)
	at jdk.nashorn.internal.scripts.Script$643$\^eval\_.:program(<eval>:1)
	at jdk.nashorn.internal.runtime.ScriptFunctionData.invoke(ScriptFunctionData.java:637)
	at jdk.nashorn.internal.runtime.ScriptFunction.invoke(ScriptFunction.java:494)
	at jdk.nashorn.internal.runtime.ScriptRuntime.apply(ScriptRuntime.java:393)
	... 33 more
]]></failure>
</testcase>
<testcase classname="com.intuit.karate.testng.demos.call-once" name="generate random string (2)" time="0.113612">
<failure message="java.lang.RuntimeException: javascript evaluation failed: Java.type('com.intuit.karate.junit4.demos.CallOnceHelper')&#13;&#10;&#9;at com.intuit.karate.Script.evalInNashorn(Script.java:383)&#13;&#10;&#9;at com.intuit.karate.Script.evalInNashorn(Script.java:358)&#13;&#10;&#9;at com.intuit.karate.Script.eval(Script.java:269)&#13;&#10;&#9;at com.intuit.karate.Script.eval(Script.java:182)&#13;&#10;&#9;at com.intuit.karate.Script.assign(Script.java:606)&#13;&#10;&#9;at com.intuit.karate.Script.assign(Script.java:537)&#13;&#10;&#9;at com.intuit.karate.StepDefs.def(StepDefs.java:268)&#13;&#10;&#9;at ✽.* def helper = Java.type('com.intuit.karate.junit4.demos.CallOnceHelper')(com/intuit/karate/testng/demos/call-once.feature:4)&#13;&#10;Caused by: java.lang.RuntimeException: java.lang.ClassNotFoundException: com.intuit.karate.junit4.demos.CallOnceHelper&#13;&#10;&#9;at jdk.nashorn.internal.runtime.ScriptRuntime.apply(ScriptRuntime.java:397)&#13;&#10;&#9;at jdk.nashorn.api.scripting.NashornScriptEngine.evalImpl(NashornScriptEngine.java:446)&#13;&#10;&#9;at jdk.nashorn.api.scripting.NashornScriptEngine.evalImpl(NashornScriptEngine.java:403)&#13;&#10;&#9;at jdk.nashorn.api.scripting.NashornScriptEngine.evalImpl(NashornScriptEngine.java:399)&#13;&#10;&#9;at jdk.nashorn.api.scripting.NashornScriptEngine.eval(NashornScriptEngine.java:155)&#13;&#10;&#9;at javax.script.AbstractScriptEngine.eval(AbstractScriptEngine.java:264)&#13;&#10;&#9;at com.intuit.karate.Script.evalInNashorn(Script.java:379)&#13;&#10;&#9;at com.intuit.karate.Script.evalInNashorn(Script.java:358)&#13;&#10;&#9;at com.intuit.karate.Script.eval(Script.java:269)&#13;&#10;&#9;at com.intuit.karate.Script.eval(Script.java:182)&#13;&#10;&#9;at com.intuit.karate.Script.assign(Script.java:606)&#13;&#10;&#9;at com.intuit.karate.Script.assign(Script.java:537)&#13;&#10;&#9;at com.intuit.karate.StepDefs.def(StepDefs.java:268)&#13;&#10;&#9;at sun.reflect.GeneratedMethodAccessor9.invoke(Unknown Source)&#13;&#10;&#9;at sun.reflect.DelegatingMethodAccessorImpl.invoke(DelegatingMethodAccessorImpl.java:43)&#13;&#10;&#9;at java.lang.reflect.Method.invoke(Method.java:498)&#13;&#10;&#9;at cucumber.runtime.Utils$1.call(Utils.java:40)&#13;&#10;&#9;at cucumber.runtime.Timeout.timeout(Timeout.java:16)&#13;&#10;&#9;at cucumber.runtime.Utils.invoke(Utils.java:34)&#13;&#10;&#9;at cucumber.runtime.java.JavaStepDefinition.execute(JavaStepDefinition.java:38)&#13;&#10;&#9;at cucumber.runtime.StepDefinitionMatch.runStep(StepDefinitionMatch.java:37)&#13;&#10;&#9;at cucumber.runtime.Runtime.runStep(Runtime.java:300)&#13;&#10;&#9;at cucumber.runtime.model.StepContainer.runStep(StepContainer.java:44)&#13;&#10;&#9;at cucumber.runtime.model.StepContainer.runSteps(StepContainer.java:39)&#13;&#10;&#9;at cucumber.runtime.model.CucumberScenario.runBackground(CucumberScenario.java:59)&#13;&#10;&#9;at cucumber.runtime.model.CucumberScenario.run(CucumberScenario.java:42)&#13;&#10;&#9;at cucumber.runtime.model.CucumberScenarioOutline.run(CucumberScenarioOutline.java:46)&#13;&#10;&#9;at cucumber.runtime.model.CucumberFeature.run(CucumberFeature.java:165)&#13;&#10;&#9;at com.intuit.karate.cucumber.CucumberRunner.run(CucumberRunner.java:149)&#13;&#10;&#9;at com.intuit.karate.cucumber.CucumberRunner.lambda$parallel$0(CucumberRunner.java:201)&#13;&#10;&#9;at java.util.concurrent.FutureTask.run(FutureTask.java:266)&#13;&#10;&#9;at java.util.concurrent.ThreadPoolExecutor.runWorker(ThreadPoolExecutor.java:1142)&#13;&#10;&#9;at java.util.concurrent.ThreadPoolExecutor$Worker.run(ThreadPoolExecutor.java:617)&#13;&#10;&#9;at java.lang.Thread.run(Thread.java:745)&#13;&#10;Caused by: java.lang.ClassNotFoundException: com.intuit.karate.junit4.demos.CallOnceHelper&#13;&#10;&#9;at java.net.URLClassLoader.findClass(URLClassLoader.java:381)&#13;&#10;&#9;at java.lang.ClassLoader.loadClass(ClassLoader.java:424)&#13;&#10;&#9;at sun.misc.Launcher$AppClassLoader.loadClass(Launcher.java:331)&#13;&#10;&#9;at java.lang.ClassLoader.loadClass(ClassLoader.java:357)&#13;&#10;&#9;at java.lang.Class.forName0(Native Method)&#13;&#10;&#9;at java.lang.Class.forName(Class.java:348)&#13;&#10;&#9;at jdk.nashorn.internal.runtime.Context.findClass(Context.java:1057)&#13;&#10;&#9;at jdk.nashorn.internal.objects.NativeJava.simpleType(NativeJava.java:498)&#13;&#10;&#9;at jdk.nashorn.internal.objects.NativeJava.type(NativeJava.java:322)&#13;&#10;&#9;at jdk.nashorn.internal.objects.NativeJava.type(NativeJava.java:314)&#13;&#10;&#9;at jdk.nashorn.internal.objects.NativeJava.type(NativeJava.java:310)&#13;&#10;&#9;at jdk.nashorn.internal.scripts.Script$684$\^eval\_.:program(&lt;eval&gt;:1)&#13;&#10;&#9;at jdk.nashorn.internal.runtime.ScriptFunctionData.invoke(ScriptFunctionData.java:637)&#13;&#10;&#9;at jdk.nashorn.internal.runtime.ScriptFunction.invoke(ScriptFunction.java:494)&#13;&#10;&#9;at jdk.nashorn.internal.runtime.ScriptRuntime.apply(ScriptRuntime.java:393)&#13;&#10;&#9;... 33 more&#13;&#10;"><![CDATA[* def helper = Java.type('com.intuit.karate.junit4.demos.CallOnceHelper')...failed
* def fun = function(){ return Math.random().toString(36).substr(2, 10) }...skipped
* def result = callonce fun.................................................skipped
* print 'second: ' + result.................................................skipped
* assert helper.isEqualToPrevious(result)...................................skipped

StackTrace:
java.lang.RuntimeException: javascript evaluation failed: Java.type('com.intuit.karate.junit4.demos.CallOnceHelper')
	at com.intuit.karate.Script.evalInNashorn(Script.java:383)
	at com.intuit.karate.Script.evalInNashorn(Script.java:358)
	at com.intuit.karate.Script.eval(Script.java:269)
	at com.intuit.karate.Script.eval(Script.java:182)
	at com.intuit.karate.Script.assign(Script.java:606)
	at com.intuit.karate.Script.assign(Script.java:537)
	at com.intuit.karate.StepDefs.def(StepDefs.java:268)
	at ✽.* def helper = Java.type('com.intuit.karate.junit4.demos.CallOnceHelper')(com/intuit/karate/testng/demos/call-once.feature:4)
Caused by: java.lang.RuntimeException: java.lang.ClassNotFoundException: com.intuit.karate.junit4.demos.CallOnceHelper
	at jdk.nashorn.internal.runtime.ScriptRuntime.apply(ScriptRuntime.java:397)
	at jdk.nashorn.api.scripting.NashornScriptEngine.evalImpl(NashornScriptEngine.java:446)
	at jdk.nashorn.api.scripting.NashornScriptEngine.evalImpl(NashornScriptEngine.java:403)
	at jdk.nashorn.api.scripting.NashornScriptEngine.evalImpl(NashornScriptEngine.java:399)
	at jdk.nashorn.api.scripting.NashornScriptEngine.eval(NashornScriptEngine.java:155)
	at javax.script.AbstractScriptEngine.eval(AbstractScriptEngine.java:264)
	at com.intuit.karate.Script.evalInNashorn(Script.java:379)
	at com.intuit.karate.Script.evalInNashorn(Script.java:358)
	at com.intuit.karate.Script.eval(Script.java:269)
	at com.intuit.karate.Script.eval(Script.java:182)
	at com.intuit.karate.Script.assign(Script.java:606)
	at com.intuit.karate.Script.assign(Script.java:537)
	at com.intuit.karate.StepDefs.def(StepDefs.java:268)
	at sun.reflect.GeneratedMethodAccessor9.invoke(Unknown Source)
	at sun.reflect.DelegatingMethodAccessorImpl.invoke(DelegatingMethodAccessorImpl.java:43)
	at java.lang.reflect.Method.invoke(Method.java:498)
	at cucumber.runtime.Utils$1.call(Utils.java:40)
	at cucumber.runtime.Timeout.timeout(Timeout.java:16)
	at cucumber.runtime.Utils.invoke(Utils.java:34)
	at cucumber.runtime.java.JavaStepDefinition.execute(JavaStepDefinition.java:38)
	at cucumber.runtime.StepDefinitionMatch.runStep(StepDefinitionMatch.java:37)
	at cucumber.runtime.Runtime.runStep(Runtime.java:300)
	at cucumber.runtime.model.StepContainer.runStep(StepContainer.java:44)
	at cucumber.runtime.model.StepContainer.runSteps(StepContainer.java:39)
	at cucumber.runtime.model.CucumberScenario.runBackground(CucumberScenario.java:59)
	at cucumber.runtime.model.CucumberScenario.run(CucumberScenario.java:42)
	at cucumber.runtime.model.CucumberScenarioOutline.run(CucumberScenarioOutline.java:46)
	at cucumber.runtime.model.CucumberFeature.run(CucumberFeature.java:165)
	at com.intuit.karate.cucumber.CucumberRunner.run(CucumberRunner.java:149)
	at com.intuit.karate.cucumber.CucumberRunner.lambda$parallel$0(CucumberRunner.java:201)
	at java.util.concurrent.FutureTask.run(FutureTask.java:266)
	at java.util.concurrent.ThreadPoolExecutor.runWorker(ThreadPoolExecutor.java:1142)
	at java.util.concurrent.ThreadPoolExecutor$Worker.run(ThreadPoolExecutor.java:617)
	at java.lang.Thread.run(Thread.java:745)
Caused by: java.lang.ClassNotFoundException: com.intuit.karate.junit4.demos.CallOnceHelper
	at java.net.URLClassLoader.findClass(URLClassLoader.java:381)
	at java.lang.ClassLoader.loadClass(ClassLoader.java:424)
	at sun.misc.Launcher$AppClassLoader.loadClass(Launcher.java:331)
	at java.lang.ClassLoader.loadClass(ClassLoader.java:357)
	at java.lang.Class.forName0(Native Method)
	at java.lang.Class.forName(Class.java:348)
	at jdk.nashorn.internal.runtime.Context.findClass(Context.java:1057)
	at jdk.nashorn.internal.objects.NativeJava.simpleType(NativeJava.java:498)
	at jdk.nashorn.internal.objects.NativeJava.type(NativeJava.java:322)
	at jdk.nashorn.internal.objects.NativeJava.type(NativeJava.java:314)
	at jdk.nashorn.internal.objects.NativeJava.type(NativeJava.java:310)
	at jdk.nashorn.internal.scripts.Script$684$\^eval\_.:program(<eval>:1)
	at jdk.nashorn.internal.runtime.ScriptFunctionData.invoke(ScriptFunctionData.java:637)
	at jdk.nashorn.internal.runtime.ScriptFunction.invoke(ScriptFunction.java:494)
	at jdk.nashorn.internal.runtime.ScriptRuntime.apply(ScriptRuntime.java:393)
	... 33 more
]]></failure>
</testcase>
</testsuite>
