<?xml version="1.0" encoding="UTF-8" ?>
<testsuite tests="19" failures="5" name="TestSuite" time="31.762" errors="0" skipped="0">
  <properties>
    <property name="java.runtime.name" value="Java(TM) SE Runtime Environment"/>
    <property name="sun.boot.library.path" value="C:\Program Files\Java\jdk1.8.0_101\jre\bin"/>
    <property name="java.vm.version" value="25.101-b13"/>
    <property name="java.vm.vendor" value="Oracle Corporation"/>
    <property name="maven.multiModuleProjectDirectory" value="C:\Research\karate-master\karate-testng"/>
    <property name="java.vendor.url" value="http://java.oracle.com/"/>
    <property name="path.separator" value=";"/>
    <property name="guice.disable.misplaced.annotation.check" value="true"/>
    <property name="java.vm.name" value="Java HotSpot(TM) 64-Bit Server VM"/>
    <property name="file.encoding.pkg" value="sun.io"/>
    <property name="user.script" value=""/>
    <property name="user.country" value="US"/>
    <property name="sun.java.launcher" value="SUN_STANDARD"/>
    <property name="sun.os.patch.level" value=""/>
    <property name="java.vm.specification.name" value="Java Virtual Machine Specification"/>
    <property name="user.dir" value="C:\Research\karate-master\karate-testng"/>
    <property name="java.runtime.version" value="1.8.0_101-b13"/>
    <property name="java.awt.graphicsenv" value="sun.awt.Win32GraphicsEnvironment"/>
    <property name="java.endorsed.dirs" value="C:\Program Files\Java\jdk1.8.0_101\jre\lib\endorsed"/>
    <property name="os.arch" value="amd64"/>
    <property name="java.io.tmpdir" value="C:\Users\Dipjyoti\AppData\Local\Temp\"/>
    <property name="line.separator" value="
"/>
    <property name="java.vm.specification.vendor" value="Oracle Corporation"/>
    <property name="user.variant" value=""/>
    <property name="os.name" value="Windows 8.1"/>
    <property name="classworlds.conf" value="C:\Resourses\ApacheMaven\bin\m2.conf"/>
    <property name="sun.jnu.encoding" value="Cp1252"/>
    <property name="java.library.path" value="C:\Program Files\Java\jdk1.8.0_101\bin;C:\Windows\Sun\Java\bin;C:\Windows\system32;C:\Windows;C:\oraclexe\app\oracle\product\11.2.0\server\bin;C:\Users\Dipjyoti\AppData\Roaming\Oracle\ATS\bin;C:\oraclexe\app\oracle\product\11.2.0\server\bin;C:\ProgramData\Oracle\Java\javapath;C:\Program Files\Dell\DW WLAN Card;C:\Windows\system32;C:\Windows;C:\Windows\System32\Wbem;C:\Windows\System32\WindowsPowerShell\v1.0\;C:\Program Files (x86)\AMD\ATI.ACE\Core-Static;C:\Program Files\WIDCOMM\Bluetooth Software\;C:\Program Files\WIDCOMM\Bluetooth Software\syswow64;C:\Program Files\PostgreSQL\pg95\bin;C:\Resourses\ApacheMaven\bin;C:\Resourses\ApacheAnt\bin;C:\Program Files\Java\jdk1.8.0_101\bin;C:\gradle-4.0.1\bin;C:\Program Files (x86)\MySQL\MySQL Fabric 1.5 &amp; MySQL Utilities 1.5\;C:\Program Files (x86)\MySQL\MySQL Fabric 1.5 &amp; MySQL Utilities 1.5\Doctrine extensions for PHP\;C:\Users\Dipjyoti\AppData\Local\Android\sdk\tools;C:\Users\Dipjyoti\AppData\Local\Android\sdk\platform-tools;C:\Resourses\apache-activemq-5.14.0\bin;C:\Program Files\Microsoft SQL Server\130\Tools\Binn\;%TRICENTIS_PROJECTS%;C:\Program Files (x86)\Skype\Phone\;C:\Resourses\artifactory-oss-5.3.1\bin;C:\Program Files\Git\cmd;C:\Program Files (x86)\GitExtensions\;C:\Program Files\nodejs\;%ALLURE_HOME%\bin;C:\Users\Dipjyoti\AppData\Local\Programs\Python\Python36-32\Scripts\;C:\Users\Dipjyoti\AppData\Local\Programs\Python\Python36-32\;C:\Users\Dipjyoti\Anaconda3;C:\Users\Dipjyoti\Anaconda3\Scripts;C:\Users\Dipjyoti\Anaconda3\Library\bin;C:\Users\Dipjyoti\AppData\Local\Programs\Python\Python36\Scripts\;C:\Users\Dipjyoti\AppData\Local\Programs\Python\Python36\;C:\Users\Dipjyoti\AppData\Local\Programs\Python\Python35-32\Scripts\;C:\Users\Dipjyoti\AppData\Local\Programs\Python\Python35-32\;C:\Program Files\Git\bin;C:\Program Files\Docker Toolbox;C:\Program Files\Microsoft VS Code\bin;C:\Users\Dipjyoti\AppData\Roaming\npm;."/>
    <property name="java.specification.name" value="Java Platform API Specification"/>
    <property name="java.class.version" value="52.0"/>
    <property name="sun.management.compiler" value="HotSpot 64-Bit Tiered Compilers"/>
    <property name="os.version" value="6.3"/>
    <property name="user.home" value="C:\Users\Dipjyoti"/>
    <property name="user.timezone" value="Australia/Sydney"/>
    <property name="java.awt.printerjob" value="sun.awt.windows.WPrinterJob"/>
    <property name="java.specification.version" value="1.8"/>
    <property name="file.encoding" value="Cp1252"/>
    <property name="user.name" value="Dipjyoti"/>
    <property name="java.class.path" value="C:\Resourses\ApacheMaven\boot\plexus-classworlds-2.5.2.jar"/>
    <property name="java.vm.specification.version" value="1.8"/>
    <property name="sun.arch.data.model" value="64"/>
    <property name="java.home" value="C:\Program Files\Java\jdk1.8.0_101\jre"/>
    <property name="sun.java.command" value="org.codehaus.plexus.classworlds.launcher.Launcher test"/>
    <property name="java.specification.vendor" value="Oracle Corporation"/>
    <property name="user.language" value="en"/>
    <property name="awt.toolkit" value="sun.awt.windows.WToolkit"/>
    <property name="java.vm.info" value="mixed mode"/>
    <property name="java.version" value="1.8.0_101"/>
    <property name="java.ext.dirs" value="C:\Program Files\Java\jdk1.8.0_101\jre\lib\ext;C:\Windows\Sun\Java\lib\ext"/>
    <property name="sun.boot.class.path" value="C:\Program Files\Java\jdk1.8.0_101\jre\lib\resources.jar;C:\Program Files\Java\jdk1.8.0_101\jre\lib\rt.jar;C:\Program Files\Java\jdk1.8.0_101\jre\lib\sunrsasign.jar;C:\Program Files\Java\jdk1.8.0_101\jre\lib\jsse.jar;C:\Program Files\Java\jdk1.8.0_101\jre\lib\jce.jar;C:\Program Files\Java\jdk1.8.0_101\jre\lib\charsets.jar;C:\Program Files\Java\jdk1.8.0_101\jre\lib\jfr.jar;C:\Program Files\Java\jdk1.8.0_101\jre\classes"/>
    <property name="sun.stderr.encoding" value="cp437"/>
    <property name="java.vendor" value="Oracle Corporation"/>
    <property name="maven.home" value="C:\Resourses\ApacheMaven"/>
    <property name="file.separator" value="\"/>
    <property name="java.vendor.url.bug" value="http://bugreport.sun.com/bugreport/"/>
    <property name="sun.cpu.endian" value="little"/>
    <property name="sun.io.unicode.encoding" value="UnicodeLittle"/>
    <property name="sun.stdout.encoding" value="cp437"/>
    <property name="sun.desktop" value="windows"/>
    <property name="sun.cpu.isalist" value="amd64"/>
  </properties>
  <testcase classname="com.intuit.karate.testng.KarateTestngTest" name="feature" time="2.116"/>
  <testcase classname="com.intuit.karate.testng.KarateTestngTest" name="feature" time="0.173"/>
  <testcase classname="com.intuit.karate.testng.KarateTestngTest" name="feature" time="0.36">
    <failure message="java.lang.RuntimeException: javascript evaluation failed: Java.type(&apos;com.intuit.karate.junit4.demos.CallOnceHelper&apos;)" type="cucumber.runtime.CucumberException">cucumber.runtime.CucumberException: java.lang.RuntimeException: javascript evaluation failed: Java.type(&apos;com.intuit.karate.junit4.demos.CallOnceHelper&apos;)
	at com.intuit.karate.testng.KarateRunner.feature(KarateRunner.java:61)
	at sun.reflect.NativeMethodAccessorImpl.invoke0(Native Method)
	at sun.reflect.NativeMethodAccessorImpl.invoke(NativeMethodAccessorImpl.java:62)
	at sun.reflect.DelegatingMethodAccessorImpl.invoke(DelegatingMethodAccessorImpl.java:43)
	at java.lang.reflect.Method.invoke(Method.java:498)
	at org.testng.internal.MethodInvocationHelper.invokeMethod(MethodInvocationHelper.java:86)
	at org.testng.internal.Invoker.invokeMethod(Invoker.java:643)
	at org.testng.internal.Invoker.invokeTestMethod(Invoker.java:820)
	at org.testng.internal.Invoker.invokeTestMethods(Invoker.java:1128)
	at org.testng.internal.TestMethodWorker.invokeTestMethods(TestMethodWorker.java:129)
	at org.testng.internal.TestMethodWorker.run(TestMethodWorker.java:112)
	at org.testng.TestRunner.privateRun(TestRunner.java:782)
	at org.testng.TestRunner.run(TestRunner.java:632)
	at org.testng.SuiteRunner.runTest(SuiteRunner.java:366)
	at org.testng.SuiteRunner.runSequentially(SuiteRunner.java:361)
	at org.testng.SuiteRunner.privateRun(SuiteRunner.java:319)
	at org.testng.SuiteRunner.run(SuiteRunner.java:268)
	at org.testng.SuiteRunnerWorker.runSuite(SuiteRunnerWorker.java:52)
	at org.testng.SuiteRunnerWorker.run(SuiteRunnerWorker.java:86)
	at org.testng.TestNG.runSuitesSequentially(TestNG.java:1244)
	at org.testng.TestNG.runSuitesLocally(TestNG.java:1169)
	at org.testng.TestNG.run(TestNG.java:1064)
	at org.apache.maven.surefire.testng.TestNGExecutor.run(TestNGExecutor.java:70)
	at org.apache.maven.surefire.testng.TestNGDirectoryTestSuite.executeMulti(TestNGDirectoryTestSuite.java:158)
	at org.apache.maven.surefire.testng.TestNGDirectoryTestSuite.execute(TestNGDirectoryTestSuite.java:98)
	at org.apache.maven.surefire.testng.TestNGProvider.invoke(TestNGProvider.java:111)
	at sun.reflect.NativeMethodAccessorImpl.invoke0(Native Method)
	at sun.reflect.NativeMethodAccessorImpl.invoke(NativeMethodAccessorImpl.java:62)
	at sun.reflect.DelegatingMethodAccessorImpl.invoke(DelegatingMethodAccessorImpl.java:43)
	at java.lang.reflect.Method.invoke(Method.java:498)
	at org.apache.maven.surefire.util.ReflectionUtils.invokeMethodWithArray(ReflectionUtils.java:164)
	at org.apache.maven.surefire.booter.ProviderFactory$ProviderProxy.invoke(ProviderFactory.java:110)
	at org.apache.maven.surefire.booter.SurefireStarter.invokeProvider(SurefireStarter.java:175)
	at org.apache.maven.surefire.booter.SurefireStarter.runSuitesInProcessWhenForked(SurefireStarter.java:107)
	at org.apache.maven.surefire.booter.ForkedBooter.main(ForkedBooter.java:68)
Caused by: java.lang.RuntimeException: javascript evaluation failed: Java.type(&apos;com.intuit.karate.junit4.demos.CallOnceHelper&apos;)
	at com.intuit.karate.Script.evalInNashorn(Script.java:383)
	at com.intuit.karate.Script.evalInNashorn(Script.java:358)
	at com.intuit.karate.Script.eval(Script.java:269)
	at com.intuit.karate.Script.eval(Script.java:182)
	at com.intuit.karate.Script.assign(Script.java:606)
	at com.intuit.karate.Script.assign(Script.java:537)
	at com.intuit.karate.StepDefs.def(StepDefs.java:268)
	at ✽.* def helper = Java.type(&apos;com.intuit.karate.junit4.demos.CallOnceHelper&apos;)(com/intuit/karate/testng/demos/call-once.feature:4)
Caused by: java.lang.RuntimeException: java.lang.ClassNotFoundException: com.intuit.karate.junit4.demos.CallOnceHelper
	at jdk.nashorn.internal.runtime.ScriptRuntime.apply(ScriptRuntime.java:397)
	at jdk.nashorn.api.scripting.NashornScriptEngine.evalImpl(NashornScriptEngine.java:446)
	at jdk.nashorn.api.scripting.NashornScriptEngine.evalImpl(NashornScriptEngine.java:403)
	at jdk.nashorn.api.scripting.NashornScriptEngine.evalImpl(NashornScriptEngine.java:399)
	at jdk.nashorn.api.scripting.NashornScriptEngine.eval(NashornScriptEngine.java:155)
	at javax.script.AbstractScriptEngine.eval(AbstractScriptEngine.java:264)
	at com.intuit.karate.Script.evalInNashorn(Script.java:379)
	at com.intuit.karate.Script.evalInNashorn(Script.java:358)
	at com.intuit.karate.Script.eval(Script.java:269)
	at com.intuit.karate.Script.eval(Script.java:182)
	at com.intuit.karate.Script.assign(Script.java:606)
	at com.intuit.karate.Script.assign(Script.java:537)
	at com.intuit.karate.StepDefs.def(StepDefs.java:268)
	at sun.reflect.NativeMethodAccessorImpl.invoke0(Native Method)
	at sun.reflect.NativeMethodAccessorImpl.invoke(NativeMethodAccessorImpl.java:62)
	at sun.reflect.DelegatingMethodAccessorImpl.invoke(DelegatingMethodAccessorImpl.java:43)
	at java.lang.reflect.Method.invoke(Method.java:498)
	at cucumber.runtime.Utils$1.call(Utils.java:40)
	at cucumber.runtime.Timeout.timeout(Timeout.java:16)
	at cucumber.runtime.Utils.invoke(Utils.java:34)
	at cucumber.runtime.java.JavaStepDefinition.execute(JavaStepDefinition.java:38)
	at cucumber.runtime.StepDefinitionMatch.runStep(StepDefinitionMatch.java:37)
	at cucumber.runtime.Runtime.runStep(Runtime.java:300)
	at cucumber.runtime.model.StepContainer.runStep(StepContainer.java:44)
	at cucumber.runtime.model.StepContainer.runSteps(StepContainer.java:39)
	at cucumber.runtime.model.CucumberScenario.runBackground(CucumberScenario.java:59)
	at cucumber.runtime.model.CucumberScenario.run(CucumberScenario.java:42)
	at cucumber.runtime.model.CucumberScenarioOutline.run(CucumberScenarioOutline.java:46)
	at cucumber.runtime.model.CucumberFeature.run(CucumberFeature.java:165)
	at com.intuit.karate.testng.KarateRunner.feature(KarateRunner.java:59)
	at sun.reflect.NativeMethodAccessorImpl.invoke0(Native Method)
	at sun.reflect.NativeMethodAccessorImpl.invoke(NativeMethodAccessorImpl.java:62)
	at sun.reflect.DelegatingMethodAccessorImpl.invoke(DelegatingMethodAccessorImpl.java:43)
	at java.lang.reflect.Method.invoke(Method.java:498)
	at org.testng.internal.MethodInvocationHelper.invokeMethod(MethodInvocationHelper.java:86)
	at org.testng.internal.Invoker.invokeMethod(Invoker.java:643)
	at org.testng.internal.Invoker.invokeTestMethod(Invoker.java:820)
	at org.testng.internal.Invoker.invokeTestMethods(Invoker.java:1128)
	at org.testng.internal.TestMethodWorker.invokeTestMethods(TestMethodWorker.java:129)
	at org.testng.internal.TestMethodWorker.run(TestMethodWorker.java:112)
	at org.testng.TestRunner.privateRun(TestRunner.java:782)
	at org.testng.TestRunner.run(TestRunner.java:632)
	at org.testng.SuiteRunner.runTest(SuiteRunner.java:366)
	at org.testng.SuiteRunner.runSequentially(SuiteRunner.java:361)
	at org.testng.SuiteRunner.privateRun(SuiteRunner.java:319)
	at org.testng.SuiteRunner.run(SuiteRunner.java:268)
	at org.testng.SuiteRunnerWorker.runSuite(SuiteRunnerWorker.java:52)
	at org.testng.SuiteRunnerWorker.run(SuiteRunnerWorker.java:86)
	at org.testng.TestNG.runSuitesSequentially(TestNG.java:1244)
	at org.testng.TestNG.runSuitesLocally(TestNG.java:1169)
	at org.testng.TestNG.run(TestNG.java:1064)
	at org.apache.maven.surefire.testng.TestNGExecutor.run(TestNGExecutor.java:70)
	at org.apache.maven.surefire.testng.TestNGDirectoryTestSuite.executeMulti(TestNGDirectoryTestSuite.java:158)
	at org.apache.maven.surefire.testng.TestNGDirectoryTestSuite.execute(TestNGDirectoryTestSuite.java:98)
	at org.apache.maven.surefire.testng.TestNGProvider.invoke(TestNGProvider.java:111)
	at sun.reflect.NativeMethodAccessorImpl.invoke0(Native Method)
	at sun.reflect.NativeMethodAccessorImpl.invoke(NativeMethodAccessorImpl.java:62)
	at sun.reflect.DelegatingMethodAccessorImpl.invoke(DelegatingMethodAccessorImpl.java:43)
	at java.lang.reflect.Method.invoke(Method.java:498)
	at org.apache.maven.surefire.util.ReflectionUtils.invokeMethodWithArray(ReflectionUtils.java:164)
	at org.apache.maven.surefire.booter.ProviderFactory$ProviderProxy.invoke(ProviderFactory.java:110)
	at org.apache.maven.surefire.booter.SurefireStarter.invokeProvider(SurefireStarter.java:175)
	at org.apache.maven.surefire.booter.SurefireStarter.runSuitesInProcessWhenForked(SurefireStarter.java:107)
	at org.apache.maven.surefire.booter.ForkedBooter.main(ForkedBooter.java:68)
Caused by: java.lang.ClassNotFoundException: com.intuit.karate.junit4.demos.CallOnceHelper
	at java.net.URLClassLoader.findClass(URLClassLoader.java:381)
	at java.lang.ClassLoader.loadClass(ClassLoader.java:424)
	at sun.misc.Launcher$AppClassLoader.loadClass(Launcher.java:331)
	at java.lang.ClassLoader.loadClass(ClassLoader.java:357)
	at java.lang.Class.forName0(Native Method)
	at java.lang.Class.forName(Class.java:348)
	at jdk.nashorn.internal.runtime.Context.findClass(Context.java:1057)
	at jdk.nashorn.internal.objects.NativeJava.simpleType(NativeJava.java:498)
	at jdk.nashorn.internal.objects.NativeJava.type(NativeJava.java:322)
	at jdk.nashorn.internal.objects.NativeJava.type(NativeJava.java:314)
	at jdk.nashorn.internal.objects.NativeJava.type(NativeJava.java:310)
	at jdk.nashorn.internal.scripts.Script$20$\^eval\_.:program(&lt;eval&gt;:1)
	at jdk.nashorn.internal.runtime.ScriptFunctionData.invoke(ScriptFunctionData.java:637)
	at jdk.nashorn.internal.runtime.ScriptFunction.invoke(ScriptFunction.java:494)
	at jdk.nashorn.internal.runtime.ScriptRuntime.apply(ScriptRuntime.java:393)
	... 63 more
Caused by: java.lang.RuntimeException: javascript evaluation failed: Java.type(&apos;com.intuit.karate.junit4.demos.CallOnceHelper&apos;)
	at com.intuit.karate.Script.evalInNashorn(Script.java:383)
	at com.intuit.karate.Script.evalInNashorn(Script.java:358)
	at com.intuit.karate.Script.eval(Script.java:269)
	at com.intuit.karate.Script.eval(Script.java:182)
	at com.intuit.karate.Script.assign(Script.java:606)
	at com.intuit.karate.Script.assign(Script.java:537)
	at com.intuit.karate.StepDefs.def(StepDefs.java:268)
	at ✽.* def helper = Java.type(&apos;com.intuit.karate.junit4.demos.CallOnceHelper&apos;)(com/intuit/karate/testng/demos/call-once.feature:4)
Caused by: java.lang.RuntimeException: java.lang.ClassNotFoundException: com.intuit.karate.junit4.demos.CallOnceHelper
	at jdk.nashorn.internal.runtime.ScriptRuntime.apply(ScriptRuntime.java:397)
	at jdk.nashorn.api.scripting.NashornScriptEngine.evalImpl(NashornScriptEngine.java:446)
	at jdk.nashorn.api.scripting.NashornScriptEngine.evalImpl(NashornScriptEngine.java:403)
	at jdk.nashorn.api.scripting.NashornScriptEngine.evalImpl(NashornScriptEngine.java:399)
	at jdk.nashorn.api.scripting.NashornScriptEngine.eval(NashornScriptEngine.java:155)
	at javax.script.AbstractScriptEngine.eval(AbstractScriptEngine.java:264)
	at com.intuit.karate.Script.evalInNashorn(Script.java:379)
	at com.intuit.karate.Script.evalInNashorn(Script.java:358)
	at com.intuit.karate.Script.eval(Script.java:269)
	at com.intuit.karate.Script.eval(Script.java:182)
	at com.intuit.karate.Script.assign(Script.java:606)
	at com.intuit.karate.Script.assign(Script.java:537)
	at com.intuit.karate.StepDefs.def(StepDefs.java:268)
	at sun.reflect.NativeMethodAccessorImpl.invoke0(Native Method)
	at sun.reflect.NativeMethodAccessorImpl.invoke(NativeMethodAccessorImpl.java:62)
	at sun.reflect.DelegatingMethodAccessorImpl.invoke(DelegatingMethodAccessorImpl.java:43)
	at java.lang.reflect.Method.invoke(Method.java:498)
	at cucumber.runtime.Utils$1.call(Utils.java:40)
	at cucumber.runtime.Timeout.timeout(Timeout.java:16)
	at cucumber.runtime.Utils.invoke(Utils.java:34)
	at cucumber.runtime.java.JavaStepDefinition.execute(JavaStepDefinition.java:38)
	at cucumber.runtime.StepDefinitionMatch.runStep(StepDefinitionMatch.java:37)
	at cucumber.runtime.Runtime.runStep(Runtime.java:300)
	at cucumber.runtime.model.StepContainer.runStep(StepContainer.java:44)
	at cucumber.runtime.model.StepContainer.runSteps(StepContainer.java:39)
	at cucumber.runtime.model.CucumberScenario.runBackground(CucumberScenario.java:59)
	at cucumber.runtime.model.CucumberScenario.run(CucumberScenario.java:42)
	at cucumber.runtime.model.CucumberScenarioOutline.run(CucumberScenarioOutline.java:46)
	at cucumber.runtime.model.CucumberFeature.run(CucumberFeature.java:165)
	at com.intuit.karate.testng.KarateRunner.feature(KarateRunner.java:59)
	at sun.reflect.NativeMethodAccessorImpl.invoke0(Native Method)
	at sun.reflect.NativeMethodAccessorImpl.invoke(NativeMethodAccessorImpl.java:62)
	at sun.reflect.DelegatingMethodAccessorImpl.invoke(DelegatingMethodAccessorImpl.java:43)
	at java.lang.reflect.Method.invoke(Method.java:498)
	at org.testng.internal.MethodInvocationHelper.invokeMethod(MethodInvocationHelper.java:86)
	at org.testng.internal.Invoker.invokeMethod(Invoker.java:643)
	at org.testng.internal.Invoker.invokeTestMethod(Invoker.java:820)
	at org.testng.internal.Invoker.invokeTestMethods(Invoker.java:1128)
	at org.testng.internal.TestMethodWorker.invokeTestMethods(TestMethodWorker.java:129)
	at org.testng.internal.TestMethodWorker.run(TestMethodWorker.java:112)
	at org.testng.TestRunner.privateRun(TestRunner.java:782)
	at org.testng.TestRunner.run(TestRunner.java:632)
	at org.testng.SuiteRunner.runTest(SuiteRunner.java:366)
	at org.testng.SuiteRunner.runSequentially(SuiteRunner.java:361)
	at org.testng.SuiteRunner.privateRun(SuiteRunner.java:319)
	at org.testng.SuiteRunner.run(SuiteRunner.java:268)
	at org.testng.SuiteRunnerWorker.runSuite(SuiteRunnerWorker.java:52)
	at org.testng.SuiteRunnerWorker.run(SuiteRunnerWorker.java:86)
	at org.testng.TestNG.runSuitesSequentially(TestNG.java:1244)
	at org.testng.TestNG.runSuitesLocally(TestNG.java:1169)
	at org.testng.TestNG.run(TestNG.java:1064)
	at org.apache.maven.surefire.testng.TestNGExecutor.run(TestNGExecutor.java:70)
	at org.apache.maven.surefire.testng.TestNGDirectoryTestSuite.executeMulti(TestNGDirectoryTestSuite.java:158)
	at org.apache.maven.surefire.testng.TestNGDirectoryTestSuite.execute(TestNGDirectoryTestSuite.java:98)
	at org.apache.maven.surefire.testng.TestNGProvider.invoke(TestNGProvider.java:111)
	at sun.reflect.NativeMethodAccessorImpl.invoke0(Native Method)
	at sun.reflect.NativeMethodAccessorImpl.invoke(NativeMethodAccessorImpl.java:62)
	at sun.reflect.DelegatingMethodAccessorImpl.invoke(DelegatingMethodAccessorImpl.java:43)
	at java.lang.reflect.Method.invoke(Method.java:498)
	at org.apache.maven.surefire.util.ReflectionUtils.invokeMethodWithArray(ReflectionUtils.java:164)
	at org.apache.maven.surefire.booter.ProviderFactory$ProviderProxy.invoke(ProviderFactory.java:110)
	at org.apache.maven.surefire.booter.SurefireStarter.invokeProvider(SurefireStarter.java:175)
	at org.apache.maven.surefire.booter.SurefireStarter.runSuitesInProcessWhenForked(SurefireStarter.java:107)
	at org.apache.maven.surefire.booter.ForkedBooter.main(ForkedBooter.java:68)
Caused by: java.lang.ClassNotFoundException: com.intuit.karate.junit4.demos.CallOnceHelper
	at java.net.URLClassLoader.findClass(URLClassLoader.java:381)
	at java.lang.ClassLoader.loadClass(ClassLoader.java:424)
	at sun.misc.Launcher$AppClassLoader.loadClass(Launcher.java:331)
	at java.lang.ClassLoader.loadClass(ClassLoader.java:357)
	at java.lang.Class.forName0(Native Method)
	at java.lang.Class.forName(Class.java:348)
	at jdk.nashorn.internal.runtime.Context.findClass(Context.java:1057)
	at jdk.nashorn.internal.objects.NativeJava.simpleType(NativeJava.java:498)
	at jdk.nashorn.internal.objects.NativeJava.type(NativeJava.java:322)
	at jdk.nashorn.internal.objects.NativeJava.type(NativeJava.java:314)
	at jdk.nashorn.internal.objects.NativeJava.type(NativeJava.java:310)
	at jdk.nashorn.internal.scripts.Script$20$\^eval\_.:program(&lt;eval&gt;:1)
	at jdk.nashorn.internal.runtime.ScriptFunctionData.invoke(ScriptFunctionData.java:637)
	at jdk.nashorn.internal.runtime.ScriptFunction.invoke(ScriptFunction.java:494)
	at jdk.nashorn.internal.runtime.ScriptRuntime.apply(ScriptRuntime.java:393)
	... 63 more
</failure>
    <system-out>15:56:23.714 [main] DEBUG c.i.karate.cucumber.CucumberRunner - loading feature: /C:/Research/karate-master/karate-testng/target/test-classes/com/intuit/karate/testng/demos/call-once.feature
Feature: 

  Scenario Outline: generate random string                                    &amp;#27;[90m# com/intuit/karate/testng/demos/call-once.feature:6&amp;#27;[0m
    &amp;#27;[36m* &amp;#27;[0m&amp;#27;[36mdef fun = function(){ return Math.random().toString(36).substr(2, 10) }&amp;#27;[0m
    &amp;#27;[36m* &amp;#27;[0m&amp;#27;[36mdef result = callonce fun&amp;#27;[0m
    &amp;#27;[36m* &amp;#27;[0m&amp;#27;[36mprint &apos;&lt;example&gt;: &apos; + result&amp;#27;[0m
    &amp;#27;[36m* &amp;#27;[0m&amp;#27;[36massert helper.isEqualToPrevious(result)&amp;#27;[0m

    Examples: 

  Background:                                                                 &amp;#27;[90m# com/intuit/karate/testng/demos/call-once.feature:3&amp;#27;[0m
    &amp;#27;[31m* &amp;#27;[0m&amp;#27;[31mdef &amp;#27;[0m&amp;#27;[31m&amp;#27;[1mhelper&amp;#27;[0m&amp;#27;[31m = &amp;#27;[0m&amp;#27;[31m&amp;#27;[1mJava.type(&apos;com.intuit.karate.junit4.demos.CallOnceHelper&apos;)&amp;#27;[0m &amp;#27;[90m# StepDefs.def(String,String)&amp;#27;[0m
      &amp;#27;[31mjava.lang.RuntimeException: javascript evaluation failed: Java.type(&apos;com.intuit.karate.junit4.demos.CallOnceHelper&apos;)
      	at com.intuit.karate.Script.evalInNashorn(Script.java:383)
      	at com.intuit.karate.Script.evalInNashorn(Script.java:358)
      	at com.intuit.karate.Script.eval(Script.java:269)
      	at com.intuit.karate.Script.eval(Script.java:182)
      	at com.intuit.karate.Script.assign(Script.java:606)
      	at com.intuit.karate.Script.assign(Script.java:537)
      	at com.intuit.karate.StepDefs.def(StepDefs.java:268)
      	at ?.* def helper = Java.type(&apos;com.intuit.karate.junit4.demos.CallOnceHelper&apos;)(com/intuit/karate/testng/demos/call-once.feature:4)
      Caused by: java.lang.RuntimeException: java.lang.ClassNotFoundException: com.intuit.karate.junit4.demos.CallOnceHelper
      	at jdk.nashorn.internal.runtime.ScriptRuntime.apply(ScriptRuntime.java:397)
      	at jdk.nashorn.api.scripting.NashornScriptEngine.evalImpl(NashornScriptEngine.java:446)
      	at jdk.nashorn.api.scripting.NashornScriptEngine.evalImpl(NashornScriptEngine.java:403)
      	at jdk.nashorn.api.scripting.NashornScriptEngine.evalImpl(NashornScriptEngine.java:399)
      	at jdk.nashorn.api.scripting.NashornScriptEngine.eval(NashornScriptEngine.java:155)
      	at javax.script.AbstractScriptEngine.eval(AbstractScriptEngine.java:264)
      	at com.intuit.karate.Script.evalInNashorn(Script.java:379)
      	at com.intuit.karate.Script.evalInNashorn(Script.java:358)
      	at com.intuit.karate.Script.eval(Script.java:269)
      	at com.intuit.karate.Script.eval(Script.java:182)
      	at com.intuit.karate.Script.assign(Script.java:606)
      	at com.intuit.karate.Script.assign(Script.java:537)
      	at com.intuit.karate.StepDefs.def(StepDefs.java:268)
      	at sun.reflect.NativeMethodAccessorImpl.invoke0(Native Method)
      	at sun.reflect.NativeMethodAccessorImpl.invoke(NativeMethodAccessorImpl.java:62)
      	at sun.reflect.DelegatingMethodAccessorImpl.invoke(DelegatingMethodAccessorImpl.java:43)
      	at java.lang.reflect.Method.invoke(Method.java:498)
      	at cucumber.runtime.Utils$1.call(Utils.java:40)
      	at cucumber.runtime.Timeout.timeout(Timeout.java:16)
      	at cucumber.runtime.Utils.invoke(Utils.java:34)
      	at cucumber.runtime.java.JavaStepDefinition.execute(JavaStepDefinition.java:38)
      	at cucumber.runtime.StepDefinitionMatch.runStep(StepDefinitionMatch.java:37)
      	at cucumber.runtime.Runtime.runStep(Runtime.java:300)
      	at cucumber.runtime.model.StepContainer.runStep(StepContainer.java:44)
      	at cucumber.runtime.model.StepContainer.runSteps(StepContainer.java:39)
      	at cucumber.runtime.model.CucumberScenario.runBackground(CucumberScenario.java:59)
      	at cucumber.runtime.model.CucumberScenario.run(CucumberScenario.java:42)
      	at cucumber.runtime.model.CucumberScenarioOutline.run(CucumberScenarioOutline.java:46)
      	at cucumber.runtime.model.CucumberFeature.run(CucumberFeature.java:165)
      	at com.intuit.karate.testng.KarateRunner.feature(KarateRunner.java:59)
      	at sun.reflect.NativeMethodAccessorImpl.invoke0(Native Method)
      	at sun.reflect.NativeMethodAccessorImpl.invoke(NativeMethodAccessorImpl.java:62)
      	at sun.reflect.DelegatingMethodAccessorImpl.invoke(DelegatingMethodAccessorImpl.java:43)
      	at java.lang.reflect.Method.invoke(Method.java:498)
      	at org.testng.internal.MethodInvocationHelper.invokeMethod(MethodInvocationHelper.java:86)
      	at org.testng.internal.Invoker.invokeMethod(Invoker.java:643)
      	at org.testng.internal.Invoker.invokeTestMethod(Invoker.java:820)
      	at org.testng.internal.Invoker.invokeTestMethods(Invoker.java:1128)
      	at org.testng.internal.TestMethodWorker.invokeTestMethods(TestMethodWorker.java:129)
      	at org.testng.internal.TestMethodWorker.run(TestMethodWorker.java:112)
      	at org.testng.TestRunner.privateRun(TestRunner.java:782)
      	at org.testng.TestRunner.run(TestRunner.java:632)
      	at org.testng.SuiteRunner.runTest(SuiteRunner.java:366)
      	at org.testng.SuiteRunner.runSequentially(SuiteRunner.java:361)
      	at org.testng.SuiteRunner.privateRun(SuiteRunner.java:319)
      	at org.testng.SuiteRunner.run(SuiteRunner.java:268)
      	at org.testng.SuiteRunnerWorker.runSuite(SuiteRunnerWorker.java:52)
      	at org.testng.SuiteRunnerWorker.run(SuiteRunnerWorker.java:86)
      	at org.testng.TestNG.runSuitesSequentially(TestNG.java:1244)
      	at org.testng.TestNG.runSuitesLocally(TestNG.java:1169)
      	at org.testng.TestNG.run(TestNG.java:1064)
      	at org.apache.maven.surefire.testng.TestNGExecutor.run(TestNGExecutor.java:70)
      	at org.apache.maven.surefire.testng.TestNGDirectoryTestSuite.executeMulti(TestNGDirectoryTestSuite.java:158)
      	at org.apache.maven.surefire.testng.TestNGDirectoryTestSuite.execute(TestNGDirectoryTestSuite.java:98)
      	at org.apache.maven.surefire.testng.TestNGProvider.invoke(TestNGProvider.java:111)
      	at sun.reflect.NativeMethodAccessorImpl.invoke0(Native Method)
      	at sun.reflect.NativeMethodAccessorImpl.invoke(NativeMethodAccessorImpl.java:62)
      	at sun.reflect.DelegatingMethodAccessorImpl.invoke(DelegatingMethodAccessorImpl.java:43)
      	at java.lang.reflect.Method.invoke(Method.java:498)
      	at org.apache.maven.surefire.util.ReflectionUtils.invokeMethodWithArray(ReflectionUtils.java:164)
      	at org.apache.maven.surefire.booter.ProviderFactory$ProviderProxy.invoke(ProviderFactory.java:110)
      	at org.apache.maven.surefire.booter.SurefireStarter.invokeProvider(SurefireStarter.java:175)
      	at org.apache.maven.surefire.booter.SurefireStarter.runSuitesInProcessWhenForked(SurefireStarter.java:107)
      	at org.apache.maven.surefire.booter.ForkedBooter.main(ForkedBooter.java:68)
      Caused by: java.lang.ClassNotFoundException: com.intuit.karate.junit4.demos.CallOnceHelper
      	at java.net.URLClassLoader.findClass(URLClassLoader.java:381)
      	at java.lang.ClassLoader.loadClass(ClassLoader.java:424)
      	at sun.misc.Launcher$AppClassLoader.loadClass(Launcher.java:331)
      	at java.lang.ClassLoader.loadClass(ClassLoader.java:357)
      	at java.lang.Class.forName0(Native Method)
      	at java.lang.Class.forName(Class.java:348)
      	at jdk.nashorn.internal.runtime.Context.findClass(Context.java:1057)
      	at jdk.nashorn.internal.objects.NativeJava.simpleType(NativeJava.java:498)
      	at jdk.nashorn.internal.objects.NativeJava.type(NativeJava.java:322)
      	at jdk.nashorn.internal.objects.NativeJava.type(NativeJava.java:314)
      	at jdk.nashorn.internal.objects.NativeJava.type(NativeJava.java:310)
      	at jdk.nashorn.internal.scripts.Script$20$\^eval\_.:program(&lt;eval&gt;:1)
      	at jdk.nashorn.internal.runtime.ScriptFunctionData.invoke(ScriptFunctionData.java:637)
      	at jdk.nashorn.internal.runtime.ScriptFunction.invoke(ScriptFunction.java:494)
      	at jdk.nashorn.internal.runtime.ScriptRuntime.apply(ScriptRuntime.java:393)
      	... 63 more
      &amp;#27;[0m

  Scenario Outline: generate random string                                    &amp;#27;[90m# com/intuit/karate/testng/demos/call-once.feature:15&amp;#27;[0m
    &amp;#27;[36m* &amp;#27;[0m&amp;#27;[36mdef &amp;#27;[0m&amp;#27;[36m&amp;#27;[1mfun&amp;#27;[0m&amp;#27;[36m = &amp;#27;[0m&amp;#27;[36m&amp;#27;[1mfunction(){ return Math.random().toString(36).substr(2, 10) }&amp;#27;[0m &amp;#27;[90m# StepDefs.def(String,String)&amp;#27;[0m
    &amp;#27;[36m* &amp;#27;[0m&amp;#27;[36mdef &amp;#27;[0m&amp;#27;[36m&amp;#27;[1mresult&amp;#27;[0m&amp;#27;[36m = &amp;#27;[0m&amp;#27;[36m&amp;#27;[1mcallonce fun&amp;#27;[0m                                               &amp;#27;[90m# StepDefs.def(String,String)&amp;#27;[0m
    &amp;#27;[36m* &amp;#27;[0m&amp;#27;[36mprint &amp;#27;[0m&amp;#27;[36m&amp;#27;[1m&apos;first: &apos; + result&amp;#27;[0m                                                &amp;#27;[90m# StepDefs.print(String)&amp;#27;[0m
    &amp;#27;[36m* &amp;#27;[0m&amp;#27;[36massert &amp;#27;[0m&amp;#27;[36m&amp;#27;[1mhelper.isEqualToPrevious(result)&amp;#27;[0m                                 &amp;#27;[90m# StepDefs.asssertBoolean(String)&amp;#27;[0m

  Background:                                                                 &amp;#27;[90m# com/intuit/karate/testng/demos/call-once.feature:3&amp;#27;[0m
    &amp;#27;[31m* &amp;#27;[0m&amp;#27;[31mdef &amp;#27;[0m&amp;#27;[31m&amp;#27;[1mhelper&amp;#27;[0m&amp;#27;[31m = &amp;#27;[0m&amp;#27;[31m&amp;#27;[1mJava.type(&apos;com.intuit.karate.junit4.demos.CallOnceHelper&apos;)&amp;#27;[0m &amp;#27;[90m# StepDefs.def(String,String)&amp;#27;[0m
      &amp;#27;[31mjava.lang.RuntimeException: javascript evaluation failed: Java.type(&apos;com.intuit.karate.junit4.demos.CallOnceHelper&apos;)
      	at com.intuit.karate.Script.evalInNashorn(Script.java:383)
      	at com.intuit.karate.Script.evalInNashorn(Script.java:358)
      	at com.intuit.karate.Script.eval(Script.java:269)
      	at com.intuit.karate.Script.eval(Script.java:182)
      	at com.intuit.karate.Script.assign(Script.java:606)
      	at com.intuit.karate.Script.assign(Script.java:537)
      	at com.intuit.karate.StepDefs.def(StepDefs.java:268)
      	at ?.* def helper = Java.type(&apos;com.intuit.karate.junit4.demos.CallOnceHelper&apos;)(com/intuit/karate/testng/demos/call-once.feature:4)
      Caused by: java.lang.RuntimeException: java.lang.ClassNotFoundException: com.intuit.karate.junit4.demos.CallOnceHelper
      	at jdk.nashorn.internal.runtime.ScriptRuntime.apply(ScriptRuntime.java:397)
      	at jdk.nashorn.api.scripting.NashornScriptEngine.evalImpl(NashornScriptEngine.java:446)
      	at jdk.nashorn.api.scripting.NashornScriptEngine.evalImpl(NashornScriptEngine.java:403)
      	at jdk.nashorn.api.scripting.NashornScriptEngine.evalImpl(NashornScriptEngine.java:399)
      	at jdk.nashorn.api.scripting.NashornScriptEngine.eval(NashornScriptEngine.java:155)
      	at javax.script.AbstractScriptEngine.eval(AbstractScriptEngine.java:264)
      	at com.intuit.karate.Script.evalInNashorn(Script.java:379)
      	at com.intuit.karate.Script.evalInNashorn(Script.java:358)
      	at com.intuit.karate.Script.eval(Script.java:269)
      	at com.intuit.karate.Script.eval(Script.java:182)
      	at com.intuit.karate.Script.assign(Script.java:606)
      	at com.intuit.karate.Script.assign(Script.java:537)
      	at com.intuit.karate.StepDefs.def(StepDefs.java:268)
      	at sun.reflect.NativeMethodAccessorImpl.invoke0(Native Method)
      	at sun.reflect.NativeMethodAccessorImpl.invoke(NativeMethodAccessorImpl.java:62)
      	at sun.reflect.DelegatingMethodAccessorImpl.invoke(DelegatingMethodAccessorImpl.java:43)
      	at java.lang.reflect.Method.invoke(Method.java:498)
      	at cucumber.runtime.Utils$1.call(Utils.java:40)
      	at cucumber.runtime.Timeout.timeout(Timeout.java:16)
      	at cucumber.runtime.Utils.invoke(Utils.java:34)
      	at cucumber.runtime.java.JavaStepDefinition.execute(JavaStepDefinition.java:38)
      	at cucumber.runtime.StepDefinitionMatch.runStep(StepDefinitionMatch.java:37)
      	at cucumber.runtime.Runtime.runStep(Runtime.java:300)
      	at cucumber.runtime.model.StepContainer.runStep(StepContainer.java:44)
      	at cucumber.runtime.model.StepContainer.runSteps(StepContainer.java:39)
      	at cucumber.runtime.model.CucumberScenario.runBackground(CucumberScenario.java:59)
      	at cucumber.runtime.model.CucumberScenario.run(CucumberScenario.java:42)
      	at cucumber.runtime.model.CucumberScenarioOutline.run(CucumberScenarioOutline.java:46)
      	at cucumber.runtime.model.CucumberFeature.run(CucumberFeature.java:165)
      	at com.intuit.karate.testng.KarateRunner.feature(KarateRunner.java:59)
      	at sun.reflect.NativeMethodAccessorImpl.invoke0(Native Method)
      	at sun.reflect.NativeMethodAccessorImpl.invoke(NativeMethodAccessorImpl.java:62)
      	at sun.reflect.DelegatingMethodAccessorImpl.invoke(DelegatingMethodAccessorImpl.java:43)
      	at java.lang.reflect.Method.invoke(Method.java:498)
      	at org.testng.internal.MethodInvocationHelper.invokeMethod(MethodInvocationHelper.java:86)
      	at org.testng.internal.Invoker.invokeMethod(Invoker.java:643)
      	at org.testng.internal.Invoker.invokeTestMethod(Invoker.java:820)
      	at org.testng.internal.Invoker.invokeTestMethods(Invoker.java:1128)
      	at org.testng.internal.TestMethodWorker.invokeTestMethods(TestMethodWorker.java:129)
      	at org.testng.internal.TestMethodWorker.run(TestMethodWorker.java:112)
      	at org.testng.TestRunner.privateRun(TestRunner.java:782)
      	at org.testng.TestRunner.run(TestRunner.java:632)
      	at org.testng.SuiteRunner.runTest(SuiteRunner.java:366)
      	at org.testng.SuiteRunner.runSequentially(SuiteRunner.java:361)
      	at org.testng.SuiteRunner.privateRun(SuiteRunner.java:319)
      	at org.testng.SuiteRunner.run(SuiteRunner.java:268)
      	at org.testng.SuiteRunnerWorker.runSuite(SuiteRunnerWorker.java:52)
      	at org.testng.SuiteRunnerWorker.run(SuiteRunnerWorker.java:86)
      	at org.testng.TestNG.runSuitesSequentially(TestNG.java:1244)
      	at org.testng.TestNG.runSuitesLocally(TestNG.java:1169)
      	at org.testng.TestNG.run(TestNG.java:1064)
      	at org.apache.maven.surefire.testng.TestNGExecutor.run(TestNGExecutor.java:70)
      	at org.apache.maven.surefire.testng.TestNGDirectoryTestSuite.executeMulti(TestNGDirectoryTestSuite.java:158)
      	at org.apache.maven.surefire.testng.TestNGDirectoryTestSuite.execute(TestNGDirectoryTestSuite.java:98)
      	at org.apache.maven.surefire.testng.TestNGProvider.invoke(TestNGProvider.java:111)
      	at sun.reflect.NativeMethodAccessorImpl.invoke0(Native Method)
      	at sun.reflect.NativeMethodAccessorImpl.invoke(NativeMethodAccessorImpl.java:62)
      	at sun.reflect.DelegatingMethodAccessorImpl.invoke(DelegatingMethodAccessorImpl.java:43)
      	at java.lang.reflect.Method.invoke(Method.java:498)
      	at org.apache.maven.surefire.util.ReflectionUtils.invokeMethodWithArray(ReflectionUtils.java:164)
      	at org.apache.maven.surefire.booter.ProviderFactory$ProviderProxy.invoke(ProviderFactory.java:110)
      	at org.apache.maven.surefire.booter.SurefireStarter.invokeProvider(SurefireStarter.java:175)
      	at org.apache.maven.surefire.booter.SurefireStarter.runSuitesInProcessWhenForked(SurefireStarter.java:107)
      	at org.apache.maven.surefire.booter.ForkedBooter.main(ForkedBooter.java:68)
      Caused by: java.lang.ClassNotFoundException: com.intuit.karate.junit4.demos.CallOnceHelper
      	at java.net.URLClassLoader.findClass(URLClassLoader.java:381)
      	at java.lang.ClassLoader.loadClass(ClassLoader.java:424)
      	at sun.misc.Launcher$AppClassLoader.loadClass(Launcher.java:331)
      	at java.lang.ClassLoader.loadClass(ClassLoader.java:357)
      	at java.lang.Class.forName0(Native Method)
      	at java.lang.Class.forName(Class.java:348)
      	at jdk.nashorn.internal.runtime.Context.findClass(Context.java:1057)
      	at jdk.nashorn.internal.objects.NativeJava.simpleType(NativeJava.java:498)
      	at jdk.nashorn.internal.objects.NativeJava.type(NativeJava.java:322)
      	at jdk.nashorn.internal.objects.NativeJava.type(NativeJava.java:314)
      	at jdk.nashorn.internal.objects.NativeJava.type(NativeJava.java:310)
      	at jdk.nashorn.internal.scripts.Script$27$\^eval\_.:program(&lt;eval&gt;:1)
      	at jdk.nashorn.internal.runtime.ScriptFunctionData.invoke(ScriptFunctionData.java:637)
      	at jdk.nashorn.internal.runtime.ScriptFunction.invoke(ScriptFunction.java:494)
      	at jdk.nashorn.internal.runtime.ScriptRuntime.apply(ScriptRuntime.java:393)
      	... 63 more
      &amp;#27;[0m

  Scenario Outline: generate random string                                    &amp;#27;[90m# com/intuit/karate/testng/demos/call-once.feature:16&amp;#27;[0m
    &amp;#27;[36m* &amp;#27;[0m&amp;#27;[36mdef &amp;#27;[0m&amp;#27;[36m&amp;#27;[1mfun&amp;#27;[0m&amp;#27;[36m = &amp;#27;[0m&amp;#27;[36m&amp;#27;[1mfunction(){ return Math.random().toString(36).substr(2, 10) }&amp;#27;[0m &amp;#27;[90m# StepDefs.def(String,String)&amp;#27;[0m
    &amp;#27;[36m* &amp;#27;[0m&amp;#27;[36mdef &amp;#27;[0m&amp;#27;[36m&amp;#27;[1mresult&amp;#27;[0m&amp;#27;[36m = &amp;#27;[0m&amp;#27;[36m&amp;#27;[1mcallonce fun&amp;#27;[0m                                               &amp;#27;[90m# StepDefs.def(String,String)&amp;#27;[0m
    &amp;#27;[36m* &amp;#27;[0m&amp;#27;[36mprint &amp;#27;[0m&amp;#27;[36m&amp;#27;[1m&apos;second: &apos; + result&amp;#27;[0m                                               &amp;#27;[90m# StepDefs.print(String)&amp;#27;[0m
    &amp;#27;[36m* &amp;#27;[0m&amp;#27;[36massert &amp;#27;[0m&amp;#27;[36m&amp;#27;[1mhelper.isEqualToPrevious(result)&amp;#27;[0m                                 &amp;#27;[90m# StepDefs.asssertBoolean(String)&amp;#27;[0m
</system-out>
  </testcase>
  <testcase classname="com.intuit.karate.testng.KarateTestngTest" name="feature" time="0.698"/>
  <testcase classname="com.intuit.karate.testng.KarateTestngTest" name="feature" time="0.436"/>
  <testcase classname="com.intuit.karate.testng.KarateTestngTest" name="feature" time="1.631"/>
  <testcase classname="com.intuit.karate.testng.KarateTestngTest" name="feature" time="0.247"/>
  <testcase classname="com.intuit.karate.testng.KarateTestngTest" name="feature" time="0.1"/>
  <testcase classname="com.intuit.karate.testng.KarateTestngTest" name="feature" time="0.641"/>
  <testcase classname="com.intuit.karate.testng.KarateTestngTest" name="feature" time="0.184"/>
  <testcase classname="com.intuit.karate.testng.KarateTestngTest" name="feature" time="0.718"/>
  <testcase classname="com.intuit.karate.testng.KarateTestngTest" name="feature" time="0.809">
    <failure message="java.lang.RuntimeException: javascript evaluation failed: Java.type(className)" type="cucumber.runtime.CucumberException">cucumber.runtime.CucumberException: java.lang.RuntimeException: javascript evaluation failed: Java.type(className)
	at com.intuit.karate.testng.KarateRunner.feature(KarateRunner.java:61)
	at sun.reflect.NativeMethodAccessorImpl.invoke0(Native Method)
	at sun.reflect.NativeMethodAccessorImpl.invoke(NativeMethodAccessorImpl.java:62)
	at sun.reflect.DelegatingMethodAccessorImpl.invoke(DelegatingMethodAccessorImpl.java:43)
	at java.lang.reflect.Method.invoke(Method.java:498)
	at org.testng.internal.MethodInvocationHelper.invokeMethod(MethodInvocationHelper.java:86)
	at org.testng.internal.Invoker.invokeMethod(Invoker.java:643)
	at org.testng.internal.Invoker.invokeTestMethod(Invoker.java:820)
	at org.testng.internal.Invoker.invokeTestMethods(Invoker.java:1128)
	at org.testng.internal.TestMethodWorker.invokeTestMethods(TestMethodWorker.java:129)
	at org.testng.internal.TestMethodWorker.run(TestMethodWorker.java:112)
	at org.testng.TestRunner.privateRun(TestRunner.java:782)
	at org.testng.TestRunner.run(TestRunner.java:632)
	at org.testng.SuiteRunner.runTest(SuiteRunner.java:366)
	at org.testng.SuiteRunner.runSequentially(SuiteRunner.java:361)
	at org.testng.SuiteRunner.privateRun(SuiteRunner.java:319)
	at org.testng.SuiteRunner.run(SuiteRunner.java:268)
	at org.testng.SuiteRunnerWorker.runSuite(SuiteRunnerWorker.java:52)
	at org.testng.SuiteRunnerWorker.run(SuiteRunnerWorker.java:86)
	at org.testng.TestNG.runSuitesSequentially(TestNG.java:1244)
	at org.testng.TestNG.runSuitesLocally(TestNG.java:1169)
	at org.testng.TestNG.run(TestNG.java:1064)
	at org.apache.maven.surefire.testng.TestNGExecutor.run(TestNGExecutor.java:70)
	at org.apache.maven.surefire.testng.TestNGDirectoryTestSuite.executeMulti(TestNGDirectoryTestSuite.java:158)
	at org.apache.maven.surefire.testng.TestNGDirectoryTestSuite.execute(TestNGDirectoryTestSuite.java:98)
	at org.apache.maven.surefire.testng.TestNGProvider.invoke(TestNGProvider.java:111)
	at sun.reflect.NativeMethodAccessorImpl.invoke0(Native Method)
	at sun.reflect.NativeMethodAccessorImpl.invoke(NativeMethodAccessorImpl.java:62)
	at sun.reflect.DelegatingMethodAccessorImpl.invoke(DelegatingMethodAccessorImpl.java:43)
	at java.lang.reflect.Method.invoke(Method.java:498)
	at org.apache.maven.surefire.util.ReflectionUtils.invokeMethodWithArray(ReflectionUtils.java:164)
	at org.apache.maven.surefire.booter.ProviderFactory$ProviderProxy.invoke(ProviderFactory.java:110)
	at org.apache.maven.surefire.booter.SurefireStarter.invokeProvider(SurefireStarter.java:175)
	at org.apache.maven.surefire.booter.SurefireStarter.runSuitesInProcessWhenForked(SurefireStarter.java:107)
	at org.apache.maven.surefire.booter.ForkedBooter.main(ForkedBooter.java:68)
Caused by: java.lang.RuntimeException: javascript evaluation failed: Java.type(className)
	at com.intuit.karate.Script.evalInNashorn(Script.java:383)
	at com.intuit.karate.Script.evalInNashorn(Script.java:358)
	at com.intuit.karate.Script.eval(Script.java:269)
	at com.intuit.karate.Script.eval(Script.java:182)
	at com.intuit.karate.Script.assign(Script.java:606)
	at com.intuit.karate.Script.assign(Script.java:537)
	at com.intuit.karate.StepDefs.def(StepDefs.java:268)
	at ✽.* def Pojo = Java.type(className)(com/intuit/karate/testng/demos/type-conv.feature:79)
Caused by: java.lang.RuntimeException: java.lang.ClassNotFoundException: com.intuit.karate.junit4.demos.SimplePojo
	at jdk.nashorn.internal.runtime.ScriptRuntime.apply(ScriptRuntime.java:397)
	at jdk.nashorn.api.scripting.NashornScriptEngine.evalImpl(NashornScriptEngine.java:446)
	at jdk.nashorn.api.scripting.NashornScriptEngine.evalImpl(NashornScriptEngine.java:403)
	at jdk.nashorn.api.scripting.NashornScriptEngine.evalImpl(NashornScriptEngine.java:399)
	at jdk.nashorn.api.scripting.NashornScriptEngine.eval(NashornScriptEngine.java:155)
	at javax.script.AbstractScriptEngine.eval(AbstractScriptEngine.java:264)
	at com.intuit.karate.Script.evalInNashorn(Script.java:379)
	at com.intuit.karate.Script.evalInNashorn(Script.java:358)
	at com.intuit.karate.Script.eval(Script.java:269)
	at com.intuit.karate.Script.eval(Script.java:182)
	at com.intuit.karate.Script.assign(Script.java:606)
	at com.intuit.karate.Script.assign(Script.java:537)
	at com.intuit.karate.StepDefs.def(StepDefs.java:268)
	at sun.reflect.GeneratedMethodAccessor9.invoke(Unknown Source)
	at sun.reflect.DelegatingMethodAccessorImpl.invoke(DelegatingMethodAccessorImpl.java:43)
	at java.lang.reflect.Method.invoke(Method.java:498)
	at cucumber.runtime.Utils$1.call(Utils.java:40)
	at cucumber.runtime.Timeout.timeout(Timeout.java:16)
	at cucumber.runtime.Utils.invoke(Utils.java:34)
	at cucumber.runtime.java.JavaStepDefinition.execute(JavaStepDefinition.java:38)
	at cucumber.runtime.StepDefinitionMatch.runStep(StepDefinitionMatch.java:37)
	at cucumber.runtime.Runtime.runStep(Runtime.java:300)
	at cucumber.runtime.model.StepContainer.runStep(StepContainer.java:44)
	at cucumber.runtime.model.StepContainer.runSteps(StepContainer.java:39)
	at cucumber.runtime.model.CucumberScenario.run(CucumberScenario.java:44)
	at cucumber.runtime.model.CucumberFeature.run(CucumberFeature.java:165)
	at com.intuit.karate.testng.KarateRunner.feature(KarateRunner.java:59)
	at sun.reflect.NativeMethodAccessorImpl.invoke0(Native Method)
	at sun.reflect.NativeMethodAccessorImpl.invoke(NativeMethodAccessorImpl.java:62)
	at sun.reflect.DelegatingMethodAccessorImpl.invoke(DelegatingMethodAccessorImpl.java:43)
	at java.lang.reflect.Method.invoke(Method.java:498)
	at org.testng.internal.MethodInvocationHelper.invokeMethod(MethodInvocationHelper.java:86)
	at org.testng.internal.Invoker.invokeMethod(Invoker.java:643)
	at org.testng.internal.Invoker.invokeTestMethod(Invoker.java:820)
	at org.testng.internal.Invoker.invokeTestMethods(Invoker.java:1128)
	at org.testng.internal.TestMethodWorker.invokeTestMethods(TestMethodWorker.java:129)
	at org.testng.internal.TestMethodWorker.run(TestMethodWorker.java:112)
	at org.testng.TestRunner.privateRun(TestRunner.java:782)
	at org.testng.TestRunner.run(TestRunner.java:632)
	at org.testng.SuiteRunner.runTest(SuiteRunner.java:366)
	at org.testng.SuiteRunner.runSequentially(SuiteRunner.java:361)
	at org.testng.SuiteRunner.privateRun(SuiteRunner.java:319)
	at org.testng.SuiteRunner.run(SuiteRunner.java:268)
	at org.testng.SuiteRunnerWorker.runSuite(SuiteRunnerWorker.java:52)
	at org.testng.SuiteRunnerWorker.run(SuiteRunnerWorker.java:86)
	at org.testng.TestNG.runSuitesSequentially(TestNG.java:1244)
	at org.testng.TestNG.runSuitesLocally(TestNG.java:1169)
	at org.testng.TestNG.run(TestNG.java:1064)
	at org.apache.maven.surefire.testng.TestNGExecutor.run(TestNGExecutor.java:70)
	at org.apache.maven.surefire.testng.TestNGDirectoryTestSuite.executeMulti(TestNGDirectoryTestSuite.java:158)
	at org.apache.maven.surefire.testng.TestNGDirectoryTestSuite.execute(TestNGDirectoryTestSuite.java:98)
	at org.apache.maven.surefire.testng.TestNGProvider.invoke(TestNGProvider.java:111)
	at sun.reflect.NativeMethodAccessorImpl.invoke0(Native Method)
	at sun.reflect.NativeMethodAccessorImpl.invoke(NativeMethodAccessorImpl.java:62)
	at sun.reflect.DelegatingMethodAccessorImpl.invoke(DelegatingMethodAccessorImpl.java:43)
	at java.lang.reflect.Method.invoke(Method.java:498)
	at org.apache.maven.surefire.util.ReflectionUtils.invokeMethodWithArray(ReflectionUtils.java:164)
	at org.apache.maven.surefire.booter.ProviderFactory$ProviderProxy.invoke(ProviderFactory.java:110)
	at org.apache.maven.surefire.booter.SurefireStarter.invokeProvider(SurefireStarter.java:175)
	at org.apache.maven.surefire.booter.SurefireStarter.runSuitesInProcessWhenForked(SurefireStarter.java:107)
	at org.apache.maven.surefire.booter.ForkedBooter.main(ForkedBooter.java:68)
Caused by: java.lang.ClassNotFoundException: com.intuit.karate.junit4.demos.SimplePojo
	at java.net.URLClassLoader.findClass(URLClassLoader.java:381)
	at java.lang.ClassLoader.loadClass(ClassLoader.java:424)
	at sun.misc.Launcher$AppClassLoader.loadClass(Launcher.java:331)
	at java.lang.ClassLoader.loadClass(ClassLoader.java:357)
	at java.lang.Class.forName0(Native Method)
	at java.lang.Class.forName(Class.java:348)
	at jdk.nashorn.internal.runtime.Context.findClass(Context.java:1057)
	at jdk.nashorn.internal.objects.NativeJava.simpleType(NativeJava.java:498)
	at jdk.nashorn.internal.objects.NativeJava.type(NativeJava.java:322)
	at jdk.nashorn.internal.objects.NativeJava.type(NativeJava.java:314)
	at jdk.nashorn.internal.objects.NativeJava.type(NativeJava.java:310)
	at jdk.nashorn.internal.scripts.Script$416$\^eval\_.:program(&lt;eval&gt;:1)
	at jdk.nashorn.internal.runtime.ScriptFunctionData.invoke(ScriptFunctionData.java:637)
	at jdk.nashorn.internal.runtime.ScriptFunction.invoke(ScriptFunction.java:494)
	at jdk.nashorn.internal.runtime.ScriptRuntime.apply(ScriptRuntime.java:393)
	... 60 more
Caused by: java.lang.RuntimeException: javascript evaluation failed: Java.type(className)
	at com.intuit.karate.Script.evalInNashorn(Script.java:383)
	at com.intuit.karate.Script.evalInNashorn(Script.java:358)
	at com.intuit.karate.Script.eval(Script.java:269)
	at com.intuit.karate.Script.eval(Script.java:182)
	at com.intuit.karate.Script.assign(Script.java:606)
	at com.intuit.karate.Script.assign(Script.java:537)
	at com.intuit.karate.StepDefs.def(StepDefs.java:268)
	at ✽.* def Pojo = Java.type(className)(com/intuit/karate/testng/demos/type-conv.feature:79)
Caused by: java.lang.RuntimeException: java.lang.ClassNotFoundException: com.intuit.karate.junit4.demos.SimplePojo
	at jdk.nashorn.internal.runtime.ScriptRuntime.apply(ScriptRuntime.java:397)
	at jdk.nashorn.api.scripting.NashornScriptEngine.evalImpl(NashornScriptEngine.java:446)
	at jdk.nashorn.api.scripting.NashornScriptEngine.evalImpl(NashornScriptEngine.java:403)
	at jdk.nashorn.api.scripting.NashornScriptEngine.evalImpl(NashornScriptEngine.java:399)
	at jdk.nashorn.api.scripting.NashornScriptEngine.eval(NashornScriptEngine.java:155)
	at javax.script.AbstractScriptEngine.eval(AbstractScriptEngine.java:264)
	at com.intuit.karate.Script.evalInNashorn(Script.java:379)
	at com.intuit.karate.Script.evalInNashorn(Script.java:358)
	at com.intuit.karate.Script.eval(Script.java:269)
	at com.intuit.karate.Script.eval(Script.java:182)
	at com.intuit.karate.Script.assign(Script.java:606)
	at com.intuit.karate.Script.assign(Script.java:537)
	at com.intuit.karate.StepDefs.def(StepDefs.java:268)
	at sun.reflect.GeneratedMethodAccessor9.invoke(Unknown Source)
	at sun.reflect.DelegatingMethodAccessorImpl.invoke(DelegatingMethodAccessorImpl.java:43)
	at java.lang.reflect.Method.invoke(Method.java:498)
	at cucumber.runtime.Utils$1.call(Utils.java:40)
	at cucumber.runtime.Timeout.timeout(Timeout.java:16)
	at cucumber.runtime.Utils.invoke(Utils.java:34)
	at cucumber.runtime.java.JavaStepDefinition.execute(JavaStepDefinition.java:38)
	at cucumber.runtime.StepDefinitionMatch.runStep(StepDefinitionMatch.java:37)
	at cucumber.runtime.Runtime.runStep(Runtime.java:300)
	at cucumber.runtime.model.StepContainer.runStep(StepContainer.java:44)
	at cucumber.runtime.model.StepContainer.runSteps(StepContainer.java:39)
	at cucumber.runtime.model.CucumberScenario.run(CucumberScenario.java:44)
	at cucumber.runtime.model.CucumberFeature.run(CucumberFeature.java:165)
	at com.intuit.karate.testng.KarateRunner.feature(KarateRunner.java:59)
	at sun.reflect.NativeMethodAccessorImpl.invoke0(Native Method)
	at sun.reflect.NativeMethodAccessorImpl.invoke(NativeMethodAccessorImpl.java:62)
	at sun.reflect.DelegatingMethodAccessorImpl.invoke(DelegatingMethodAccessorImpl.java:43)
	at java.lang.reflect.Method.invoke(Method.java:498)
	at org.testng.internal.MethodInvocationHelper.invokeMethod(MethodInvocationHelper.java:86)
	at org.testng.internal.Invoker.invokeMethod(Invoker.java:643)
	at org.testng.internal.Invoker.invokeTestMethod(Invoker.java:820)
	at org.testng.internal.Invoker.invokeTestMethods(Invoker.java:1128)
	at org.testng.internal.TestMethodWorker.invokeTestMethods(TestMethodWorker.java:129)
	at org.testng.internal.TestMethodWorker.run(TestMethodWorker.java:112)
	at org.testng.TestRunner.privateRun(TestRunner.java:782)
	at org.testng.TestRunner.run(TestRunner.java:632)
	at org.testng.SuiteRunner.runTest(SuiteRunner.java:366)
	at org.testng.SuiteRunner.runSequentially(SuiteRunner.java:361)
	at org.testng.SuiteRunner.privateRun(SuiteRunner.java:319)
	at org.testng.SuiteRunner.run(SuiteRunner.java:268)
	at org.testng.SuiteRunnerWorker.runSuite(SuiteRunnerWorker.java:52)
	at org.testng.SuiteRunnerWorker.run(SuiteRunnerWorker.java:86)
	at org.testng.TestNG.runSuitesSequentially(TestNG.java:1244)
	at org.testng.TestNG.runSuitesLocally(TestNG.java:1169)
	at org.testng.TestNG.run(TestNG.java:1064)
	at org.apache.maven.surefire.testng.TestNGExecutor.run(TestNGExecutor.java:70)
	at org.apache.maven.surefire.testng.TestNGDirectoryTestSuite.executeMulti(TestNGDirectoryTestSuite.java:158)
	at org.apache.maven.surefire.testng.TestNGDirectoryTestSuite.execute(TestNGDirectoryTestSuite.java:98)
	at org.apache.maven.surefire.testng.TestNGProvider.invoke(TestNGProvider.java:111)
	at sun.reflect.NativeMethodAccessorImpl.invoke0(Native Method)
	at sun.reflect.NativeMethodAccessorImpl.invoke(NativeMethodAccessorImpl.java:62)
	at sun.reflect.DelegatingMethodAccessorImpl.invoke(DelegatingMethodAccessorImpl.java:43)
	at java.lang.reflect.Method.invoke(Method.java:498)
	at org.apache.maven.surefire.util.ReflectionUtils.invokeMethodWithArray(ReflectionUtils.java:164)
	at org.apache.maven.surefire.booter.ProviderFactory$ProviderProxy.invoke(ProviderFactory.java:110)
	at org.apache.maven.surefire.booter.SurefireStarter.invokeProvider(SurefireStarter.java:175)
	at org.apache.maven.surefire.booter.SurefireStarter.runSuitesInProcessWhenForked(SurefireStarter.java:107)
	at org.apache.maven.surefire.booter.ForkedBooter.main(ForkedBooter.java:68)
Caused by: java.lang.ClassNotFoundException: com.intuit.karate.junit4.demos.SimplePojo
	at java.net.URLClassLoader.findClass(URLClassLoader.java:381)
	at java.lang.ClassLoader.loadClass(ClassLoader.java:424)
	at sun.misc.Launcher$AppClassLoader.loadClass(Launcher.java:331)
	at java.lang.ClassLoader.loadClass(ClassLoader.java:357)
	at java.lang.Class.forName0(Native Method)
	at java.lang.Class.forName(Class.java:348)
	at jdk.nashorn.internal.runtime.Context.findClass(Context.java:1057)
	at jdk.nashorn.internal.objects.NativeJava.simpleType(NativeJava.java:498)
	at jdk.nashorn.internal.objects.NativeJava.type(NativeJava.java:322)
	at jdk.nashorn.internal.objects.NativeJava.type(NativeJava.java:314)
	at jdk.nashorn.internal.objects.NativeJava.type(NativeJava.java:310)
	at jdk.nashorn.internal.scripts.Script$416$\^eval\_.:program(&lt;eval&gt;:1)
	at jdk.nashorn.internal.runtime.ScriptFunctionData.invoke(ScriptFunctionData.java:637)
	at jdk.nashorn.internal.runtime.ScriptFunction.invoke(ScriptFunction.java:494)
	at jdk.nashorn.internal.runtime.ScriptRuntime.apply(ScriptRuntime.java:393)
	... 60 more
</failure>
    <system-out>15:56:28.732 [main] DEBUG c.i.karate.cucumber.CucumberRunner - loading feature: /C:/Research/karate-master/karate-testng/target/test-classes/com/intuit/karate/testng/demos/type-conv.feature
Feature: convert between json, xml and string

  Scenario: string to json            &amp;#27;[90m# com/intuit/karate/testng/demos/type-conv.feature:3&amp;#27;[0m
    # this would be of type string (not JSON)
    &amp;#27;[32m* &amp;#27;[0m&amp;#27;[32mdef &amp;#27;[0m&amp;#27;[32m&amp;#27;[1mstrVar&amp;#27;[0m&amp;#27;[32m = &amp;#27;[0m&amp;#27;[32m&amp;#27;[1m&apos;{ &quot;foo&quot;: &quot;bar&quot; }&apos;&amp;#27;[0m &amp;#27;[90m# StepDefs.def(String,String)&amp;#27;[0m
    &amp;#27;[32m* &amp;#27;[0m&amp;#27;[32mjson &amp;#27;[0m&amp;#27;[32m&amp;#27;[1mjsonVar&amp;#27;[0m&amp;#27;[32m = &amp;#27;[0m&amp;#27;[32m&amp;#27;[1mstrVar&amp;#27;[0m           &amp;#27;[90m# StepDefs.castToJson(String,String)&amp;#27;[0m
    &amp;#27;[32m* &amp;#27;[0m&amp;#27;[32mmatch &amp;#27;[0m&amp;#27;[32m&amp;#27;[1mjsonVar&amp;#27;[0m&amp;#27;[32m &amp;#27;[0m&amp;#27;[32m&amp;#27;[1m==&amp;#27;[0m&amp;#27;[32m &amp;#27;[0m&amp;#27;[32m&amp;#27;[1m{ foo: &apos;bar&apos; }&amp;#27;[0m &amp;#27;[90m# StepDefs.matchEquals(String,String,String,String,String)&amp;#27;[0m

  Scenario: json to string             &amp;#27;[90m# com/intuit/karate/testng/demos/type-conv.feature:9&amp;#27;[0m
    &amp;#27;[32m* &amp;#27;[0m&amp;#27;[32mdef &amp;#27;[0m&amp;#27;[32m&amp;#27;[1mjsonVar&amp;#27;[0m&amp;#27;[32m = &amp;#27;[0m&amp;#27;[32m&amp;#27;[1m{ foo: &apos;bar&apos; }&amp;#27;[0m     &amp;#27;[90m# StepDefs.def(String,String)&amp;#27;[0m
    &amp;#27;[32m* &amp;#27;[0m&amp;#27;[32mstring &amp;#27;[0m&amp;#27;[32m&amp;#27;[1mstrVar&amp;#27;[0m&amp;#27;[32m = &amp;#27;[0m&amp;#27;[32m&amp;#27;[1mjsonVar&amp;#27;[0m          &amp;#27;[90m# StepDefs.castToString(String,String)&amp;#27;[0m
    &amp;#27;[32m* &amp;#27;[0m&amp;#27;[32massert &amp;#27;[0m&amp;#27;[32m&amp;#27;[1mstrVar == &apos;{&quot;foo&quot;:&quot;bar&quot;}&apos;&amp;#27;[0m &amp;#27;[90m# StepDefs.asssertBoolean(String)&amp;#27;[0m

  Scenario: string to xml                         &amp;#27;[90m# com/intuit/karate/testng/demos/type-conv.feature:14&amp;#27;[0m
    &amp;#27;[32m* &amp;#27;[0m&amp;#27;[32mdef &amp;#27;[0m&amp;#27;[32m&amp;#27;[1mstrVar&amp;#27;[0m&amp;#27;[32m = &amp;#27;[0m&amp;#27;[32m&amp;#27;[1m&apos;&lt;root&gt;&lt;foo&gt;bar&lt;/foo&gt;&lt;/root&gt;&apos;&amp;#27;[0m  &amp;#27;[90m# StepDefs.def(String,String)&amp;#27;[0m
    &amp;#27;[32m* &amp;#27;[0m&amp;#27;[32mxml &amp;#27;[0m&amp;#27;[32m&amp;#27;[1mxmlVar&amp;#27;[0m&amp;#27;[32m = &amp;#27;[0m&amp;#27;[32m&amp;#27;[1mstrVar&amp;#27;[0m                         &amp;#27;[90m# StepDefs.castToXml(String,String)&amp;#27;[0m
    &amp;#27;[32m* &amp;#27;[0m&amp;#27;[32mmatch &amp;#27;[0m&amp;#27;[32m&amp;#27;[1mxmlVar&amp;#27;[0m&amp;#27;[32m &amp;#27;[0m&amp;#27;[32m&amp;#27;[1m==&amp;#27;[0m&amp;#27;[32m &amp;#27;[0m&amp;#27;[32m&amp;#27;[1m&lt;root&gt;&lt;foo&gt;bar&lt;/foo&gt;&lt;/root&gt;&amp;#27;[0m &amp;#27;[90m# StepDefs.matchEquals(String,String,String,String,String)&amp;#27;[0m

  Scenario: xml to string (incorrect)          &amp;#27;[90m# com/intuit/karate/testng/demos/type-conv.feature:19&amp;#27;[0m
    &amp;#27;[32m* &amp;#27;[0m&amp;#27;[32mdef &amp;#27;[0m&amp;#27;[32m&amp;#27;[1mxmlVar&amp;#27;[0m&amp;#27;[32m = &amp;#27;[0m&amp;#27;[32m&amp;#27;[1m&lt;root&gt;&lt;foo&gt;bar&lt;/foo&gt;&lt;/root&gt;&amp;#27;[0m &amp;#27;[90m# StepDefs.def(String,String)&amp;#27;[0m
    &amp;#27;[32m* &amp;#27;[0m&amp;#27;[32mstring &amp;#27;[0m&amp;#27;[32m&amp;#27;[1mstrVar&amp;#27;[0m&amp;#27;[32m = &amp;#27;[0m&amp;#27;[32m&amp;#27;[1mxmlVar&amp;#27;[0m                   &amp;#27;[90m# StepDefs.castToString(String,String)&amp;#27;[0m
    # because of karate&apos;s internal map-like default representation, this happens. see &apos;xmlstring&apos; below
    &amp;#27;[32m* &amp;#27;[0m&amp;#27;[32mmatch &amp;#27;[0m&amp;#27;[32m&amp;#27;[1mstrVar&amp;#27;[0m&amp;#27;[32m &amp;#27;[0m&amp;#27;[32m&amp;#27;[1m==&amp;#27;[0m&amp;#27;[32m &amp;#27;[0m&amp;#27;[32m&amp;#27;[1m&apos;{&quot;root&quot;:{&quot;foo&quot;:&quot;bar&quot;}}&apos;&amp;#27;[0m &amp;#27;[90m# StepDefs.matchEquals(String,String,String,String,String)&amp;#27;[0m

  Scenario: xml to string                           &amp;#27;[90m# com/intuit/karate/testng/demos/type-conv.feature:25&amp;#27;[0m
    &amp;#27;[32m* &amp;#27;[0m&amp;#27;[32mdef &amp;#27;[0m&amp;#27;[32m&amp;#27;[1mxmlVar&amp;#27;[0m&amp;#27;[32m = &amp;#27;[0m&amp;#27;[32m&amp;#27;[1m&lt;root&gt;&lt;foo&gt;bar&lt;/foo&gt;&lt;/root&gt;&amp;#27;[0m      &amp;#27;[90m# StepDefs.def(String,String)&amp;#27;[0m
    # note that the keyword here is &apos;xmlstring&apos; not &apos;string&apos;
    &amp;#27;[32m* &amp;#27;[0m&amp;#27;[32mxmlstring &amp;#27;[0m&amp;#27;[32m&amp;#27;[1mstrVar&amp;#27;[0m&amp;#27;[32m = &amp;#27;[0m&amp;#27;[32m&amp;#27;[1mxmlVar&amp;#27;[0m                     &amp;#27;[90m# StepDefs.castToXmlString(String,String)&amp;#27;[0m
    &amp;#27;[32m* &amp;#27;[0m&amp;#27;[32mmatch &amp;#27;[0m&amp;#27;[32m&amp;#27;[1mstrVar&amp;#27;[0m&amp;#27;[32m &amp;#27;[0m&amp;#27;[32m&amp;#27;[1m==&amp;#27;[0m&amp;#27;[32m &amp;#27;[0m&amp;#27;[32m&amp;#27;[1m&apos;&lt;root&gt;&lt;foo&gt;bar&lt;/foo&gt;&lt;/root&gt;&apos;&amp;#27;[0m &amp;#27;[90m# StepDefs.matchEquals(String,String,String,String,String)&amp;#27;[0m

  Scenario: xml to json                         &amp;#27;[90m# com/intuit/karate/testng/demos/type-conv.feature:31&amp;#27;[0m
    &amp;#27;[32m* &amp;#27;[0m&amp;#27;[32mdef &amp;#27;[0m&amp;#27;[32m&amp;#27;[1mxmlVar&amp;#27;[0m&amp;#27;[32m = &amp;#27;[0m&amp;#27;[32m&amp;#27;[1m&lt;root&gt;&lt;foo&gt;bar&lt;/foo&gt;&lt;/root&gt;&amp;#27;[0m  &amp;#27;[90m# StepDefs.def(String,String)&amp;#27;[0m
    &amp;#27;[32m* &amp;#27;[0m&amp;#27;[32mjson &amp;#27;[0m&amp;#27;[32m&amp;#27;[1mjsonVar&amp;#27;[0m&amp;#27;[32m = &amp;#27;[0m&amp;#27;[32m&amp;#27;[1mxmlVar&amp;#27;[0m                     &amp;#27;[90m# StepDefs.castToJson(String,String)&amp;#27;[0m
    &amp;#27;[32m* &amp;#27;[0m&amp;#27;[32mmatch &amp;#27;[0m&amp;#27;[32m&amp;#27;[1mjsonVar&amp;#27;[0m&amp;#27;[32m &amp;#27;[0m&amp;#27;[32m&amp;#27;[1m==&amp;#27;[0m&amp;#27;[32m &amp;#27;[0m&amp;#27;[32m&amp;#27;[1m{ root: { foo: &apos;bar&apos; } }&amp;#27;[0m &amp;#27;[90m# StepDefs.matchEquals(String,String,String,String,String)&amp;#27;[0m

  Scenario: json to xml                           &amp;#27;[90m# com/intuit/karate/testng/demos/type-conv.feature:36&amp;#27;[0m
    &amp;#27;[32m* &amp;#27;[0m&amp;#27;[32mdef &amp;#27;[0m&amp;#27;[32m&amp;#27;[1mjsonVar&amp;#27;[0m&amp;#27;[32m = &amp;#27;[0m&amp;#27;[32m&amp;#27;[1m{ root: { foo: &apos;bar&apos; } }&amp;#27;[0m      &amp;#27;[90m# StepDefs.def(String,String)&amp;#27;[0m
    &amp;#27;[32m* &amp;#27;[0m&amp;#27;[32mxml &amp;#27;[0m&amp;#27;[32m&amp;#27;[1mxmlVar&amp;#27;[0m&amp;#27;[32m = &amp;#27;[0m&amp;#27;[32m&amp;#27;[1mjsonVar&amp;#27;[0m                        &amp;#27;[90m# StepDefs.castToXml(String,String)&amp;#27;[0m
    &amp;#27;[32m* &amp;#27;[0m&amp;#27;[32mmatch &amp;#27;[0m&amp;#27;[32m&amp;#27;[1mxmlVar&amp;#27;[0m&amp;#27;[32m &amp;#27;[0m&amp;#27;[32m&amp;#27;[1m==&amp;#27;[0m&amp;#27;[32m &amp;#27;[0m&amp;#27;[32m&amp;#27;[1m&lt;root&gt;&lt;foo&gt;bar&lt;/foo&gt;&lt;/root&gt;&amp;#27;[0m &amp;#27;[90m# StepDefs.matchEquals(String,String,String,String,String)&amp;#27;[0m

  Scenario: xml with attributes                                           &amp;#27;[90m# com/intuit/karate/testng/demos/type-conv.feature:41&amp;#27;[0m
    &amp;#27;[32m* &amp;#27;[0m&amp;#27;[32mdef &amp;#27;[0m&amp;#27;[32m&amp;#27;[1mxmlVar&amp;#27;[0m&amp;#27;[32m = &amp;#27;[0m&amp;#27;[32m&amp;#27;[1m&lt;root&gt;&lt;foo fizz=&quot;buzz&quot;&gt;bar&lt;/foo&gt;&lt;/root&gt;&amp;#27;[0m                &amp;#27;[90m# StepDefs.def(String,String)&amp;#27;[0m
    &amp;#27;[32m* &amp;#27;[0m&amp;#27;[32mjson &amp;#27;[0m&amp;#27;[32m&amp;#27;[1mjsonVar&amp;#27;[0m&amp;#27;[32m = &amp;#27;[0m&amp;#27;[32m&amp;#27;[1mxmlVar&amp;#27;[0m                                               &amp;#27;[90m# StepDefs.castToJson(String,String)&amp;#27;[0m
    # it ain&apos;t pretty but this is how karate converts xml to a map-like object internally for parity with json
    &amp;#27;[32m* &amp;#27;[0m&amp;#27;[32mmatch &amp;#27;[0m&amp;#27;[32m&amp;#27;[1mjsonVar&amp;#27;[0m&amp;#27;[32m &amp;#27;[0m&amp;#27;[32m&amp;#27;[1m==&amp;#27;[0m&amp;#27;[32m &amp;#27;[0m&amp;#27;[32m&amp;#27;[1m{ root: { foo: { _ : &apos;bar&apos;, @: { fizz: &apos;buzz&apos; }}}}&amp;#27;[0m &amp;#27;[90m# StepDefs.matchEquals(String,String,String,String,String)&amp;#27;[0m
    # which means that json can be used instead of xpath
    &amp;#27;[32m* &amp;#27;[0m&amp;#27;[32mmatch &amp;#27;[0m&amp;#27;[32m&amp;#27;[1mjsonVar&amp;#27;[0m&amp;#27;[32m&amp;#27;[0m&amp;#27;[32m&amp;#27;[1m $.root.foo._&amp;#27;[0m&amp;#27;[32m &amp;#27;[0m&amp;#27;[32m&amp;#27;[1m==&amp;#27;[0m&amp;#27;[32m &amp;#27;[0m&amp;#27;[32m&amp;#27;[1m&apos;bar&apos;&amp;#27;[0m                                 &amp;#27;[90m# StepDefs.matchEquals(String,String,String,String,String)&amp;#27;[0m
    &amp;#27;[32m* &amp;#27;[0m&amp;#27;[32mmatch &amp;#27;[0m&amp;#27;[32m&amp;#27;[1mjsonVar&amp;#27;[0m&amp;#27;[32m&amp;#27;[0m&amp;#27;[32m&amp;#27;[1m $.root.foo.@&amp;#27;[0m&amp;#27;[32m &amp;#27;[0m&amp;#27;[32m&amp;#27;[1m==&amp;#27;[0m&amp;#27;[32m &amp;#27;[0m&amp;#27;[32m&amp;#27;[1m{ fizz: &apos;buzz&apos; }&amp;#27;[0m                      &amp;#27;[90m# StepDefs.matchEquals(String,String,String,String,String)&amp;#27;[0m
    &amp;#27;[32m* &amp;#27;[0m&amp;#27;[32mmatch &amp;#27;[0m&amp;#27;[32m&amp;#27;[1mjsonVar&amp;#27;[0m&amp;#27;[32m&amp;#27;[0m&amp;#27;[32m&amp;#27;[1m $.root.foo.@.fizz&amp;#27;[0m&amp;#27;[32m &amp;#27;[0m&amp;#27;[32m&amp;#27;[1m==&amp;#27;[0m&amp;#27;[32m &amp;#27;[0m&amp;#27;[32m&amp;#27;[1m&apos;buzz&apos;&amp;#27;[0m                           &amp;#27;[90m# StepDefs.matchEquals(String,String,String,String,String)&amp;#27;[0m
    &amp;#27;[32m* &amp;#27;[0m&amp;#27;[32mmatch &amp;#27;[0m&amp;#27;[32m&amp;#27;[1mjsonVar&amp;#27;[0m&amp;#27;[32m&amp;#27;[0m&amp;#27;[32m&amp;#27;[1m $..foo.@.fizz&amp;#27;[0m&amp;#27;[32m &amp;#27;[0m&amp;#27;[32m&amp;#27;[1m==&amp;#27;[0m&amp;#27;[32m &amp;#27;[0m&amp;#27;[32m&amp;#27;[1m[&apos;buzz&apos;]&amp;#27;[0m                             &amp;#27;[90m# StepDefs.matchEquals(String,String,String,String,String)&amp;#27;[0m
    &amp;#27;[32m* &amp;#27;[0m&amp;#27;[32mmatch &amp;#27;[0m&amp;#27;[32m&amp;#27;[1mjsonVar&amp;#27;[0m&amp;#27;[32m&amp;#27;[0m&amp;#27;[32m&amp;#27;[1m $..@.fizz&amp;#27;[0m&amp;#27;[32m contains&amp;#27;[0m&amp;#27;[32m&amp;#27;[1m &apos;buzz&apos;&amp;#27;[0m                             &amp;#27;[90m# StepDefs.matchContains(String,String,String,String,String,String)&amp;#27;[0m
    &amp;#27;[32m* &amp;#27;[0m&amp;#27;[32mmatch &amp;#27;[0m&amp;#27;[32m&amp;#27;[1mjsonVar&amp;#27;[0m&amp;#27;[32m&amp;#27;[0m&amp;#27;[32m&amp;#27;[1m $..foo.@&amp;#27;[0m&amp;#27;[32m contains&amp;#27;[0m&amp;#27;[32m&amp;#27;[1m { fizz: &apos;buzz&apos; }&amp;#27;[0m                    &amp;#27;[90m# StepDefs.matchContains(String,String,String,String,String,String)&amp;#27;[0m

  Scenario: xml with namespaces                                                                                                              &amp;#27;[90m# com/intuit/karate/testng/demos/type-conv.feature:54&amp;#27;[0m
    &amp;#27;[32m* &amp;#27;[0m&amp;#27;[32mdef &amp;#27;[0m&amp;#27;[32m&amp;#27;[1mxmlVar&amp;#27;[0m&amp;#27;[32m = &amp;#27;[0m&amp;#27;[32m&amp;#27;[1m&lt;ns1:root xmlns:ns1=&quot;http://foo.com&quot; xmlns:ns2=&quot;http://bar.com&quot;&gt;&lt;ns2:foo fizz=&quot;buzz&quot; ping=&quot;pong&quot;&gt;bar&lt;/ns2:foo&gt;&lt;/ns1:root&gt;&amp;#27;[0m &amp;#27;[90m# StepDefs.def(String,String)&amp;#27;[0m
    &amp;#27;[32m* &amp;#27;[0m&amp;#27;[32mjson &amp;#27;[0m&amp;#27;[32m&amp;#27;[1mjsonVar&amp;#27;[0m&amp;#27;[32m = &amp;#27;[0m&amp;#27;[32m&amp;#27;[1mxmlVar&amp;#27;[0m                                                                                                                  &amp;#27;[90m# StepDefs.castToJson(String,String)&amp;#27;[0m
    &amp;#27;[32m* &amp;#27;[0m&amp;#27;[32mmatch &amp;#27;[0m&amp;#27;[32m&amp;#27;[1mjsonVar&amp;#27;[0m&amp;#27;[32m &amp;#27;[0m&amp;#27;[32m&amp;#27;[1m==&amp;#27;[0m                                                                                                                       &amp;#27;[90m# StepDefs.matchEqualsDocString(String,String,String,String,String)&amp;#27;[0m
      &quot;&quot;&quot;
      { 
        &quot;ns1:root&quot;: {
          &quot;@&quot;: { &quot;xmlns:ns1&quot;: &quot;http://foo.com&quot;, &quot;xmlns:ns2&quot;: &quot;http://bar.com&quot; },
          &quot;_&quot;: { 
            &quot;ns2:foo&quot;: { 
              &quot;_&quot;: &quot;bar&quot;, 
              &quot;@&quot;: { &quot;fizz&quot;: &quot;buzz&quot;, &quot;ping&quot;: &quot;pong&quot; } 
            } 
          }     
        }
      }
      &quot;&quot;&quot;
    &amp;#27;[32m* &amp;#27;[0m&amp;#27;[32mmatch &amp;#27;[0m&amp;#27;[32m&amp;#27;[1mjsonVar&amp;#27;[0m&amp;#27;[32m&amp;#27;[0m&amp;#27;[32m&amp;#27;[1m $.ns1:root..ns2:foo.@&amp;#27;[0m&amp;#27;[32m &amp;#27;[0m&amp;#27;[32m&amp;#27;[1m==&amp;#27;[0m&amp;#27;[32m &amp;#27;[0m&amp;#27;[32m&amp;#27;[1m[{ fizz: &apos;buzz&apos;, ping: &apos;pong&apos; }]&amp;#27;[0m                                                                &amp;#27;[90m# StepDefs.matchEquals(String,String,String,String,String)&amp;#27;[0m
    &amp;#27;[32m* &amp;#27;[0m&amp;#27;[32mmatch &amp;#27;[0m&amp;#27;[32m&amp;#27;[1mjsonVar&amp;#27;[0m&amp;#27;[32m&amp;#27;[0m&amp;#27;[32m&amp;#27;[1m $..ns2:foo.@&amp;#27;[0m&amp;#27;[32m &amp;#27;[0m&amp;#27;[32m&amp;#27;[1m==&amp;#27;[0m&amp;#27;[32m &amp;#27;[0m&amp;#27;[32m&amp;#27;[1m[{ fizz: &apos;buzz&apos;, ping: &apos;pong&apos; }]&amp;#27;[0m                                                                         &amp;#27;[90m# StepDefs.matchEquals(String,String,String,String,String)&amp;#27;[0m
    &amp;#27;[32m* &amp;#27;[0m&amp;#27;[32mmatch &amp;#27;[0m&amp;#27;[32m&amp;#27;[1mjsonVar&amp;#27;[0m&amp;#27;[32m&amp;#27;[0m&amp;#27;[32m&amp;#27;[1m $..ns2:foo.@&amp;#27;[0m&amp;#27;[32m contains&amp;#27;[0m&amp;#27;[32m&amp;#27;[1m { fizz: &apos;buzz&apos;, ping: &apos;pong&apos; }&amp;#27;[0m                                                                     &amp;#27;[90m# StepDefs.matchContains(String,String,String,String,String,String)&amp;#27;[0m
    &amp;#27;[32m* &amp;#27;[0m&amp;#27;[32mmatch &amp;#27;[0m&amp;#27;[32m&amp;#27;[1mjsonVar&amp;#27;[0m&amp;#27;[32m&amp;#27;[0m&amp;#27;[32m&amp;#27;[1m $..ns2:foo.@&amp;#27;[0m&amp;#27;[32m contains&amp;#27;[0m&amp;#27;[32m&amp;#27;[1m only&amp;#27;[0m&amp;#27;[32m&amp;#27;[0m&amp;#27;[32m&amp;#27;[1m { fizz: &apos;buzz&apos;, ping: &apos;pong&apos; }&amp;#27;[0m                                                                &amp;#27;[90m# StepDefs.matchContains(String,String,String,String,String,String)&amp;#27;[0m
    &amp;#27;[32m* &amp;#27;[0m&amp;#27;[32mmatch &amp;#27;[0m&amp;#27;[32m&amp;#27;[1meach &amp;#27;[0m&amp;#27;[32m&amp;#27;[0m&amp;#27;[32m&amp;#27;[1mjsonVar&amp;#27;[0m&amp;#27;[32m&amp;#27;[0m&amp;#27;[32m&amp;#27;[1m $..ns2:foo.@&amp;#27;[0m&amp;#27;[32m contains&amp;#27;[0m&amp;#27;[32m&amp;#27;[1m { ping: &apos;pong&apos; }&amp;#27;[0m                                                                              &amp;#27;[90m# StepDefs.matchContains(String,String,String,String,String,String)&amp;#27;[0m

  Scenario: java pojo to json                                     &amp;#27;[90m# com/intuit/karate/testng/demos/type-conv.feature:77&amp;#27;[0m
    &amp;#27;[32m* &amp;#27;[0m&amp;#27;[32mdef &amp;#27;[0m&amp;#27;[32m&amp;#27;[1mclassName&amp;#27;[0m&amp;#27;[32m = &amp;#27;[0m&amp;#27;[32m&amp;#27;[1m&apos;com.intuit.karate.junit4.demos.SimplePojo&apos;&amp;#27;[0m &amp;#27;[90m# StepDefs.def(String,String)&amp;#27;[0m
    &amp;#27;[31m* &amp;#27;[0m&amp;#27;[31mdef &amp;#27;[0m&amp;#27;[31m&amp;#27;[1mPojo&amp;#27;[0m&amp;#27;[31m = &amp;#27;[0m&amp;#27;[31m&amp;#27;[1mJava.type(className)&amp;#27;[0m                             &amp;#27;[90m# StepDefs.def(String,String)&amp;#27;[0m
      &amp;#27;[31mjava.lang.RuntimeException: javascript evaluation failed: Java.type(className)
      	at com.intuit.karate.Script.evalInNashorn(Script.java:383)
      	at com.intuit.karate.Script.evalInNashorn(Script.java:358)
      	at com.intuit.karate.Script.eval(Script.java:269)
      	at com.intuit.karate.Script.eval(Script.java:182)
      	at com.intuit.karate.Script.assign(Script.java:606)
      	at com.intuit.karate.Script.assign(Script.java:537)
      	at com.intuit.karate.StepDefs.def(StepDefs.java:268)
      	at ?.* def Pojo = Java.type(className)(com/intuit/karate/testng/demos/type-conv.feature:79)
      Caused by: java.lang.RuntimeException: java.lang.ClassNotFoundException: com.intuit.karate.junit4.demos.SimplePojo
      	at jdk.nashorn.internal.runtime.ScriptRuntime.apply(ScriptRuntime.java:397)
      	at jdk.nashorn.api.scripting.NashornScriptEngine.evalImpl(NashornScriptEngine.java:446)
      	at jdk.nashorn.api.scripting.NashornScriptEngine.evalImpl(NashornScriptEngine.java:403)
      	at jdk.nashorn.api.scripting.NashornScriptEngine.evalImpl(NashornScriptEngine.java:399)
      	at jdk.nashorn.api.scripting.NashornScriptEngine.eval(NashornScriptEngine.java:155)
      	at javax.script.AbstractScriptEngine.eval(AbstractScriptEngine.java:264)
      	at com.intuit.karate.Script.evalInNashorn(Script.java:379)
      	at com.intuit.karate.Script.evalInNashorn(Script.java:358)
      	at com.intuit.karate.Script.eval(Script.java:269)
      	at com.intuit.karate.Script.eval(Script.java:182)
      	at com.intuit.karate.Script.assign(Script.java:606)
      	at com.intuit.karate.Script.assign(Script.java:537)
      	at com.intuit.karate.StepDefs.def(StepDefs.java:268)
      	at sun.reflect.GeneratedMethodAccessor9.invoke(Unknown Source)
      	at sun.reflect.DelegatingMethodAccessorImpl.invoke(DelegatingMethodAccessorImpl.java:43)
      	at java.lang.reflect.Method.invoke(Method.java:498)
      	at cucumber.runtime.Utils$1.call(Utils.java:40)
      	at cucumber.runtime.Timeout.timeout(Timeout.java:16)
      	at cucumber.runtime.Utils.invoke(Utils.java:34)
      	at cucumber.runtime.java.JavaStepDefinition.execute(JavaStepDefinition.java:38)
      	at cucumber.runtime.StepDefinitionMatch.runStep(StepDefinitionMatch.java:37)
      	at cucumber.runtime.Runtime.runStep(Runtime.java:300)
      	at cucumber.runtime.model.StepContainer.runStep(StepContainer.java:44)
      	at cucumber.runtime.model.StepContainer.runSteps(StepContainer.java:39)
      	at cucumber.runtime.model.CucumberScenario.run(CucumberScenario.java:44)
      	at cucumber.runtime.model.CucumberFeature.run(CucumberFeature.java:165)
      	at com.intuit.karate.testng.KarateRunner.feature(KarateRunner.java:59)
      	at sun.reflect.NativeMethodAccessorImpl.invoke0(Native Method)
      	at sun.reflect.NativeMethodAccessorImpl.invoke(NativeMethodAccessorImpl.java:62)
      	at sun.reflect.DelegatingMethodAccessorImpl.invoke(DelegatingMethodAccessorImpl.java:43)
      	at java.lang.reflect.Method.invoke(Method.java:498)
      	at org.testng.internal.MethodInvocationHelper.invokeMethod(MethodInvocationHelper.java:86)
      	at org.testng.internal.Invoker.invokeMethod(Invoker.java:643)
      	at org.testng.internal.Invoker.invokeTestMethod(Invoker.java:820)
      	at org.testng.internal.Invoker.invokeTestMethods(Invoker.java:1128)
      	at org.testng.internal.TestMethodWorker.invokeTestMethods(TestMethodWorker.java:129)
      	at org.testng.internal.TestMethodWorker.run(TestMethodWorker.java:112)
      	at org.testng.TestRunner.privateRun(TestRunner.java:782)
      	at org.testng.TestRunner.run(TestRunner.java:632)
      	at org.testng.SuiteRunner.runTest(SuiteRunner.java:366)
      	at org.testng.SuiteRunner.runSequentially(SuiteRunner.java:361)
      	at org.testng.SuiteRunner.privateRun(SuiteRunner.java:319)
      	at org.testng.SuiteRunner.run(SuiteRunner.java:268)
      	at org.testng.SuiteRunnerWorker.runSuite(SuiteRunnerWorker.java:52)
      	at org.testng.SuiteRunnerWorker.run(SuiteRunnerWorker.java:86)
      	at org.testng.TestNG.runSuitesSequentially(TestNG.java:1244)
      	at org.testng.TestNG.runSuitesLocally(TestNG.java:1169)
      	at org.testng.TestNG.run(TestNG.java:1064)
      	at org.apache.maven.surefire.testng.TestNGExecutor.run(TestNGExecutor.java:70)
      	at org.apache.maven.surefire.testng.TestNGDirectoryTestSuite.executeMulti(TestNGDirectoryTestSuite.java:158)
      	at org.apache.maven.surefire.testng.TestNGDirectoryTestSuite.execute(TestNGDirectoryTestSuite.java:98)
      	at org.apache.maven.surefire.testng.TestNGProvider.invoke(TestNGProvider.java:111)
      	at sun.reflect.NativeMethodAccessorImpl.invoke0(Native Method)
      	at sun.reflect.NativeMethodAccessorImpl.invoke(NativeMethodAccessorImpl.java:62)
      	at sun.reflect.DelegatingMethodAccessorImpl.invoke(DelegatingMethodAccessorImpl.java:43)
      	at java.lang.reflect.Method.invoke(Method.java:498)
      	at org.apache.maven.surefire.util.ReflectionUtils.invokeMethodWithArray(ReflectionUtils.java:164)
      	at org.apache.maven.surefire.booter.ProviderFactory$ProviderProxy.invoke(ProviderFactory.java:110)
      	at org.apache.maven.surefire.booter.SurefireStarter.invokeProvider(SurefireStarter.java:175)
      	at org.apache.maven.surefire.booter.SurefireStarter.runSuitesInProcessWhenForked(SurefireStarter.java:107)
      	at org.apache.maven.surefire.booter.ForkedBooter.main(ForkedBooter.java:68)
      Caused by: java.lang.ClassNotFoundException: com.intuit.karate.junit4.demos.SimplePojo
      	at java.net.URLClassLoader.findClass(URLClassLoader.java:381)
      	at java.lang.ClassLoader.loadClass(ClassLoader.java:424)
      	at sun.misc.Launcher$AppClassLoader.loadClass(Launcher.java:331)
      	at java.lang.ClassLoader.loadClass(ClassLoader.java:357)
      	at java.lang.Class.forName0(Native Method)
      	at java.lang.Class.forName(Class.java:348)
      	at jdk.nashorn.internal.runtime.Context.findClass(Context.java:1057)
      	at jdk.nashorn.internal.objects.NativeJava.simpleType(NativeJava.java:498)
      	at jdk.nashorn.internal.objects.NativeJava.type(NativeJava.java:322)
      	at jdk.nashorn.internal.objects.NativeJava.type(NativeJava.java:314)
      	at jdk.nashorn.internal.objects.NativeJava.type(NativeJava.java:310)
      	at jdk.nashorn.internal.scripts.Script$416$\^eval\_.:program(&lt;eval&gt;:1)
      	at jdk.nashorn.internal.runtime.ScriptFunctionData.invoke(ScriptFunctionData.java:637)
      	at jdk.nashorn.internal.runtime.ScriptFunction.invoke(ScriptFunction.java:494)
      	at jdk.nashorn.internal.runtime.ScriptRuntime.apply(ScriptRuntime.java:393)
      	... 60 more
      &amp;#27;[0m
    &amp;#27;[36m* &amp;#27;[0m&amp;#27;[36mdef &amp;#27;[0m&amp;#27;[36m&amp;#27;[1mpojo&amp;#27;[0m&amp;#27;[36m = &amp;#27;[0m&amp;#27;[36m&amp;#27;[1mnew Pojo()&amp;#27;[0m                                       &amp;#27;[90m# StepDefs.def(String,String)&amp;#27;[0m
    &amp;#27;[36m* &amp;#27;[0m&amp;#27;[36mjson &amp;#27;[0m&amp;#27;[36m&amp;#27;[1mjsonVar&amp;#27;[0m&amp;#27;[36m = &amp;#27;[0m&amp;#27;[36m&amp;#27;[1mpojo&amp;#27;[0m                                         &amp;#27;[90m# StepDefs.castToJson(String,String)&amp;#27;[0m
    &amp;#27;[36m* &amp;#27;[0m&amp;#27;[36mmatch &amp;#27;[0m&amp;#27;[36m&amp;#27;[1mjsonVar&amp;#27;[0m&amp;#27;[36m &amp;#27;[0m&amp;#27;[36m&amp;#27;[1m==&amp;#27;[0m&amp;#27;[36m &amp;#27;[0m&amp;#27;[36m&amp;#27;[1m{ foo: null, bar: 0 }&amp;#27;[0m                      &amp;#27;[90m# StepDefs.matchEquals(String,String,String,String,String)&amp;#27;[0m
    &amp;#27;[36m* &amp;#27;[0m&amp;#27;[36mdef &amp;#27;[0m&amp;#27;[36m&amp;#27;[1mtestJson&amp;#27;[0m&amp;#27;[36m = &amp;#27;[0m&amp;#27;[36m&amp;#27;[1m{ foo: &apos;hello&apos;, bar: 5 }&amp;#27;[0m                     &amp;#27;[90m# StepDefs.def(String,String)&amp;#27;[0m
    &amp;#27;[36m* &amp;#27;[0m&amp;#27;[36mdef &amp;#27;[0m&amp;#27;[36m&amp;#27;[1mtestPojo&amp;#27;[0m&amp;#27;[36m = &amp;#27;[0m&amp;#27;[36m&amp;#27;[1mkarate.toBean(testJson, className)&amp;#27;[0m           &amp;#27;[90m# StepDefs.def(String,String)&amp;#27;[0m
    &amp;#27;[36m* &amp;#27;[0m&amp;#27;[36massert &amp;#27;[0m&amp;#27;[36m&amp;#27;[1mtestPojo.foo == &apos;hello&apos;&amp;#27;[0m                              &amp;#27;[90m# StepDefs.asssertBoolean(String)&amp;#27;[0m
    &amp;#27;[36m* &amp;#27;[0m&amp;#27;[36massert &amp;#27;[0m&amp;#27;[36m&amp;#27;[1mtestPojo.bar == 5&amp;#27;[0m                                    &amp;#27;[90m# StepDefs.asssertBoolean(String)&amp;#27;[0m

  Scenario: java pojo to xml                                            &amp;#27;[90m# com/intuit/karate/testng/demos/type-conv.feature:88&amp;#27;[0m
    &amp;#27;[31m* &amp;#27;[0m&amp;#27;[31mdef &amp;#27;[0m&amp;#27;[31m&amp;#27;[1mPojo&amp;#27;[0m&amp;#27;[31m = &amp;#27;[0m&amp;#27;[31m&amp;#27;[1mJava.type(&apos;com.intuit.karate.junit4.demos.SimplePojo&apos;)&amp;#27;[0m &amp;#27;[90m# StepDefs.def(String,String)&amp;#27;[0m
      &amp;#27;[31mjava.lang.RuntimeException: javascript evaluation failed: Java.type(&apos;com.intuit.karate.junit4.demos.SimplePojo&apos;)
      	at com.intuit.karate.Script.evalInNashorn(Script.java:383)
      	at com.intuit.karate.Script.evalInNashorn(Script.java:358)
      	at com.intuit.karate.Script.eval(Script.java:269)
      	at com.intuit.karate.Script.eval(Script.java:182)
      	at com.intuit.karate.Script.assign(Script.java:606)
      	at com.intuit.karate.Script.assign(Script.java:537)
      	at com.intuit.karate.StepDefs.def(StepDefs.java:268)
      	at ?.* def Pojo = Java.type(&apos;com.intuit.karate.junit4.demos.SimplePojo&apos;)(com/intuit/karate/testng/demos/type-conv.feature:89)
      Caused by: java.lang.RuntimeException: java.lang.ClassNotFoundException: com.intuit.karate.junit4.demos.SimplePojo
      	at jdk.nashorn.internal.runtime.ScriptRuntime.apply(ScriptRuntime.java:397)
      	at jdk.nashorn.api.scripting.NashornScriptEngine.evalImpl(NashornScriptEngine.java:446)
      	at jdk.nashorn.api.scripting.NashornScriptEngine.evalImpl(NashornScriptEngine.java:403)
      	at jdk.nashorn.api.scripting.NashornScriptEngine.evalImpl(NashornScriptEngine.java:399)
      	at jdk.nashorn.api.scripting.NashornScriptEngine.eval(NashornScriptEngine.java:155)
      	at javax.script.AbstractScriptEngine.eval(AbstractScriptEngine.java:264)
      	at com.intuit.karate.Script.evalInNashorn(Script.java:379)
      	at com.intuit.karate.Script.evalInNashorn(Script.java:358)
      	at com.intuit.karate.Script.eval(Script.java:269)
      	at com.intuit.karate.Script.eval(Script.java:182)
      	at com.intuit.karate.Script.assign(Script.java:606)
      	at com.intuit.karate.Script.assign(Script.java:537)
      	at com.intuit.karate.StepDefs.def(StepDefs.java:268)
      	at sun.reflect.GeneratedMethodAccessor9.invoke(Unknown Source)
      	at sun.reflect.DelegatingMethodAccessorImpl.invoke(DelegatingMethodAccessorImpl.java:43)
      	at java.lang.reflect.Method.invoke(Method.java:498)
      	at cucumber.runtime.Utils$1.call(Utils.java:40)
      	at cucumber.runtime.Timeout.timeout(Timeout.java:16)
      	at cucumber.runtime.Utils.invoke(Utils.java:34)
      	at cucumber.runtime.java.JavaStepDefinition.execute(JavaStepDefinition.java:38)
      	at cucumber.runtime.StepDefinitionMatch.runStep(StepDefinitionMatch.java:37)
      	at cucumber.runtime.Runtime.runStep(Runtime.java:300)
      	at cucumber.runtime.model.StepContainer.runStep(StepContainer.java:44)
      	at cucumber.runtime.model.StepContainer.runSteps(StepContainer.java:39)
      	at cucumber.runtime.model.CucumberScenario.run(CucumberScenario.java:44)
      	at cucumber.runtime.model.CucumberFeature.run(CucumberFeature.java:165)
      	at com.intuit.karate.testng.KarateRunner.feature(KarateRunner.java:59)
      	at sun.reflect.NativeMethodAccessorImpl.invoke0(Native Method)
      	at sun.reflect.NativeMethodAccessorImpl.invoke(NativeMethodAccessorImpl.java:62)
      	at sun.reflect.DelegatingMethodAccessorImpl.invoke(DelegatingMethodAccessorImpl.java:43)
      	at java.lang.reflect.Method.invoke(Method.java:498)
      	at org.testng.internal.MethodInvocationHelper.invokeMethod(MethodInvocationHelper.java:86)
      	at org.testng.internal.Invoker.invokeMethod(Invoker.java:643)
      	at org.testng.internal.Invoker.invokeTestMethod(Invoker.java:820)
      	at org.testng.internal.Invoker.invokeTestMethods(Invoker.java:1128)
      	at org.testng.internal.TestMethodWorker.invokeTestMethods(TestMethodWorker.java:129)
      	at org.testng.internal.TestMethodWorker.run(TestMethodWorker.java:112)
      	at org.testng.TestRunner.privateRun(TestRunner.java:782)
      	at org.testng.TestRunner.run(TestRunner.java:632)
      	at org.testng.SuiteRunner.runTest(SuiteRunner.java:366)
      	at org.testng.SuiteRunner.runSequentially(SuiteRunner.java:361)
      	at org.testng.SuiteRunner.privateRun(SuiteRunner.java:319)
      	at org.testng.SuiteRunner.run(SuiteRunner.java:268)
      	at org.testng.SuiteRunnerWorker.runSuite(SuiteRunnerWorker.java:52)
      	at org.testng.SuiteRunnerWorker.run(SuiteRunnerWorker.java:86)
      	at org.testng.TestNG.runSuitesSequentially(TestNG.java:1244)
      	at org.testng.TestNG.runSuitesLocally(TestNG.java:1169)
      	at org.testng.TestNG.run(TestNG.java:1064)
      	at org.apache.maven.surefire.testng.TestNGExecutor.run(TestNGExecutor.java:70)
      	at org.apache.maven.surefire.testng.TestNGDirectoryTestSuite.executeMulti(TestNGDirectoryTestSuite.java:158)
      	at org.apache.maven.surefire.testng.TestNGDirectoryTestSuite.execute(TestNGDirectoryTestSuite.java:98)
      	at org.apache.maven.surefire.testng.TestNGProvider.invoke(TestNGProvider.java:111)
      	at sun.reflect.NativeMethodAccessorImpl.invoke0(Native Method)
      	at sun.reflect.NativeMethodAccessorImpl.invoke(NativeMethodAccessorImpl.java:62)
      	at sun.reflect.DelegatingMethodAccessorImpl.invoke(DelegatingMethodAccessorImpl.java:43)
      	at java.lang.reflect.Method.invoke(Method.java:498)
      	at org.apache.maven.surefire.util.ReflectionUtils.invokeMethodWithArray(ReflectionUtils.java:164)
      	at org.apache.maven.surefire.booter.ProviderFactory$ProviderProxy.invoke(ProviderFactory.java:110)
      	at org.apache.maven.surefire.booter.SurefireStarter.invokeProvider(SurefireStarter.java:175)
      	at org.apache.maven.surefire.booter.SurefireStarter.runSuitesInProcessWhenForked(SurefireStarter.java:107)
      	at org.apache.maven.surefire.booter.ForkedBooter.main(ForkedBooter.java:68)
      Caused by: java.lang.ClassNotFoundException: com.intuit.karate.junit4.demos.SimplePojo
      	at java.net.URLClassLoader.findClass(URLClassLoader.java:381)
      	at java.lang.ClassLoader.loadClass(ClassLoader.java:424)
      	at sun.misc.Launcher$AppClassLoader.loadClass(Launcher.java:331)
      	at java.lang.ClassLoader.loadClass(ClassLoader.java:357)
      	at java.lang.Class.forName0(Native Method)
      	at java.lang.Class.forName(Class.java:348)
      	at jdk.nashorn.internal.runtime.Context.findClass(Context.java:1057)
      	at jdk.nashorn.internal.objects.NativeJava.simpleType(NativeJava.java:498)
      	at jdk.nashorn.internal.objects.NativeJava.type(NativeJava.java:322)
      	at jdk.nashorn.internal.objects.NativeJava.type(NativeJava.java:314)
      	at jdk.nashorn.internal.objects.NativeJava.type(NativeJava.java:310)
      	at jdk.nashorn.internal.scripts.Script$423$\^eval\_.:program(&lt;eval&gt;:1)
      	at jdk.nashorn.internal.runtime.ScriptFunctionData.invoke(ScriptFunctionData.java:637)
      	at jdk.nashorn.internal.runtime.ScriptFunction.invoke(ScriptFunction.java:494)
      	at jdk.nashorn.internal.runtime.ScriptRuntime.apply(ScriptRuntime.java:393)
      	... 60 more
      &amp;#27;[0m
    &amp;#27;[36m* &amp;#27;[0m&amp;#27;[36mdef &amp;#27;[0m&amp;#27;[36m&amp;#27;[1mpojo&amp;#27;[0m&amp;#27;[36m = &amp;#27;[0m&amp;#27;[36m&amp;#27;[1mnew Pojo()&amp;#27;[0m                                             &amp;#27;[90m# StepDefs.def(String,String)&amp;#27;[0m
    &amp;#27;[36m* &amp;#27;[0m&amp;#27;[36mxml &amp;#27;[0m&amp;#27;[36m&amp;#27;[1mxmlVar&amp;#27;[0m&amp;#27;[36m = &amp;#27;[0m&amp;#27;[36m&amp;#27;[1mpojo&amp;#27;[0m                                                 &amp;#27;[90m# StepDefs.castToXml(String,String)&amp;#27;[0m
    &amp;#27;[36m* &amp;#27;[0m&amp;#27;[36mmatch &amp;#27;[0m&amp;#27;[36m&amp;#27;[1mxmlVar&amp;#27;[0m&amp;#27;[36m &amp;#27;[0m&amp;#27;[36m&amp;#27;[1m==&amp;#27;[0m&amp;#27;[36m &amp;#27;[0m&amp;#27;[36m&amp;#27;[1m&lt;root&gt;&lt;foo&gt;&lt;/foo&gt;&lt;bar&gt;0&lt;/bar&gt;&lt;/root&gt;&amp;#27;[0m              &amp;#27;[90m# StepDefs.matchEquals(String,String,String,String,String)&amp;#27;[0m
</system-out>
  </testcase>
  <testcase classname="com.intuit.karate.testng.KarateTestngTest" name="feature" time="5.928"/>
  <testcase classname="com.intuit.karate.testng.KarateTestngTest" name="feature" time="1.058"/>
  <testcase classname="com.intuit.karate.testng.KarateTestngTest" name="feature" time="0.121">
    <failure message="java.lang.RuntimeException: javascript evaluation failed: read(&apos;classpath:file-utils.js&apos;)" type="cucumber.runtime.CucumberException">cucumber.runtime.CucumberException: java.lang.RuntimeException: javascript evaluation failed: read(&apos;classpath:file-utils.js&apos;)
	at com.intuit.karate.testng.KarateRunner.feature(KarateRunner.java:61)
	at sun.reflect.NativeMethodAccessorImpl.invoke0(Native Method)
	at sun.reflect.NativeMethodAccessorImpl.invoke(NativeMethodAccessorImpl.java:62)
	at sun.reflect.DelegatingMethodAccessorImpl.invoke(DelegatingMethodAccessorImpl.java:43)
	at java.lang.reflect.Method.invoke(Method.java:498)
	at org.testng.internal.MethodInvocationHelper.invokeMethod(MethodInvocationHelper.java:86)
	at org.testng.internal.Invoker.invokeMethod(Invoker.java:643)
	at org.testng.internal.Invoker.invokeTestMethod(Invoker.java:820)
	at org.testng.internal.Invoker.invokeTestMethods(Invoker.java:1128)
	at org.testng.internal.TestMethodWorker.invokeTestMethods(TestMethodWorker.java:129)
	at org.testng.internal.TestMethodWorker.run(TestMethodWorker.java:112)
	at org.testng.TestRunner.privateRun(TestRunner.java:782)
	at org.testng.TestRunner.run(TestRunner.java:632)
	at org.testng.SuiteRunner.runTest(SuiteRunner.java:366)
	at org.testng.SuiteRunner.runSequentially(SuiteRunner.java:361)
	at org.testng.SuiteRunner.privateRun(SuiteRunner.java:319)
	at org.testng.SuiteRunner.run(SuiteRunner.java:268)
	at org.testng.SuiteRunnerWorker.runSuite(SuiteRunnerWorker.java:52)
	at org.testng.SuiteRunnerWorker.run(SuiteRunnerWorker.java:86)
	at org.testng.TestNG.runSuitesSequentially(TestNG.java:1244)
	at org.testng.TestNG.runSuitesLocally(TestNG.java:1169)
	at org.testng.TestNG.run(TestNG.java:1064)
	at org.apache.maven.surefire.testng.TestNGExecutor.run(TestNGExecutor.java:70)
	at org.apache.maven.surefire.testng.TestNGDirectoryTestSuite.executeMulti(TestNGDirectoryTestSuite.java:158)
	at org.apache.maven.surefire.testng.TestNGDirectoryTestSuite.execute(TestNGDirectoryTestSuite.java:98)
	at org.apache.maven.surefire.testng.TestNGProvider.invoke(TestNGProvider.java:111)
	at sun.reflect.NativeMethodAccessorImpl.invoke0(Native Method)
	at sun.reflect.NativeMethodAccessorImpl.invoke(NativeMethodAccessorImpl.java:62)
	at sun.reflect.DelegatingMethodAccessorImpl.invoke(DelegatingMethodAccessorImpl.java:43)
	at java.lang.reflect.Method.invoke(Method.java:498)
	at org.apache.maven.surefire.util.ReflectionUtils.invokeMethodWithArray(ReflectionUtils.java:164)
	at org.apache.maven.surefire.booter.ProviderFactory$ProviderProxy.invoke(ProviderFactory.java:110)
	at org.apache.maven.surefire.booter.SurefireStarter.invokeProvider(SurefireStarter.java:175)
	at org.apache.maven.surefire.booter.SurefireStarter.runSuitesInProcessWhenForked(SurefireStarter.java:107)
	at org.apache.maven.surefire.booter.ForkedBooter.main(ForkedBooter.java:68)
Caused by: java.lang.RuntimeException: javascript evaluation failed: read(&apos;classpath:file-utils.js&apos;)
	at com.intuit.karate.Script.evalInNashorn(Script.java:383)
	at com.intuit.karate.Script.evalInNashorn(Script.java:358)
	at com.intuit.karate.Script.eval(Script.java:269)
	at com.intuit.karate.Script.eval(Script.java:182)
	at com.intuit.karate.Script.call(Script.java:1254)
	at com.intuit.karate.Script.eval(Script.java:223)
	at com.intuit.karate.Script.eval(Script.java:182)
	at com.intuit.karate.Script.assign(Script.java:606)
	at com.intuit.karate.Script.assign(Script.java:537)
	at com.intuit.karate.StepDefs.def(StepDefs.java:268)
	at ✽.* def text = call read(&apos;classpath:file-utils.js&apos;) &apos;relative.txt&apos;(com/intuit/karate/testng/files/working-dir.feature:5)
Caused by: com.intuit.karate.exception.KarateFileNotFoundException: file not found: file-utils.js, classpath: true
	at com.intuit.karate.FileUtils.readFileAsString(FileUtils.java:89)
	at com.intuit.karate.FileUtils.readFile(FileUtils.java:65)
	at jdk.nashorn.internal.scripts.Script$Recompilation$531$15A$\^eval\_.L:1(&lt;eval&gt;:3)
	at jdk.nashorn.internal.runtime.ScriptFunctionData.invoke(ScriptFunctionData.java:639)
	at jdk.nashorn.internal.runtime.ScriptFunction.invoke(ScriptFunction.java:494)
	at jdk.nashorn.internal.runtime.ScriptRuntime.apply(ScriptRuntime.java:393)
	at jdk.nashorn.api.scripting.ScriptObjectMirror.call(ScriptObjectMirror.java:117)
	at jdk.nashorn.internal.scripts.Script$536$\^eval\_.:program(&lt;eval&gt;:1)
	at jdk.nashorn.internal.runtime.ScriptFunctionData.invoke(ScriptFunctionData.java:637)
	at jdk.nashorn.internal.runtime.ScriptFunction.invoke(ScriptFunction.java:494)
	at jdk.nashorn.internal.runtime.ScriptRuntime.apply(ScriptRuntime.java:393)
	at jdk.nashorn.api.scripting.NashornScriptEngine.evalImpl(NashornScriptEngine.java:446)
	at jdk.nashorn.api.scripting.NashornScriptEngine.evalImpl(NashornScriptEngine.java:403)
	at jdk.nashorn.api.scripting.NashornScriptEngine.evalImpl(NashornScriptEngine.java:399)
	at jdk.nashorn.api.scripting.NashornScriptEngine.eval(NashornScriptEngine.java:155)
	at javax.script.AbstractScriptEngine.eval(AbstractScriptEngine.java:264)
	at com.intuit.karate.Script.evalInNashorn(Script.java:379)
	at com.intuit.karate.Script.evalInNashorn(Script.java:358)
	at com.intuit.karate.Script.eval(Script.java:269)
	at com.intuit.karate.Script.eval(Script.java:182)
	at com.intuit.karate.Script.call(Script.java:1254)
	at com.intuit.karate.Script.eval(Script.java:223)
	at com.intuit.karate.Script.eval(Script.java:182)
	at com.intuit.karate.Script.assign(Script.java:606)
	at com.intuit.karate.Script.assign(Script.java:537)
	at com.intuit.karate.StepDefs.def(StepDefs.java:268)
	at sun.reflect.GeneratedMethodAccessor9.invoke(Unknown Source)
	at sun.reflect.DelegatingMethodAccessorImpl.invoke(DelegatingMethodAccessorImpl.java:43)
	at java.lang.reflect.Method.invoke(Method.java:498)
	at cucumber.runtime.Utils$1.call(Utils.java:40)
	at cucumber.runtime.Timeout.timeout(Timeout.java:16)
	at cucumber.runtime.Utils.invoke(Utils.java:34)
	at cucumber.runtime.java.JavaStepDefinition.execute(JavaStepDefinition.java:38)
	at cucumber.runtime.StepDefinitionMatch.runStep(StepDefinitionMatch.java:37)
	at cucumber.runtime.Runtime.runStep(Runtime.java:300)
	at cucumber.runtime.model.StepContainer.runStep(StepContainer.java:44)
	at cucumber.runtime.model.StepContainer.runSteps(StepContainer.java:39)
	at cucumber.runtime.model.CucumberScenario.run(CucumberScenario.java:44)
	at cucumber.runtime.model.CucumberFeature.run(CucumberFeature.java:165)
	at com.intuit.karate.testng.KarateRunner.feature(KarateRunner.java:59)
	at sun.reflect.NativeMethodAccessorImpl.invoke0(Native Method)
	at sun.reflect.NativeMethodAccessorImpl.invoke(NativeMethodAccessorImpl.java:62)
	at sun.reflect.DelegatingMethodAccessorImpl.invoke(DelegatingMethodAccessorImpl.java:43)
	at java.lang.reflect.Method.invoke(Method.java:498)
	at org.testng.internal.MethodInvocationHelper.invokeMethod(MethodInvocationHelper.java:86)
	at org.testng.internal.Invoker.invokeMethod(Invoker.java:643)
	at org.testng.internal.Invoker.invokeTestMethod(Invoker.java:820)
	at org.testng.internal.Invoker.invokeTestMethods(Invoker.java:1128)
	at org.testng.internal.TestMethodWorker.invokeTestMethods(TestMethodWorker.java:129)
	at org.testng.internal.TestMethodWorker.run(TestMethodWorker.java:112)
	at org.testng.TestRunner.privateRun(TestRunner.java:782)
	at org.testng.TestRunner.run(TestRunner.java:632)
	at org.testng.SuiteRunner.runTest(SuiteRunner.java:366)
	at org.testng.SuiteRunner.runSequentially(SuiteRunner.java:361)
	at org.testng.SuiteRunner.privateRun(SuiteRunner.java:319)
	at org.testng.SuiteRunner.run(SuiteRunner.java:268)
	at org.testng.SuiteRunnerWorker.runSuite(SuiteRunnerWorker.java:52)
	at org.testng.SuiteRunnerWorker.run(SuiteRunnerWorker.java:86)
	at org.testng.TestNG.runSuitesSequentially(TestNG.java:1244)
	at org.testng.TestNG.runSuitesLocally(TestNG.java:1169)
	at org.testng.TestNG.run(TestNG.java:1064)
	at org.apache.maven.surefire.testng.TestNGExecutor.run(TestNGExecutor.java:70)
	at org.apache.maven.surefire.testng.TestNGDirectoryTestSuite.executeMulti(TestNGDirectoryTestSuite.java:158)
	at org.apache.maven.surefire.testng.TestNGDirectoryTestSuite.execute(TestNGDirectoryTestSuite.java:98)
	at org.apache.maven.surefire.testng.TestNGProvider.invoke(TestNGProvider.java:111)
	at sun.reflect.NativeMethodAccessorImpl.invoke0(Native Method)
	at sun.reflect.NativeMethodAccessorImpl.invoke(NativeMethodAccessorImpl.java:62)
	at sun.reflect.DelegatingMethodAccessorImpl.invoke(DelegatingMethodAccessorImpl.java:43)
	at java.lang.reflect.Method.invoke(Method.java:498)
	at org.apache.maven.surefire.util.ReflectionUtils.invokeMethodWithArray(ReflectionUtils.java:164)
	at org.apache.maven.surefire.booter.ProviderFactory$ProviderProxy.invoke(ProviderFactory.java:110)
	at org.apache.maven.surefire.booter.SurefireStarter.invokeProvider(SurefireStarter.java:175)
	at org.apache.maven.surefire.booter.SurefireStarter.runSuitesInProcessWhenForked(SurefireStarter.java:107)
	at org.apache.maven.surefire.booter.ForkedBooter.main(ForkedBooter.java:68)
Caused by: java.lang.RuntimeException: javascript evaluation failed: read(&apos;classpath:file-utils.js&apos;)
	at com.intuit.karate.Script.evalInNashorn(Script.java:383)
	at com.intuit.karate.Script.evalInNashorn(Script.java:358)
	at com.intuit.karate.Script.eval(Script.java:269)
	at com.intuit.karate.Script.eval(Script.java:182)
	at com.intuit.karate.Script.call(Script.java:1254)
	at com.intuit.karate.Script.eval(Script.java:223)
	at com.intuit.karate.Script.eval(Script.java:182)
	at com.intuit.karate.Script.assign(Script.java:606)
	at com.intuit.karate.Script.assign(Script.java:537)
	at com.intuit.karate.StepDefs.def(StepDefs.java:268)
	at ✽.* def text = call read(&apos;classpath:file-utils.js&apos;) &apos;relative.txt&apos;(com/intuit/karate/testng/files/working-dir.feature:5)
Caused by: com.intuit.karate.exception.KarateFileNotFoundException: file not found: file-utils.js, classpath: true
	at com.intuit.karate.FileUtils.readFileAsString(FileUtils.java:89)
	at com.intuit.karate.FileUtils.readFile(FileUtils.java:65)
	at jdk.nashorn.internal.scripts.Script$Recompilation$531$15A$\^eval\_.L:1(&lt;eval&gt;:3)
	at jdk.nashorn.internal.runtime.ScriptFunctionData.invoke(ScriptFunctionData.java:639)
	at jdk.nashorn.internal.runtime.ScriptFunction.invoke(ScriptFunction.java:494)
	at jdk.nashorn.internal.runtime.ScriptRuntime.apply(ScriptRuntime.java:393)
	at jdk.nashorn.api.scripting.ScriptObjectMirror.call(ScriptObjectMirror.java:117)
	at jdk.nashorn.internal.scripts.Script$536$\^eval\_.:program(&lt;eval&gt;:1)
	at jdk.nashorn.internal.runtime.ScriptFunctionData.invoke(ScriptFunctionData.java:637)
	at jdk.nashorn.internal.runtime.ScriptFunction.invoke(ScriptFunction.java:494)
	at jdk.nashorn.internal.runtime.ScriptRuntime.apply(ScriptRuntime.java:393)
	at jdk.nashorn.api.scripting.NashornScriptEngine.evalImpl(NashornScriptEngine.java:446)
	at jdk.nashorn.api.scripting.NashornScriptEngine.evalImpl(NashornScriptEngine.java:403)
	at jdk.nashorn.api.scripting.NashornScriptEngine.evalImpl(NashornScriptEngine.java:399)
	at jdk.nashorn.api.scripting.NashornScriptEngine.eval(NashornScriptEngine.java:155)
	at javax.script.AbstractScriptEngine.eval(AbstractScriptEngine.java:264)
	at com.intuit.karate.Script.evalInNashorn(Script.java:379)
	at com.intuit.karate.Script.evalInNashorn(Script.java:358)
	at com.intuit.karate.Script.eval(Script.java:269)
	at com.intuit.karate.Script.eval(Script.java:182)
	at com.intuit.karate.Script.call(Script.java:1254)
	at com.intuit.karate.Script.eval(Script.java:223)
	at com.intuit.karate.Script.eval(Script.java:182)
	at com.intuit.karate.Script.assign(Script.java:606)
	at com.intuit.karate.Script.assign(Script.java:537)
	at com.intuit.karate.StepDefs.def(StepDefs.java:268)
	at sun.reflect.GeneratedMethodAccessor9.invoke(Unknown Source)
	at sun.reflect.DelegatingMethodAccessorImpl.invoke(DelegatingMethodAccessorImpl.java:43)
	at java.lang.reflect.Method.invoke(Method.java:498)
	at cucumber.runtime.Utils$1.call(Utils.java:40)
	at cucumber.runtime.Timeout.timeout(Timeout.java:16)
	at cucumber.runtime.Utils.invoke(Utils.java:34)
	at cucumber.runtime.java.JavaStepDefinition.execute(JavaStepDefinition.java:38)
	at cucumber.runtime.StepDefinitionMatch.runStep(StepDefinitionMatch.java:37)
	at cucumber.runtime.Runtime.runStep(Runtime.java:300)
	at cucumber.runtime.model.StepContainer.runStep(StepContainer.java:44)
	at cucumber.runtime.model.StepContainer.runSteps(StepContainer.java:39)
	at cucumber.runtime.model.CucumberScenario.run(CucumberScenario.java:44)
	at cucumber.runtime.model.CucumberFeature.run(CucumberFeature.java:165)
	at com.intuit.karate.testng.KarateRunner.feature(KarateRunner.java:59)
	at sun.reflect.NativeMethodAccessorImpl.invoke0(Native Method)
	at sun.reflect.NativeMethodAccessorImpl.invoke(NativeMethodAccessorImpl.java:62)
	at sun.reflect.DelegatingMethodAccessorImpl.invoke(DelegatingMethodAccessorImpl.java:43)
	at java.lang.reflect.Method.invoke(Method.java:498)
	at org.testng.internal.MethodInvocationHelper.invokeMethod(MethodInvocationHelper.java:86)
	at org.testng.internal.Invoker.invokeMethod(Invoker.java:643)
	at org.testng.internal.Invoker.invokeTestMethod(Invoker.java:820)
	at org.testng.internal.Invoker.invokeTestMethods(Invoker.java:1128)
	at org.testng.internal.TestMethodWorker.invokeTestMethods(TestMethodWorker.java:129)
	at org.testng.internal.TestMethodWorker.run(TestMethodWorker.java:112)
	at org.testng.TestRunner.privateRun(TestRunner.java:782)
	at org.testng.TestRunner.run(TestRunner.java:632)
	at org.testng.SuiteRunner.runTest(SuiteRunner.java:366)
	at org.testng.SuiteRunner.runSequentially(SuiteRunner.java:361)
	at org.testng.SuiteRunner.privateRun(SuiteRunner.java:319)
	at org.testng.SuiteRunner.run(SuiteRunner.java:268)
	at org.testng.SuiteRunnerWorker.runSuite(SuiteRunnerWorker.java:52)
	at org.testng.SuiteRunnerWorker.run(SuiteRunnerWorker.java:86)
	at org.testng.TestNG.runSuitesSequentially(TestNG.java:1244)
	at org.testng.TestNG.runSuitesLocally(TestNG.java:1169)
	at org.testng.TestNG.run(TestNG.java:1064)
	at org.apache.maven.surefire.testng.TestNGExecutor.run(TestNGExecutor.java:70)
	at org.apache.maven.surefire.testng.TestNGDirectoryTestSuite.executeMulti(TestNGDirectoryTestSuite.java:158)
	at org.apache.maven.surefire.testng.TestNGDirectoryTestSuite.execute(TestNGDirectoryTestSuite.java:98)
	at org.apache.maven.surefire.testng.TestNGProvider.invoke(TestNGProvider.java:111)
	at sun.reflect.NativeMethodAccessorImpl.invoke0(Native Method)
	at sun.reflect.NativeMethodAccessorImpl.invoke(NativeMethodAccessorImpl.java:62)
	at sun.reflect.DelegatingMethodAccessorImpl.invoke(DelegatingMethodAccessorImpl.java:43)
	at java.lang.reflect.Method.invoke(Method.java:498)
	at org.apache.maven.surefire.util.ReflectionUtils.invokeMethodWithArray(ReflectionUtils.java:164)
	at org.apache.maven.surefire.booter.ProviderFactory$ProviderProxy.invoke(ProviderFactory.java:110)
	at org.apache.maven.surefire.booter.SurefireStarter.invokeProvider(SurefireStarter.java:175)
	at org.apache.maven.surefire.booter.SurefireStarter.runSuitesInProcessWhenForked(SurefireStarter.java:107)
	at org.apache.maven.surefire.booter.ForkedBooter.main(ForkedBooter.java:68)
</failure>
    <system-out>15:56:36.529 [main] DEBUG c.i.karate.cucumber.CucumberRunner - loading feature: /C:/Research/karate-master/karate-testng/target/test-classes/com/intuit/karate/testng/files/working-dir.feature
Feature: test working directory edge cases

  Scenario: a called script still knows what the working directory is &amp;#27;[90m# com/intuit/karate/testng/files/working-dir.feature:3&amp;#27;[0m
    &amp;#27;[31m* &amp;#27;[0m&amp;#27;[31mdef &amp;#27;[0m&amp;#27;[31m&amp;#27;[1mtext&amp;#27;[0m&amp;#27;[31m = &amp;#27;[0m&amp;#27;[31m&amp;#27;[1mcall read(&apos;classpath:file-utils.js&apos;) &apos;relative.txt&apos;&amp;#27;[0m  &amp;#27;[90m# StepDefs.def(String,String)&amp;#27;[0m
      &amp;#27;[31mjava.lang.RuntimeException: javascript evaluation failed: read(&apos;classpath:file-utils.js&apos;)
      	at com.intuit.karate.Script.evalInNashorn(Script.java:383)
      	at com.intuit.karate.Script.evalInNashorn(Script.java:358)
      	at com.intuit.karate.Script.eval(Script.java:269)
      	at com.intuit.karate.Script.eval(Script.java:182)
      	at com.intuit.karate.Script.call(Script.java:1254)
      	at com.intuit.karate.Script.eval(Script.java:223)
      	at com.intuit.karate.Script.eval(Script.java:182)
      	at com.intuit.karate.Script.assign(Script.java:606)
      	at com.intuit.karate.Script.assign(Script.java:537)
      	at com.intuit.karate.StepDefs.def(StepDefs.java:268)
      	at ?.* def text = call read(&apos;classpath:file-utils.js&apos;) &apos;relative.txt&apos;(com/intuit/karate/testng/files/working-dir.feature:5)
      Caused by: com.intuit.karate.exception.KarateFileNotFoundException: file not found: file-utils.js, classpath: true
      	at com.intuit.karate.FileUtils.readFileAsString(FileUtils.java:89)
      	at com.intuit.karate.FileUtils.readFile(FileUtils.java:65)
      	at jdk.nashorn.internal.scripts.Script$Recompilation$531$15A$\^eval\_.L:1(&lt;eval&gt;:3)
      	at jdk.nashorn.internal.runtime.ScriptFunctionData.invoke(ScriptFunctionData.java:639)
      	at jdk.nashorn.internal.runtime.ScriptFunction.invoke(ScriptFunction.java:494)
      	at jdk.nashorn.internal.runtime.ScriptRuntime.apply(ScriptRuntime.java:393)
      	at jdk.nashorn.api.scripting.ScriptObjectMirror.call(ScriptObjectMirror.java:117)
      	at jdk.nashorn.internal.scripts.Script$536$\^eval\_.:program(&lt;eval&gt;:1)
      	at jdk.nashorn.internal.runtime.ScriptFunctionData.invoke(ScriptFunctionData.java:637)
      	at jdk.nashorn.internal.runtime.ScriptFunction.invoke(ScriptFunction.java:494)
      	at jdk.nashorn.internal.runtime.ScriptRuntime.apply(ScriptRuntime.java:393)
      	at jdk.nashorn.api.scripting.NashornScriptEngine.evalImpl(NashornScriptEngine.java:446)
      	at jdk.nashorn.api.scripting.NashornScriptEngine.evalImpl(NashornScriptEngine.java:403)
      	at jdk.nashorn.api.scripting.NashornScriptEngine.evalImpl(NashornScriptEngine.java:399)
      	at jdk.nashorn.api.scripting.NashornScriptEngine.eval(NashornScriptEngine.java:155)
      	at javax.script.AbstractScriptEngine.eval(AbstractScriptEngine.java:264)
      	at com.intuit.karate.Script.evalInNashorn(Script.java:379)
      	at com.intuit.karate.Script.evalInNashorn(Script.java:358)
      	at com.intuit.karate.Script.eval(Script.java:269)
      	at com.intuit.karate.Script.eval(Script.java:182)
      	at com.intuit.karate.Script.call(Script.java:1254)
      	at com.intuit.karate.Script.eval(Script.java:223)
      	at com.intuit.karate.Script.eval(Script.java:182)
      	at com.intuit.karate.Script.assign(Script.java:606)
      	at com.intuit.karate.Script.assign(Script.java:537)
      	at com.intuit.karate.StepDefs.def(StepDefs.java:268)
      	at sun.reflect.GeneratedMethodAccessor9.invoke(Unknown Source)
      	at sun.reflect.DelegatingMethodAccessorImpl.invoke(DelegatingMethodAccessorImpl.java:43)
      	at java.lang.reflect.Method.invoke(Method.java:498)
      	at cucumber.runtime.Utils$1.call(Utils.java:40)
      	at cucumber.runtime.Timeout.timeout(Timeout.java:16)
      	at cucumber.runtime.Utils.invoke(Utils.java:34)
      	at cucumber.runtime.java.JavaStepDefinition.execute(JavaStepDefinition.java:38)
      	at cucumber.runtime.StepDefinitionMatch.runStep(StepDefinitionMatch.java:37)
      	at cucumber.runtime.Runtime.runStep(Runtime.java:300)
      	at cucumber.runtime.model.StepContainer.runStep(StepContainer.java:44)
      	at cucumber.runtime.model.StepContainer.runSteps(StepContainer.java:39)
      	at cucumber.runtime.model.CucumberScenario.run(CucumberScenario.java:44)
      	at cucumber.runtime.model.CucumberFeature.run(CucumberFeature.java:165)
      	at com.intuit.karate.testng.KarateRunner.feature(KarateRunner.java:59)
      	at sun.reflect.NativeMethodAccessorImpl.invoke0(Native Method)
      	at sun.reflect.NativeMethodAccessorImpl.invoke(NativeMethodAccessorImpl.java:62)
      	at sun.reflect.DelegatingMethodAccessorImpl.invoke(DelegatingMethodAccessorImpl.java:43)
      	at java.lang.reflect.Method.invoke(Method.java:498)
      	at org.testng.internal.MethodInvocationHelper.invokeMethod(MethodInvocationHelper.java:86)
      	at org.testng.internal.Invoker.invokeMethod(Invoker.java:643)
      	at org.testng.internal.Invoker.invokeTestMethod(Invoker.java:820)
      	at org.testng.internal.Invoker.invokeTestMethods(Invoker.java:1128)
      	at org.testng.internal.TestMethodWorker.invokeTestMethods(TestMethodWorker.java:129)
      	at org.testng.internal.TestMethodWorker.run(TestMethodWorker.java:112)
      	at org.testng.TestRunner.privateRun(TestRunner.java:782)
      	at org.testng.TestRunner.run(TestRunner.java:632)
      	at org.testng.SuiteRunner.runTest(SuiteRunner.java:366)
      	at org.testng.SuiteRunner.runSequentially(SuiteRunner.java:361)
      	at org.testng.SuiteRunner.privateRun(SuiteRunner.java:319)
      	at org.testng.SuiteRunner.run(SuiteRunner.java:268)
      	at org.testng.SuiteRunnerWorker.runSuite(SuiteRunnerWorker.java:52)
      	at org.testng.SuiteRunnerWorker.run(SuiteRunnerWorker.java:86)
      	at org.testng.TestNG.runSuitesSequentially(TestNG.java:1244)
      	at org.testng.TestNG.runSuitesLocally(TestNG.java:1169)
      	at org.testng.TestNG.run(TestNG.java:1064)
      	at org.apache.maven.surefire.testng.TestNGExecutor.run(TestNGExecutor.java:70)
      	at org.apache.maven.surefire.testng.TestNGDirectoryTestSuite.executeMulti(TestNGDirectoryTestSuite.java:158)
      	at org.apache.maven.surefire.testng.TestNGDirectoryTestSuite.execute(TestNGDirectoryTestSuite.java:98)
      	at org.apache.maven.surefire.testng.TestNGProvider.invoke(TestNGProvider.java:111)
      	at sun.reflect.NativeMethodAccessorImpl.invoke0(Native Method)
      	at sun.reflect.NativeMethodAccessorImpl.invoke(NativeMethodAccessorImpl.java:62)
      	at sun.reflect.DelegatingMethodAccessorImpl.invoke(DelegatingMethodAccessorImpl.java:43)
      	at java.lang.reflect.Method.invoke(Method.java:498)
      	at org.apache.maven.surefire.util.ReflectionUtils.invokeMethodWithArray(ReflectionUtils.java:164)
      	at org.apache.maven.surefire.booter.ProviderFactory$ProviderProxy.invoke(ProviderFactory.java:110)
      	at org.apache.maven.surefire.booter.SurefireStarter.invokeProvider(SurefireStarter.java:175)
      	at org.apache.maven.surefire.booter.SurefireStarter.runSuitesInProcessWhenForked(SurefireStarter.java:107)
      	at org.apache.maven.surefire.booter.ForkedBooter.main(ForkedBooter.java:68)
      &amp;#27;[0m
    &amp;#27;[36m* &amp;#27;[0m&amp;#27;[36mmatch &amp;#27;[0m&amp;#27;[36m&amp;#27;[1mtext&amp;#27;[0m&amp;#27;[36m &amp;#27;[0m&amp;#27;[36m&amp;#27;[1m==&amp;#27;[0m&amp;#27;[36m &amp;#27;[0m&amp;#27;[36m&amp;#27;[1m&apos;hello world&apos;&amp;#27;[0m                                     &amp;#27;[90m# StepDefs.matchEquals(String,String,String,String,String)&amp;#27;[0m
</system-out>
  </testcase>
  <testcase classname="com.intuit.karate.testng.KarateTestngTest" name="feature" time="0.177">
    <failure message="java.lang.RuntimeException: failed to construct class by name: java.lang.ClassNotFoundException: com.intuit.karate.junit4.http.DummyHttpClient, aborting" type="cucumber.runtime.CucumberException">cucumber.runtime.CucumberException: java.lang.RuntimeException: failed to construct class by name: java.lang.ClassNotFoundException: com.intuit.karate.junit4.http.DummyHttpClient, aborting
	at com.intuit.karate.testng.KarateRunner.feature(KarateRunner.java:61)
	at sun.reflect.NativeMethodAccessorImpl.invoke0(Native Method)
	at sun.reflect.NativeMethodAccessorImpl.invoke(NativeMethodAccessorImpl.java:62)
	at sun.reflect.DelegatingMethodAccessorImpl.invoke(DelegatingMethodAccessorImpl.java:43)
	at java.lang.reflect.Method.invoke(Method.java:498)
	at org.testng.internal.MethodInvocationHelper.invokeMethod(MethodInvocationHelper.java:86)
	at org.testng.internal.Invoker.invokeMethod(Invoker.java:643)
	at org.testng.internal.Invoker.invokeTestMethod(Invoker.java:820)
	at org.testng.internal.Invoker.invokeTestMethods(Invoker.java:1128)
	at org.testng.internal.TestMethodWorker.invokeTestMethods(TestMethodWorker.java:129)
	at org.testng.internal.TestMethodWorker.run(TestMethodWorker.java:112)
	at org.testng.TestRunner.privateRun(TestRunner.java:782)
	at org.testng.TestRunner.run(TestRunner.java:632)
	at org.testng.SuiteRunner.runTest(SuiteRunner.java:366)
	at org.testng.SuiteRunner.runSequentially(SuiteRunner.java:361)
	at org.testng.SuiteRunner.privateRun(SuiteRunner.java:319)
	at org.testng.SuiteRunner.run(SuiteRunner.java:268)
	at org.testng.SuiteRunnerWorker.runSuite(SuiteRunnerWorker.java:52)
	at org.testng.SuiteRunnerWorker.run(SuiteRunnerWorker.java:86)
	at org.testng.TestNG.runSuitesSequentially(TestNG.java:1244)
	at org.testng.TestNG.runSuitesLocally(TestNG.java:1169)
	at org.testng.TestNG.run(TestNG.java:1064)
	at org.apache.maven.surefire.testng.TestNGExecutor.run(TestNGExecutor.java:70)
	at org.apache.maven.surefire.testng.TestNGDirectoryTestSuite.executeMulti(TestNGDirectoryTestSuite.java:158)
	at org.apache.maven.surefire.testng.TestNGDirectoryTestSuite.execute(TestNGDirectoryTestSuite.java:98)
	at org.apache.maven.surefire.testng.TestNGProvider.invoke(TestNGProvider.java:111)
	at sun.reflect.NativeMethodAccessorImpl.invoke0(Native Method)
	at sun.reflect.NativeMethodAccessorImpl.invoke(NativeMethodAccessorImpl.java:62)
	at sun.reflect.DelegatingMethodAccessorImpl.invoke(DelegatingMethodAccessorImpl.java:43)
	at java.lang.reflect.Method.invoke(Method.java:498)
	at org.apache.maven.surefire.util.ReflectionUtils.invokeMethodWithArray(ReflectionUtils.java:164)
	at org.apache.maven.surefire.booter.ProviderFactory$ProviderProxy.invoke(ProviderFactory.java:110)
	at org.apache.maven.surefire.booter.SurefireStarter.invokeProvider(SurefireStarter.java:175)
	at org.apache.maven.surefire.booter.SurefireStarter.runSuitesInProcessWhenForked(SurefireStarter.java:107)
	at org.apache.maven.surefire.booter.ForkedBooter.main(ForkedBooter.java:68)
Caused by: java.lang.RuntimeException: failed to construct class by name: java.lang.ClassNotFoundException: com.intuit.karate.junit4.http.DummyHttpClient, aborting
	at com.intuit.karate.http.HttpClient.construct(HttpClient.java:261)
	at com.intuit.karate.ScriptContext.configure(ScriptContext.java:172)
	at com.intuit.karate.ScriptContext.configure(ScriptContext.java:144)
	at com.intuit.karate.StepDefs.configure(StepDefs.java:102)
	at ✽.* configure httpClientClass = &apos;com.intuit.karate.junit4.http.DummyHttpClient&apos;(com/intuit/karate/testng/http/dummy-http-client.feature:4)
Caused by: java.lang.RuntimeException: failed to construct class by name: java.lang.ClassNotFoundException: com.intuit.karate.junit4.http.DummyHttpClient, aborting
	at com.intuit.karate.http.HttpClient.construct(HttpClient.java:261)
	at com.intuit.karate.ScriptContext.configure(ScriptContext.java:172)
	at com.intuit.karate.ScriptContext.configure(ScriptContext.java:144)
	at com.intuit.karate.StepDefs.configure(StepDefs.java:102)
	at ✽.* configure httpClientClass = &apos;com.intuit.karate.junit4.http.DummyHttpClient&apos;(com/intuit/karate/testng/http/dummy-http-client.feature:4)
</failure>
    <system-out>15:56:36.609 [main] DEBUG c.i.karate.cucumber.CucumberRunner - loading feature: /C:/Research/karate-master/karate-testng/target/test-classes/com/intuit/karate/testng/http/dummy-http-client.feature
Feature: swapping an http client on the fly

  Scenario: configure http client class                                           &amp;#27;[90m# com/intuit/karate/testng/http/dummy-http-client.feature:3&amp;#27;[0m
    &amp;#27;[31m* &amp;#27;[0m&amp;#27;[31mconfigure &amp;#27;[0m&amp;#27;[31m&amp;#27;[1mhttpClientClass&amp;#27;[0m&amp;#27;[31m = &amp;#27;[0m&amp;#27;[31m&amp;#27;[1m&apos;com.intuit.karate.junit4.http.DummyHttpClient&apos;&amp;#27;[0m &amp;#27;[90m# StepDefs.configure(String,String)&amp;#27;[0m
      &amp;#27;[31mjava.lang.RuntimeException: failed to construct class by name: java.lang.ClassNotFoundException: com.intuit.karate.junit4.http.DummyHttpClient, aborting
      	at com.intuit.karate.http.HttpClient.construct(HttpClient.java:261)
      	at com.intuit.karate.ScriptContext.configure(ScriptContext.java:172)
      	at com.intuit.karate.ScriptContext.configure(ScriptContext.java:144)
      	at com.intuit.karate.StepDefs.configure(StepDefs.java:102)
      	at ?.* configure httpClientClass = &apos;com.intuit.karate.junit4.http.DummyHttpClient&apos;(com/intuit/karate/testng/http/dummy-http-client.feature:4)
      &amp;#27;[0m
    &amp;#27;[36m* &amp;#27;[0m&amp;#27;[36mconfigure &amp;#27;[0m&amp;#27;[36m&amp;#27;[1muserDefined&amp;#27;[0m&amp;#27;[36m = &amp;#27;[0m&amp;#27;[36m&amp;#27;[1m{ name: &apos;Smith&apos; }&amp;#27;[0m                                   &amp;#27;[90m# StepDefs.configure(String,String)&amp;#27;[0m
    &amp;#27;[36mGiven &amp;#27;[0m&amp;#27;[36murl &amp;#27;[0m&amp;#27;[36m&amp;#27;[1m&apos;http://foo.bar&apos;&amp;#27;[0m                                                    &amp;#27;[90m# StepDefs.url(String)&amp;#27;[0m
    &amp;#27;[36mWhen &amp;#27;[0m&amp;#27;[36mmethod &amp;#27;[0m&amp;#27;[36m&amp;#27;[1mget&amp;#27;[0m                                                               &amp;#27;[90m# StepDefs.method(String)&amp;#27;[0m
    &amp;#27;[36mThen &amp;#27;[0m&amp;#27;[36mmatch &amp;#27;[0m&amp;#27;[36m&amp;#27;[1mresponse&amp;#27;[0m&amp;#27;[36m &amp;#27;[0m&amp;#27;[36m&amp;#27;[1m==&amp;#27;[0m&amp;#27;[36m &amp;#27;[0m&amp;#27;[36m&amp;#27;[1m&apos;hello Smith&apos;&amp;#27;[0m                                          &amp;#27;[90m# StepDefs.matchEquals(String,String,String,String,String)&amp;#27;[0m
</system-out>
  </testcase>
  <testcase classname="com.intuit.karate.testng.KarateTestngTest" name="feature" time="0.132"/>
  <testcase classname="com.intuit.karate.testng.KarateTestngTest" name="feature" time="0.611"/>
  <testcase classname="com.intuit.karate.testng.KarateTestngTest" name="testParallel" time="12.823">
    <failure message="expected [false] but found [there are scenario failures]" type="java.lang.AssertionError">java.lang.AssertionError: expected [false] but found [there are scenario failures]
	at org.testng.Assert.fail(Assert.java:94)
	at org.testng.Assert.failNotEquals(Assert.java:513)
	at org.testng.Assert.assertEqualsImpl(Assert.java:135)
	at org.testng.Assert.assertEquals(Assert.java:116)
	at org.testng.Assert.assertEquals(Assert.java:179)
	at com.intuit.karate.testng.KarateRunner.testParallel(KarateRunner.java:71)
	at sun.reflect.NativeMethodAccessorImpl.invoke0(Native Method)
	at sun.reflect.NativeMethodAccessorImpl.invoke(NativeMethodAccessorImpl.java:62)
	at sun.reflect.DelegatingMethodAccessorImpl.invoke(DelegatingMethodAccessorImpl.java:43)
	at java.lang.reflect.Method.invoke(Method.java:498)
	at org.testng.internal.MethodInvocationHelper.invokeMethod(MethodInvocationHelper.java:86)
	at org.testng.internal.Invoker.invokeMethod(Invoker.java:643)
	at org.testng.internal.Invoker.invokeTestMethod(Invoker.java:820)
	at org.testng.internal.Invoker.invokeTestMethods(Invoker.java:1128)
	at org.testng.internal.TestMethodWorker.invokeTestMethods(TestMethodWorker.java:129)
	at org.testng.internal.TestMethodWorker.run(TestMethodWorker.java:112)
	at org.testng.TestRunner.privateRun(TestRunner.java:782)
	at org.testng.TestRunner.run(TestRunner.java:632)
	at org.testng.SuiteRunner.runTest(SuiteRunner.java:366)
	at org.testng.SuiteRunner.runSequentially(SuiteRunner.java:361)
	at org.testng.SuiteRunner.privateRun(SuiteRunner.java:319)
	at org.testng.SuiteRunner.run(SuiteRunner.java:268)
	at org.testng.SuiteRunnerWorker.runSuite(SuiteRunnerWorker.java:52)
	at org.testng.SuiteRunnerWorker.run(SuiteRunnerWorker.java:86)
	at org.testng.TestNG.runSuitesSequentially(TestNG.java:1244)
	at org.testng.TestNG.runSuitesLocally(TestNG.java:1169)
	at org.testng.TestNG.run(TestNG.java:1064)
	at org.apache.maven.surefire.testng.TestNGExecutor.run(TestNGExecutor.java:70)
	at org.apache.maven.surefire.testng.TestNGDirectoryTestSuite.executeMulti(TestNGDirectoryTestSuite.java:158)
	at org.apache.maven.surefire.testng.TestNGDirectoryTestSuite.execute(TestNGDirectoryTestSuite.java:98)
	at org.apache.maven.surefire.testng.TestNGProvider.invoke(TestNGProvider.java:111)
	at sun.reflect.NativeMethodAccessorImpl.invoke0(Native Method)
	at sun.reflect.NativeMethodAccessorImpl.invoke(NativeMethodAccessorImpl.java:62)
	at sun.reflect.DelegatingMethodAccessorImpl.invoke(DelegatingMethodAccessorImpl.java:43)
	at java.lang.reflect.Method.invoke(Method.java:498)
	at org.apache.maven.surefire.util.ReflectionUtils.invokeMethodWithArray(ReflectionUtils.java:164)
	at org.apache.maven.surefire.booter.ProviderFactory$ProviderProxy.invoke(ProviderFactory.java:110)
	at org.apache.maven.surefire.booter.SurefireStarter.invokeProvider(SurefireStarter.java:175)
	at org.apache.maven.surefire.booter.SurefireStarter.runSuitesInProcessWhenForked(SurefireStarter.java:107)
	at org.apache.maven.surefire.booter.ForkedBooter.main(ForkedBooter.java:68)
</failure>
    <system-out>15:56:37.571 [main] DEBUG c.i.karate.cucumber.CucumberRunner - init test class: class com.intuit.karate.testng.KarateTestngTest
15:56:37.857 [pool-1-thread-4] DEBUG c.i.k.cucumber.KarateJunitFormatter - &gt;&gt; target\surefire-reports\TEST-com.intuit.karate.testng.demos.each-predicate-dollar.xml
15:56:37.859 [pool-1-thread-5] DEBUG c.i.k.cucumber.KarateJunitFormatter - &gt;&gt; target\surefire-reports\TEST-com.intuit.karate.testng.demos.examples.xml
15:56:37.860 [pool-1-thread-1] DEBUG c.i.k.cucumber.KarateJunitFormatter - &gt;&gt; target\surefire-reports\TEST-com.intuit.karate.testng.cukeoptions.first.xml
15:56:37.861 [pool-1-thread-2] DEBUG c.i.k.cucumber.KarateJunitFormatter - &gt;&gt; target\surefire-reports\TEST-com.intuit.karate.testng.cukeoptions.second.xml
15:56:37.861 [pool-1-thread-3] DEBUG c.i.k.cucumber.KarateJunitFormatter - &gt;&gt; target\surefire-reports\TEST-com.intuit.karate.testng.demos.call-once.xml
15:56:37.878 [pool-1-thread-4] INFO  c.i.karate.cucumber.CucumberRunner - &gt;&gt;&gt;&gt; feature 4 of 18 on thread pool-1-thread-4: com/intuit/karate/testng/demos/each-predicate-dollar.feature
15:56:37.880 [pool-1-thread-4] DEBUG c.i.karate.cucumber.CucumberRunner - loading feature: /C:/Research/karate-master/karate-testng/target/test-classes/com/intuit/karate/testng/demos/each-predicate-dollar.feature
15:56:37.886 [pool-1-thread-5] INFO  c.i.karate.cucumber.CucumberRunner - &gt;&gt;&gt;&gt; feature 5 of 18 on thread pool-1-thread-5: com/intuit/karate/testng/demos/examples.feature
15:56:37.887 [pool-1-thread-5] DEBUG c.i.karate.cucumber.CucumberRunner - loading feature: /C:/Research/karate-master/karate-testng/target/test-classes/com/intuit/karate/testng/demos/examples.feature
15:56:37.889 [pool-1-thread-1] INFO  c.i.karate.cucumber.CucumberRunner - &gt;&gt;&gt;&gt; feature 1 of 18 on thread pool-1-thread-1: com/intuit/karate/testng/cukeoptions/first.feature
15:56:37.891 [pool-1-thread-1] DEBUG c.i.karate.cucumber.CucumberRunner - loading feature: /C:/Research/karate-master/karate-testng/target/test-classes/com/intuit/karate/testng/cukeoptions/first.feature
15:56:37.902 [pool-1-thread-3] INFO  c.i.karate.cucumber.CucumberRunner - &gt;&gt;&gt;&gt; feature 3 of 18 on thread pool-1-thread-3: com/intuit/karate/testng/demos/call-once.feature
15:56:37.903 [pool-1-thread-3] DEBUG c.i.karate.cucumber.CucumberRunner - loading feature: /C:/Research/karate-master/karate-testng/target/test-classes/com/intuit/karate/testng/demos/call-once.feature
15:56:37.909 [pool-1-thread-2] INFO  c.i.karate.cucumber.CucumberRunner - &gt;&gt;&gt;&gt; feature 2 of 18 on thread pool-1-thread-2: com/intuit/karate/testng/cukeoptions/second.feature
15:56:37.910 [pool-1-thread-2] DEBUG c.i.karate.cucumber.CucumberRunner - loading feature: /C:/Research/karate-master/karate-testng/target/test-classes/com/intuit/karate/testng/cukeoptions/second.feature
15:56:38.132 [pool-1-thread-4] WARN  com.intuit.karate - embedded json script eval failed at path $.fahrenheit: javascript evaluation failed: ($.celsius * 1.8 + 32)
15:56:38.139 [pool-1-thread-2] INFO  c.i.karate.cucumber.CucumberRunner - &lt;&lt;&lt;&lt; feature 2 of 18 on thread pool-1-thread-2: com/intuit/karate/testng/cukeoptions/second.feature
---------------------------------------------------------
feature: com.intuit.karate.testng.cukeoptions.second
report: target\surefire-reports\TEST-com.intuit.karate.testng.cukeoptions.second.xml
15:56:38.154 [pool-1-thread-3] ERROR c.i.k.cucumber.KarateJunitFormatter - failed feature: com.intuit.karate.testng.demos.call-once
java.lang.RuntimeException: javascript evaluation failed: Java.type(&apos;com.intuit.karate.junit4.demos.CallOnceHelper&apos;)
	at com.intuit.karate.Script.evalInNashorn(Script.java:383)
	at com.intuit.karate.Script.evalInNashorn(Script.java:358)
	at com.intuit.karate.Script.eval(Script.java:269)
	at com.intuit.karate.Script.eval(Script.java:182)
	at com.intuit.karate.Script.assign(Script.java:606)
	at com.intuit.karate.Script.assign(Script.java:537)
	at com.intuit.karate.StepDefs.def(StepDefs.java:268)
	at ?.* def helper = Java.type(&apos;com.intuit.karate.junit4.demos.CallOnceHelper&apos;)(com/intuit/karate/testng/demos/call-once.feature:4)
Caused by: java.lang.RuntimeException: java.lang.ClassNotFoundException: com.intuit.karate.junit4.demos.CallOnceHelper
	at jdk.nashorn.internal.runtime.ScriptRuntime.apply(ScriptRuntime.java:397)
	at jdk.nashorn.api.scripting.NashornScriptEngine.evalImpl(NashornScriptEngine.java:446)
	at jdk.nashorn.api.scripting.NashornScriptEngine.evalImpl(NashornScriptEngine.java:403)
	at jdk.nashorn.api.scripting.NashornScriptEngine.evalImpl(NashornScriptEngine.java:399)
	at jdk.nashorn.api.scripting.NashornScriptEngine.eval(NashornScriptEngine.java:155)
	at javax.script.AbstractScriptEngine.eval(AbstractScriptEngine.java:264)
	at com.intuit.karate.Script.evalInNashorn(Script.java:379)
	at com.intuit.karate.Script.evalInNashorn(Script.java:358)
	at com.intuit.karate.Script.eval(Script.java:269)
	at com.intuit.karate.Script.eval(Script.java:182)
	at com.intuit.karate.Script.assign(Script.java:606)
	at com.intuit.karate.Script.assign(Script.java:537)
	at com.intuit.karate.StepDefs.def(StepDefs.java:268)
	at sun.reflect.GeneratedMethodAccessor9.invoke(Unknown Source)
	at sun.reflect.DelegatingMethodAccessorImpl.invoke(DelegatingMethodAccessorImpl.java:43)
	at java.lang.reflect.Method.invoke(Method.java:498)
	at cucumber.runtime.Utils$1.call(Utils.java:40)
	at cucumber.runtime.Timeout.timeout(Timeout.java:16)
	at cucumber.runtime.Utils.invoke(Utils.java:34)
	at cucumber.runtime.java.JavaStepDefinition.execute(JavaStepDefinition.java:38)
	at cucumber.runtime.StepDefinitionMatch.runStep(StepDefinitionMatch.java:37)
	at cucumber.runtime.Runtime.runStep(Runtime.java:300)
	at cucumber.runtime.model.StepContainer.runStep(StepContainer.java:44)
	at cucumber.runtime.model.StepContainer.runSteps(StepContainer.java:39)
	at cucumber.runtime.model.CucumberScenario.runBackground(CucumberScenario.java:59)
	at cucumber.runtime.model.CucumberScenario.run(CucumberScenario.java:42)
	at cucumber.runtime.model.CucumberScenarioOutline.run(CucumberScenarioOutline.java:46)
	at cucumber.runtime.model.CucumberFeature.run(CucumberFeature.java:165)
	at com.intuit.karate.cucumber.CucumberRunner.run(CucumberRunner.java:149)
	at com.intuit.karate.cucumber.CucumberRunner.lambda$parallel$0(CucumberRunner.java:201)
	at java.util.concurrent.FutureTask.run(FutureTask.java:266)
	at java.util.concurrent.ThreadPoolExecutor.runWorker(ThreadPoolExecutor.java:1142)
	at java.util.concurrent.ThreadPoolExecutor$Worker.run(ThreadPoolExecutor.java:617)
	at java.lang.Thread.run(Thread.java:745)
Caused by: java.lang.ClassNotFoundException: com.intuit.karate.junit4.demos.CallOnceHelper
	at java.net.URLClassLoader.findClass(URLClassLoader.java:381)
	at java.lang.ClassLoader.loadClass(ClassLoader.java:424)
	at sun.misc.Launcher$AppClassLoader.loadClass(Launcher.java:331)
	at java.lang.ClassLoader.loadClass(ClassLoader.java:357)
	at java.lang.Class.forName0(Native Method)
	at java.lang.Class.forName(Class.java:348)
	at jdk.nashorn.internal.runtime.Context.findClass(Context.java:1057)
	at jdk.nashorn.internal.objects.NativeJava.simpleType(NativeJava.java:498)
	at jdk.nashorn.internal.objects.NativeJava.type(NativeJava.java:322)
	at jdk.nashorn.internal.objects.NativeJava.type(NativeJava.java:314)
	at jdk.nashorn.internal.objects.NativeJava.type(NativeJava.java:310)
	at jdk.nashorn.internal.scripts.Script$643$\^eval\_.:program(&lt;eval&gt;:1)
	at jdk.nashorn.internal.runtime.ScriptFunctionData.invoke(ScriptFunctionData.java:637)
	at jdk.nashorn.internal.runtime.ScriptFunction.invoke(ScriptFunction.java:494)
	at jdk.nashorn.internal.runtime.ScriptRuntime.apply(ScriptRuntime.java:393)
	... 33 common frames omitted
scenarios:  1 | failed:  0 | skipped:  0 | time: 0.224211
---------------------------------------------------------
15:56:38.168 [pool-1-thread-2] DEBUG c.i.k.cucumber.KarateJunitFormatter - &gt;&gt; target\surefire-reports\TEST-com.intuit.karate.testng.demos.js-arrays.xml
15:56:38.174 [pool-1-thread-2] INFO  c.i.karate.cucumber.CucumberRunner - &gt;&gt;&gt;&gt; feature 6 of 18 on thread pool-1-thread-2: com/intuit/karate/testng/demos/js-arrays.feature
15:56:38.175 [pool-1-thread-2] DEBUG c.i.karate.cucumber.CucumberRunner - loading feature: /C:/Research/karate-master/karate-testng/target/test-classes/com/intuit/karate/testng/demos/js-arrays.feature
15:56:38.195 [pool-1-thread-1] INFO  c.i.karate.cucumber.CucumberRunner - &lt;&lt;&lt;&lt; feature 1 of 18 on thread pool-1-thread-1: com/intuit/karate/testng/cukeoptions/first.feature
---------------------------------------------------------
feature: com.intuit.karate.testng.cukeoptions.first
report: target\surefire-reports\TEST-com.intuit.karate.testng.cukeoptions.first.xml
scenarios:  1 | failed:  0 | skipped:  0 | time: 0.290692
---------------------------------------------------------
15:56:38.208 [pool-1-thread-1] DEBUG c.i.k.cucumber.KarateJunitFormatter - &gt;&gt; target\surefire-reports\TEST-com.intuit.karate.testng.demos.random-jsonpath.xml
15:56:38.213 [pool-1-thread-1] INFO  c.i.karate.cucumber.CucumberRunner - &gt;&gt;&gt;&gt; feature 7 of 18 on thread pool-1-thread-1: com/intuit/karate/testng/demos/random-jsonpath.feature
15:56:38.214 [pool-1-thread-1] DEBUG c.i.karate.cucumber.CucumberRunner - loading feature: /C:/Research/karate-master/karate-testng/target/test-classes/com/intuit/karate/testng/demos/random-jsonpath.feature
15:56:38.323 [pool-1-thread-3] ERROR c.i.k.cucumber.KarateJunitFormatter - failed feature: com.intuit.karate.testng.demos.call-once
java.lang.RuntimeException: javascript evaluation failed: Java.type(&apos;com.intuit.karate.junit4.demos.CallOnceHelper&apos;)
	at com.intuit.karate.Script.evalInNashorn(Script.java:383)
	at com.intuit.karate.Script.evalInNashorn(Script.java:358)
	at com.intuit.karate.Script.eval(Script.java:269)
	at com.intuit.karate.Script.eval(Script.java:182)
	at com.intuit.karate.Script.assign(Script.java:606)
	at com.intuit.karate.Script.assign(Script.java:537)
	at com.intuit.karate.StepDefs.def(StepDefs.java:268)
	at ?.* def helper = Java.type(&apos;com.intuit.karate.junit4.demos.CallOnceHelper&apos;)(com/intuit/karate/testng/demos/call-once.feature:4)
Caused by: java.lang.RuntimeException: java.lang.ClassNotFoundException: com.intuit.karate.junit4.demos.CallOnceHelper
	at jdk.nashorn.internal.runtime.ScriptRuntime.apply(ScriptRuntime.java:397)
	at jdk.nashorn.api.scripting.NashornScriptEngine.evalImpl(NashornScriptEngine.java:446)
	at jdk.nashorn.api.scripting.NashornScriptEngine.evalImpl(NashornScriptEngine.java:403)
	at jdk.nashorn.api.scripting.NashornScriptEngine.evalImpl(NashornScriptEngine.java:399)
	at jdk.nashorn.api.scripting.NashornScriptEngine.eval(NashornScriptEngine.java:155)
	at javax.script.AbstractScriptEngine.eval(AbstractScriptEngine.java:264)
	at com.intuit.karate.Script.evalInNashorn(Script.java:379)
	at com.intuit.karate.Script.evalInNashorn(Script.java:358)
	at com.intuit.karate.Script.eval(Script.java:269)
	at com.intuit.karate.Script.eval(Script.java:182)
	at com.intuit.karate.Script.assign(Script.java:606)
	at com.intuit.karate.Script.assign(Script.java:537)
	at com.intuit.karate.StepDefs.def(StepDefs.java:268)
	at sun.reflect.GeneratedMethodAccessor9.invoke(Unknown Source)
	at sun.reflect.DelegatingMethodAccessorImpl.invoke(DelegatingMethodAccessorImpl.java:43)
	at java.lang.reflect.Method.invoke(Method.java:498)
	at cucumber.runtime.Utils$1.call(Utils.java:40)
	at cucumber.runtime.Timeout.timeout(Timeout.java:16)
	at cucumber.runtime.Utils.invoke(Utils.java:34)
	at cucumber.runtime.java.JavaStepDefinition.execute(JavaStepDefinition.java:38)
	at cucumber.runtime.StepDefinitionMatch.runStep(StepDefinitionMatch.java:37)
	at cucumber.runtime.Runtime.runStep(Runtime.java:300)
	at cucumber.runtime.model.StepContainer.runStep(StepContainer.java:44)
	at cucumber.runtime.model.StepContainer.runSteps(StepContainer.java:39)
	at cucumber.runtime.model.CucumberScenario.runBackground(CucumberScenario.java:59)
	at cucumber.runtime.model.CucumberScenario.run(CucumberScenario.java:42)
	at cucumber.runtime.model.CucumberScenarioOutline.run(CucumberScenarioOutline.java:46)
	at cucumber.runtime.model.CucumberFeature.run(CucumberFeature.java:165)
	at com.intuit.karate.cucumber.CucumberRunner.run(CucumberRunner.java:149)
	at com.intuit.karate.cucumber.CucumberRunner.lambda$parallel$0(CucumberRunner.java:201)
	at java.util.concurrent.FutureTask.run(FutureTask.java:266)
	at java.util.concurrent.ThreadPoolExecutor.runWorker(ThreadPoolExecutor.java:1142)
	at java.util.concurrent.ThreadPoolExecutor$Worker.run(ThreadPoolExecutor.java:617)
	at java.lang.Thread.run(Thread.java:745)
Caused by: java.lang.ClassNotFoundException: com.intuit.karate.junit4.demos.CallOnceHelper
	at java.net.URLClassLoader.findClass(URLClassLoader.java:381)
	at java.lang.ClassLoader.loadClass(ClassLoader.java:424)
	at sun.misc.Launcher$AppClassLoader.loadClass(Launcher.java:331)
	at java.lang.ClassLoader.loadClass(ClassLoader.java:357)
	at java.lang.Class.forName0(Native Method)
	at java.lang.Class.forName(Class.java:348)
	at jdk.nashorn.internal.runtime.Context.findClass(Context.java:1057)
	at jdk.nashorn.internal.objects.NativeJava.simpleType(NativeJava.java:498)
	at jdk.nashorn.internal.objects.NativeJava.type(NativeJava.java:322)
	at jdk.nashorn.internal.objects.NativeJava.type(NativeJava.java:314)
	at jdk.nashorn.internal.objects.NativeJava.type(NativeJava.java:310)
	at jdk.nashorn.internal.scripts.Script$684$\^eval\_.:program(&lt;eval&gt;:1)
	at jdk.nashorn.internal.runtime.ScriptFunctionData.invoke(ScriptFunctionData.java:637)
	at jdk.nashorn.internal.runtime.ScriptFunction.invoke(ScriptFunction.java:494)
	at jdk.nashorn.internal.runtime.ScriptRuntime.apply(ScriptRuntime.java:393)
	... 33 common frames omitted
15:56:38.330 [pool-1-thread-4] WARN  com.intuit.karate - embedded json script eval failed at path $.totalPrice: javascript evaluation failed: ($.roomInformation[0].roomPrice)
15:56:38.349 [pool-1-thread-1] DEBUG com.intuit.karate - loaded file from: C:\Research\karate-master\karate-testng\target\test-classes\com\intuit\karate\testng\demos\data.json - data.json: java.io.FileInputStream@5c9fd4bf
15:56:38.367 [pool-1-thread-3] INFO  c.i.karate.cucumber.CucumberRunner - &lt;&lt;&lt;&lt; feature 3 of 18 on thread pool-1-thread-3: com/intuit/karate/testng/demos/call-once.feature
15:56:38.375 [pool-1-thread-5] WARN  com.intuit.karate - embedded json script eval failed at path $.fahrenheit: javascript evaluation failed: ($.celsius * 1.8 + 32)
15:56:38.390 [pool-1-thread-4] INFO  c.i.karate.cucumber.CucumberRunner - &lt;&lt;&lt;&lt; feature 4 of 18 on thread pool-1-thread-4: com/intuit/karate/testng/demos/each-predicate-dollar.feature
---------------------------------------------------------
feature: com.intuit.karate.testng.demos.each-predicate-dollar
report: target\surefire-reports\TEST-com.intuit.karate.testng.demos.each-predicate-dollar.xml
scenarios:  1 | failed:  0 | skipped:  0 | time: 0.492827
---------------------------------------------------------
---------------------------------------------------------
feature: com.intuit.karate.testng.demos.call-once
report: target\surefire-reports\TEST-com.intuit.karate.testng.demos.call-once.xml
scenarios:  2 | failed:  2 | skipped:  0 | time: 0.345926
---------------------------------------------------------
15:56:38.403 [pool-1-thread-4] DEBUG c.i.k.cucumber.KarateJunitFormatter - &gt;&gt; target\surefire-reports\TEST-com.intuit.karate.testng.demos.read-from-relative-path.xml
15:56:38.415 [pool-1-thread-4] INFO  c.i.karate.cucumber.CucumberRunner - &gt;&gt;&gt;&gt; feature 8 of 18 on thread pool-1-thread-4: com/intuit/karate/testng/demos/read-from-relative-path.feature
15:56:38.421 [pool-1-thread-4] DEBUG c.i.karate.cucumber.CucumberRunner - loading feature: /C:/Research/karate-master/karate-testng/target/test-classes/com/intuit/karate/testng/demos/read-from-relative-path.feature
15:56:38.424 [pool-1-thread-3] DEBUG c.i.k.cucumber.KarateJunitFormatter - &gt;&gt; target\surefire-reports\TEST-com.intuit.karate.testng.demos.replace.xml
15:56:38.427 [pool-1-thread-3] INFO  c.i.karate.cucumber.CucumberRunner - &gt;&gt;&gt;&gt; feature 9 of 18 on thread pool-1-thread-3: com/intuit/karate/testng/demos/replace.feature
15:56:38.428 [pool-1-thread-3] DEBUG c.i.karate.cucumber.CucumberRunner - loading feature: /C:/Research/karate-master/karate-testng/target/test-classes/com/intuit/karate/testng/demos/replace.feature
15:56:38.443 [pool-1-thread-5] INFO  c.i.karate.cucumber.CucumberRunner - &lt;&lt;&lt;&lt; feature 5 of 18 on thread pool-1-thread-5: com/intuit/karate/testng/demos/examples.feature
---------------------------------------------------------
feature: com.intuit.karate.testng.demos.examples
report: target\surefire-reports\TEST-com.intuit.karate.testng.demos.examples.xml
scenarios:  1 | failed:  0 | skipped:  0 | time: 0.454022
---------------------------------------------------------
15:56:38.512 [pool-1-thread-1] INFO  com.intuit.karate - [print] selected index: 1
15:56:38.530 [pool-1-thread-1] INFO  c.i.karate.cucumber.CucumberRunner - &lt;&lt;&lt;&lt; feature 7 of 18 on thread pool-1-thread-1: com/intuit/karate/testng/demos/random-jsonpath.feature
---------------------------------------------------------
feature: com.intuit.karate.testng.demos.random-jsonpath
report: target\surefire-reports\TEST-com.intuit.karate.testng.demos.random-jsonpath.xml
scenarios:  1 | failed:  0 | skipped:  0 | time: 0.305331
---------------------------------------------------------
15:56:38.548 [pool-1-thread-5] DEBUG c.i.k.cucumber.KarateJunitFormatter - &gt;&gt; target\surefire-reports\TEST-com.intuit.karate.testng.demos.scenario-variable-scope.xml
15:56:38.549 [pool-1-thread-1] DEBUG c.i.k.cucumber.KarateJunitFormatter - &gt;&gt; target\surefire-reports\TEST-com.intuit.karate.testng.demos.schema-like.xml
15:56:38.581 [pool-1-thread-1] INFO  c.i.karate.cucumber.CucumberRunner - &gt;&gt;&gt;&gt; feature 11 of 18 on thread pool-1-thread-1: com/intuit/karate/testng/demos/schema-like.feature
15:56:38.582 [pool-1-thread-1] DEBUG c.i.karate.cucumber.CucumberRunner - loading feature: /C:/Research/karate-master/karate-testng/target/test-classes/com/intuit/karate/testng/demos/schema-like.feature
15:56:38.607 [pool-1-thread-5] INFO  c.i.karate.cucumber.CucumberRunner - &gt;&gt;&gt;&gt; feature 10 of 18 on thread pool-1-thread-5: com/intuit/karate/testng/demos/scenario-variable-scope.feature
15:56:38.608 [pool-1-thread-5] DEBUG c.i.karate.cucumber.CucumberRunner - loading feature: /C:/Research/karate-master/karate-testng/target/test-classes/com/intuit/karate/testng/demos/scenario-variable-scope.feature
15:56:38.614 [pool-1-thread-4] DEBUG com.intuit.karate - loaded file from: C:\Research\karate-master\karate-testng\target\test-classes\com\intuit\karate\testng\demos\../syntax/for-demos.js - ../syntax/for-demos.js: java.io.FileInputStream@4fe8c9f
15:56:38.697 [pool-1-thread-4] INFO  c.i.karate.cucumber.CucumberRunner - &lt;&lt;&lt;&lt; feature 8 of 18 on thread pool-1-thread-4: com/intuit/karate/testng/demos/read-from-relative-path.feature
---------------------------------------------------------
feature: com.intuit.karate.testng.demos.read-from-relative-path
report: target\surefire-reports\TEST-com.intuit.karate.testng.demos.read-from-relative-path.xml
scenarios:  1 | failed:  0 | skipped:  0 | time: 0.269697
---------------------------------------------------------
15:56:38.702 [pool-1-thread-4] DEBUG c.i.k.cucumber.KarateJunitFormatter - &gt;&gt; target\surefire-reports\TEST-com.intuit.karate.testng.demos.type-conv.xml
15:56:38.708 [pool-1-thread-4] INFO  c.i.karate.cucumber.CucumberRunner - &gt;&gt;&gt;&gt; feature 12 of 18 on thread pool-1-thread-4: com/intuit/karate/testng/demos/type-conv.feature
15:56:38.709 [pool-1-thread-4] DEBUG c.i.karate.cucumber.CucumberRunner - loading feature: /C:/Research/karate-master/karate-testng/target/test-classes/com/intuit/karate/testng/demos/type-conv.feature
15:56:38.798 [pool-1-thread-1] DEBUG com.intuit.karate - loaded file from: C:\Research\karate-master\karate-testng\target\test-classes\com\intuit\karate\testng\demos\odds.json - odds.json: java.io.FileInputStream@574f4dae
15:56:38.815 [pool-1-thread-1] DEBUG com.intuit.karate - loaded file from: C:\Research\karate-master\karate-testng\target\test-classes\com\intuit\karate\testng\demos\time-validator.js - time-validator.js: java.io.FileInputStream@417dd913
15:56:38.916 [pool-1-thread-5] INFO  c.i.karate.cucumber.CucumberRunner - &lt;&lt;&lt;&lt; feature 10 of 18 on thread pool-1-thread-5: com/intuit/karate/testng/demos/scenario-variable-scope.feature
---------------------------------------------------------
feature: com.intuit.karate.testng.demos.scenario-variable-scope
report: target\surefire-reports\TEST-com.intuit.karate.testng.demos.scenario-variable-scope.xml
scenarios:  2 | failed:  0 | skipped:  0 | time: 0.300267
---------------------------------------------------------
15:56:38.922 [pool-1-thread-5] DEBUG c.i.k.cucumber.KarateJunitFormatter - &gt;&gt; target\surefire-reports\TEST-com.intuit.karate.testng.demos.users.xml
15:56:39.076 [pool-1-thread-5] INFO  c.i.karate.cucumber.CucumberRunner - &gt;&gt;&gt;&gt; feature 13 of 18 on thread pool-1-thread-5: com/intuit/karate/testng/demos/users.feature
15:56:39.129 [pool-1-thread-5] DEBUG c.i.karate.cucumber.CucumberRunner - loading feature: /C:/Research/karate-master/karate-testng/target/test-classes/com/intuit/karate/testng/demos/users.feature
15:56:39.287 [pool-1-thread-5] DEBUG com.intuit.karate - 
1 &gt; GET https://jsonplaceholder.typicode.com/users
1 &gt; Accept-Encoding: gzip,deflate
1 &gt; Connection: Keep-Alive
1 &gt; Host: jsonplaceholder.typicode.com
1 &gt; User-Agent: Apache-HttpClient/4.5.3 (Java/1.8.0_101)

15:56:39.744 [pool-1-thread-3] INFO  c.i.karate.cucumber.CucumberRunner - &lt;&lt;&lt;&lt; feature 9 of 18 on thread pool-1-thread-3: com/intuit/karate/testng/demos/replace.feature
---------------------------------------------------------
feature: com.intuit.karate.testng.demos.replace
report: target\surefire-reports\TEST-com.intuit.karate.testng.demos.replace.xml
scenarios:  7 | failed:  0 | skipped:  0 | time: 1.240863
---------------------------------------------------------
15:56:39.770 [pool-1-thread-3] DEBUG c.i.k.cucumber.KarateJunitFormatter - &gt;&gt; target\surefire-reports\TEST-com.intuit.karate.testng.demos.xml-and-xpath.xml
15:56:39.775 [pool-1-thread-3] INFO  c.i.karate.cucumber.CucumberRunner - &gt;&gt;&gt;&gt; feature 14 of 18 on thread pool-1-thread-3: com/intuit/karate/testng/demos/xml-and-xpath.feature
15:56:39.775 [pool-1-thread-3] DEBUG c.i.karate.cucumber.CucumberRunner - loading feature: /C:/Research/karate-master/karate-testng/target/test-classes/com/intuit/karate/testng/demos/xml-and-xpath.feature
15:56:39.847 [pool-1-thread-1] DEBUG com.intuit.karate - loaded file from: C:\Research\karate-master\karate-testng\target\test-classes\com\intuit\karate\testng\demos\odds.json - odds.json: java.io.FileInputStream@3207d9bd
15:56:39.866 [pool-1-thread-1] INFO  com.intuit.karate - [print] pretty print:
{
  &quot;id&quot;: &quot;390&quot;,
  &quot;count&quot;: 4,
  &quot;odd&quot;: {
    &quot;price&quot;: &quot;1.20&quot;,
    &quot;status&quot;: 2,
    &quot;ck&quot;: 12.2,
    &quot;name&quot;: &quot;2&quot;
  },
  &quot;data&quot;: {
    &quot;countryId&quot;: 35,
    &quot;countryName&quot;: &quot;Norway&quot;,
    &quot;status&quot;: 0,
    &quot;sportName&quot;: &quot;Soccer&quot;,
    &quot;time&quot;: &quot;2016-06-12T12:00:00Z&quot;
  },
  &quot;odds&quot;: [
    {
      &quot;price&quot;: &quot;1.30&quot;,
      &quot;status&quot;: 0,
      &quot;ck&quot;: 12.2,
      &quot;name&quot;: &quot;1&quot;
    },
    {
      &quot;price&quot;: &quot;5.25&quot;,
      &quot;status&quot;: 1,
      &quot;name&quot;: &quot;X&quot;
    },
    {
      &quot;price&quot;: &quot;2.70&quot;,
      &quot;status&quot;: 0,
      &quot;ck&quot;: 12.2,
      &quot;name&quot;: &quot;0&quot;
    },
    {
      &quot;price&quot;: &quot;1.20&quot;,
      &quot;status&quot;: 2,
      &quot;name&quot;: &quot;2&quot;
    }
  ]
}

15:56:39.947 [pool-1-thread-2] INFO  c.i.karate.cucumber.CucumberRunner - &lt;&lt;&lt;&lt; feature 6 of 18 on thread pool-1-thread-2: com/intuit/karate/testng/demos/js-arrays.feature
---------------------------------------------------------
feature: com.intuit.karate.testng.demos.js-arrays
report: target\surefire-reports\TEST-com.intuit.karate.testng.demos.js-arrays.xml
scenarios: 10 | failed:  0 | skipped:  0 | time: 1.663274
---------------------------------------------------------
15:56:39.964 [pool-1-thread-1] INFO  com.intuit.karate - [print] pretty print:
{
  &quot;foo&quot;: &quot;bar&quot;,
  &quot;baz&quot;: [
    1,
    2,
    3
  ]
}

15:56:39.964 [pool-1-thread-1] INFO  c.i.karate.cucumber.CucumberRunner - &lt;&lt;&lt;&lt; feature 11 of 18 on thread pool-1-thread-1: com/intuit/karate/testng/demos/schema-like.feature
---------------------------------------------------------
feature: com.intuit.karate.testng.demos.schema-like
report: target\surefire-reports\TEST-com.intuit.karate.testng.demos.schema-like.xml
scenarios:  3 | failed:  0 | skipped:  0 | time: 1.358453
---------------------------------------------------------
15:56:39.972 [pool-1-thread-1] DEBUG c.i.k.cucumber.KarateJunitFormatter - &gt;&gt; target\surefire-reports\TEST-com.intuit.karate.testng.files.working-dir.xml
15:56:39.977 [pool-1-thread-1] INFO  c.i.karate.cucumber.CucumberRunner - &gt;&gt;&gt;&gt; feature 15 of 18 on thread pool-1-thread-1: com/intuit/karate/testng/files/working-dir.feature
15:56:39.977 [pool-1-thread-1] DEBUG c.i.karate.cucumber.CucumberRunner - loading feature: /C:/Research/karate-master/karate-testng/target/test-classes/com/intuit/karate/testng/files/working-dir.feature
15:56:40.037 [pool-1-thread-2] DEBUG c.i.k.cucumber.KarateJunitFormatter - &gt;&gt; target\surefire-reports\TEST-com.intuit.karate.testng.http.dummy-http-client.xml
15:56:40.051 [pool-1-thread-1] ERROR c.i.k.cucumber.KarateJunitFormatter - failed feature: com.intuit.karate.testng.files.working-dir
java.lang.RuntimeException: javascript evaluation failed: read(&apos;classpath:file-utils.js&apos;)
	at com.intuit.karate.Script.evalInNashorn(Script.java:383)
	at com.intuit.karate.Script.evalInNashorn(Script.java:358)
	at com.intuit.karate.Script.eval(Script.java:269)
	at com.intuit.karate.Script.eval(Script.java:182)
	at com.intuit.karate.Script.call(Script.java:1254)
	at com.intuit.karate.Script.eval(Script.java:223)
	at com.intuit.karate.Script.eval(Script.java:182)
	at com.intuit.karate.Script.assign(Script.java:606)
	at com.intuit.karate.Script.assign(Script.java:537)
	at com.intuit.karate.StepDefs.def(StepDefs.java:268)
	at ?.* def text = call read(&apos;classpath:file-utils.js&apos;) &apos;relative.txt&apos;(com/intuit/karate/testng/files/working-dir.feature:5)
Caused by: com.intuit.karate.exception.KarateFileNotFoundException: file not found: file-utils.js, classpath: true
	at com.intuit.karate.FileUtils.readFileAsString(FileUtils.java:89)
	at com.intuit.karate.FileUtils.readFile(FileUtils.java:65)
	at jdk.nashorn.internal.scripts.Script$Recompilation$1053$15A$\^eval\_.L:1(&lt;eval&gt;:3)
	at jdk.nashorn.internal.runtime.ScriptFunctionData.invoke(ScriptFunctionData.java:639)
	at jdk.nashorn.internal.runtime.ScriptFunction.invoke(ScriptFunction.java:494)
	at jdk.nashorn.internal.runtime.ScriptRuntime.apply(ScriptRuntime.java:393)
	at jdk.nashorn.api.scripting.ScriptObjectMirror.call(ScriptObjectMirror.java:117)
	at jdk.nashorn.internal.scripts.Script$1062$\^eval\_.:program(&lt;eval&gt;:1)
	at jdk.nashorn.internal.runtime.ScriptFunctionData.invoke(ScriptFunctionData.java:637)
	at jdk.nashorn.internal.runtime.ScriptFunction.invoke(ScriptFunction.java:494)
	at jdk.nashorn.internal.runtime.ScriptRuntime.apply(ScriptRuntime.java:393)
	at jdk.nashorn.api.scripting.NashornScriptEngine.evalImpl(NashornScriptEngine.java:446)
	at jdk.nashorn.api.scripting.NashornScriptEngine.evalImpl(NashornScriptEngine.java:403)
	at jdk.nashorn.api.scripting.NashornScriptEngine.evalImpl(NashornScriptEngine.java:399)
	at jdk.nashorn.api.scripting.NashornScriptEngine.eval(NashornScriptEngine.java:155)
	at javax.script.AbstractScriptEngine.eval(AbstractScriptEngine.java:264)
	at com.intuit.karate.Script.evalInNashorn(Script.java:379)
	at com.intuit.karate.Script.evalInNashorn(Script.java:358)
	at com.intuit.karate.Script.eval(Script.java:269)
	at com.intuit.karate.Script.eval(Script.java:182)
	at com.intuit.karate.Script.call(Script.java:1254)
	at com.intuit.karate.Script.eval(Script.java:223)
	at com.intuit.karate.Script.eval(Script.java:182)
	at com.intuit.karate.Script.assign(Script.java:606)
	at com.intuit.karate.Script.assign(Script.java:537)
	at com.intuit.karate.StepDefs.def(StepDefs.java:268)
	at sun.reflect.GeneratedMethodAccessor9.invoke(Unknown Source)
	at sun.reflect.DelegatingMethodAccessorImpl.invoke(DelegatingMethodAccessorImpl.java:43)
	at java.lang.reflect.Method.invoke(Method.java:498)
	at cucumber.runtime.Utils$1.call(Utils.java:40)
	at cucumber.runtime.Timeout.timeout(Timeout.java:16)
	at cucumber.runtime.Utils.invoke(Utils.java:34)
	at cucumber.runtime.java.JavaStepDefinition.execute(JavaStepDefinition.java:38)
	at cucumber.runtime.StepDefinitionMatch.runStep(StepDefinitionMatch.java:37)
	at cucumber.runtime.Runtime.runStep(Runtime.java:300)
	at cucumber.runtime.model.StepContainer.runStep(StepContainer.java:44)
	at cucumber.runtime.model.StepContainer.runSteps(StepContainer.java:39)
	at cucumber.runtime.model.CucumberScenario.run(CucumberScenario.java:44)
	at cucumber.runtime.model.CucumberFeature.run(CucumberFeature.java:165)
	at com.intuit.karate.cucumber.CucumberRunner.run(CucumberRunner.java:149)
	at com.intuit.karate.cucumber.CucumberRunner.lambda$parallel$0(CucumberRunner.java:201)
	at java.util.concurrent.FutureTask.run(FutureTask.java:266)
	at java.util.concurrent.ThreadPoolExecutor.runWorker(ThreadPoolExecutor.java:1142)
	at java.util.concurrent.ThreadPoolExecutor$Worker.run(ThreadPoolExecutor.java:617)
	at java.lang.Thread.run(Thread.java:745)
15:56:40.090 [pool-1-thread-1] INFO  c.i.karate.cucumber.CucumberRunner - &lt;&lt;&lt;&lt; feature 15 of 18 on thread pool-1-thread-1: com/intuit/karate/testng/files/working-dir.feature
---------------------------------------------------------
feature: com.intuit.karate.testng.files.working-dir
report: target\surefire-reports\TEST-com.intuit.karate.testng.files.working-dir.xml
scenarios:  1 | failed:  1 | skipped:  0 | time: 0.071541
---------------------------------------------------------
15:56:40.099 [pool-1-thread-1] DEBUG c.i.k.cucumber.KarateJunitFormatter - &gt;&gt; target\surefire-reports\TEST-com.intuit.karate.testng.smoke.smoke.xml
15:56:40.103 [pool-1-thread-1] INFO  c.i.karate.cucumber.CucumberRunner - &gt;&gt;&gt;&gt; feature 17 of 18 on thread pool-1-thread-1: com/intuit/karate/testng/smoke/smoke.feature
15:56:40.104 [pool-1-thread-1] DEBUG c.i.karate.cucumber.CucumberRunner - loading feature: /C:/Research/karate-master/karate-testng/target/test-classes/com/intuit/karate/testng/smoke/smoke.feature
15:56:40.138 [pool-1-thread-2] INFO  c.i.karate.cucumber.CucumberRunner - &gt;&gt;&gt;&gt; feature 16 of 18 on thread pool-1-thread-2: com/intuit/karate/testng/http/dummy-http-client.feature
15:56:40.139 [pool-1-thread-2] DEBUG c.i.karate.cucumber.CucumberRunner - loading feature: /C:/Research/karate-master/karate-testng/target/test-classes/com/intuit/karate/testng/http/dummy-http-client.feature
15:56:40.156 [pool-1-thread-4] ERROR c.i.k.cucumber.KarateJunitFormatter - failed feature: com.intuit.karate.testng.demos.type-conv
java.lang.RuntimeException: javascript evaluation failed: Java.type(className)
	at com.intuit.karate.Script.evalInNashorn(Script.java:383)
	at com.intuit.karate.Script.evalInNashorn(Script.java:358)
	at com.intuit.karate.Script.eval(Script.java:269)
	at com.intuit.karate.Script.eval(Script.java:182)
	at com.intuit.karate.Script.assign(Script.java:606)
	at com.intuit.karate.Script.assign(Script.java:537)
	at com.intuit.karate.StepDefs.def(StepDefs.java:268)
	at ?.* def Pojo = Java.type(className)(com/intuit/karate/testng/demos/type-conv.feature:79)
Caused by: java.lang.RuntimeException: java.lang.ClassNotFoundException: com.intuit.karate.junit4.demos.SimplePojo
	at jdk.nashorn.internal.runtime.ScriptRuntime.apply(ScriptRuntime.java:397)
	at jdk.nashorn.api.scripting.NashornScriptEngine.evalImpl(NashornScriptEngine.java:446)
	at jdk.nashorn.api.scripting.NashornScriptEngine.evalImpl(NashornScriptEngine.java:403)
	at jdk.nashorn.api.scripting.NashornScriptEngine.evalImpl(NashornScriptEngine.java:399)
	at jdk.nashorn.api.scripting.NashornScriptEngine.eval(NashornScriptEngine.java:155)
	at javax.script.AbstractScriptEngine.eval(AbstractScriptEngine.java:264)
	at com.intuit.karate.Script.evalInNashorn(Script.java:379)
	at com.intuit.karate.Script.evalInNashorn(Script.java:358)
	at com.intuit.karate.Script.eval(Script.java:269)
	at com.intuit.karate.Script.eval(Script.java:182)
	at com.intuit.karate.Script.assign(Script.java:606)
	at com.intuit.karate.Script.assign(Script.java:537)
	at com.intuit.karate.StepDefs.def(StepDefs.java:268)
	at sun.reflect.GeneratedMethodAccessor9.invoke(Unknown Source)
	at sun.reflect.DelegatingMethodAccessorImpl.invoke(DelegatingMethodAccessorImpl.java:43)
	at java.lang.reflect.Method.invoke(Method.java:498)
	at cucumber.runtime.Utils$1.call(Utils.java:40)
	at cucumber.runtime.Timeout.timeout(Timeout.java:16)
	at cucumber.runtime.Utils.invoke(Utils.java:34)
	at cucumber.runtime.java.JavaStepDefinition.execute(JavaStepDefinition.java:38)
	at cucumber.runtime.StepDefinitionMatch.runStep(StepDefinitionMatch.java:37)
	at cucumber.runtime.Runtime.runStep(Runtime.java:300)
	at cucumber.runtime.model.StepContainer.runStep(StepContainer.java:44)
	at cucumber.runtime.model.StepContainer.runSteps(StepContainer.java:39)
	at cucumber.runtime.model.CucumberScenario.run(CucumberScenario.java:44)
	at cucumber.runtime.model.CucumberFeature.run(CucumberFeature.java:165)
	at com.intuit.karate.cucumber.CucumberRunner.run(CucumberRunner.java:149)
	at com.intuit.karate.cucumber.CucumberRunner.lambda$parallel$0(CucumberRunner.java:201)
	at java.util.concurrent.FutureTask.run(FutureTask.java:266)
	at java.util.concurrent.ThreadPoolExecutor.runWorker(ThreadPoolExecutor.java:1142)
	at java.util.concurrent.ThreadPoolExecutor$Worker.run(ThreadPoolExecutor.java:617)
	at java.lang.Thread.run(Thread.java:745)
Caused by: java.lang.ClassNotFoundException: com.intuit.karate.junit4.demos.SimplePojo
	at java.net.URLClassLoader.findClass(URLClassLoader.java:381)
	at java.lang.ClassLoader.loadClass(ClassLoader.java:424)
	at sun.misc.Launcher$AppClassLoader.loadClass(Launcher.java:331)
	at java.lang.ClassLoader.loadClass(ClassLoader.java:357)
	at java.lang.Class.forName0(Native Method)
	at java.lang.Class.forName(Class.java:348)
	at jdk.nashorn.internal.runtime.Context.findClass(Context.java:1057)
	at jdk.nashorn.internal.objects.NativeJava.simpleType(NativeJava.java:498)
	at jdk.nashorn.internal.objects.NativeJava.type(NativeJava.java:322)
	at jdk.nashorn.internal.objects.NativeJava.type(NativeJava.java:314)
	at jdk.nashorn.internal.objects.NativeJava.type(NativeJava.java:310)
	at jdk.nashorn.internal.scripts.Script$1072$\^eval\_.:program(&lt;eval&gt;:1)
	at jdk.nashorn.internal.runtime.ScriptFunctionData.invoke(ScriptFunctionData.java:637)
	at jdk.nashorn.internal.runtime.ScriptFunction.invoke(ScriptFunction.java:494)
	at jdk.nashorn.internal.runtime.ScriptRuntime.apply(ScriptRuntime.java:393)
	... 31 common frames omitted
15:56:40.208 [pool-1-thread-4] ERROR c.i.k.cucumber.KarateJunitFormatter - failed feature: com.intuit.karate.testng.demos.type-conv
java.lang.RuntimeException: javascript evaluation failed: Java.type(&apos;com.intuit.karate.junit4.demos.SimplePojo&apos;)
	at com.intuit.karate.Script.evalInNashorn(Script.java:383)
	at com.intuit.karate.Script.evalInNashorn(Script.java:358)
	at com.intuit.karate.Script.eval(Script.java:269)
	at com.intuit.karate.Script.eval(Script.java:182)
	at com.intuit.karate.Script.assign(Script.java:606)
	at com.intuit.karate.Script.assign(Script.java:537)
	at com.intuit.karate.StepDefs.def(StepDefs.java:268)
	at ?.* def Pojo = Java.type(&apos;com.intuit.karate.junit4.demos.SimplePojo&apos;)(com/intuit/karate/testng/demos/type-conv.feature:89)
Caused by: java.lang.RuntimeException: java.lang.ClassNotFoundException: com.intuit.karate.junit4.demos.SimplePojo
	at jdk.nashorn.internal.runtime.ScriptRuntime.apply(ScriptRuntime.java:397)
	at jdk.nashorn.api.scripting.NashornScriptEngine.evalImpl(NashornScriptEngine.java:446)
	at jdk.nashorn.api.scripting.NashornScriptEngine.evalImpl(NashornScriptEngine.java:403)
	at jdk.nashorn.api.scripting.NashornScriptEngine.evalImpl(NashornScriptEngine.java:399)
	at jdk.nashorn.api.scripting.NashornScriptEngine.eval(NashornScriptEngine.java:155)
	at javax.script.AbstractScriptEngine.eval(AbstractScriptEngine.java:264)
	at com.intuit.karate.Script.evalInNashorn(Script.java:379)
	at com.intuit.karate.Script.evalInNashorn(Script.java:358)
	at com.intuit.karate.Script.eval(Script.java:269)
	at com.intuit.karate.Script.eval(Script.java:182)
	at com.intuit.karate.Script.assign(Script.java:606)
	at com.intuit.karate.Script.assign(Script.java:537)
	at com.intuit.karate.StepDefs.def(StepDefs.java:268)
	at sun.reflect.GeneratedMethodAccessor9.invoke(Unknown Source)
	at sun.reflect.DelegatingMethodAccessorImpl.invoke(DelegatingMethodAccessorImpl.java:43)
	at java.lang.reflect.Method.invoke(Method.java:498)
	at cucumber.runtime.Utils$1.call(Utils.java:40)
	at cucumber.runtime.Timeout.timeout(Timeout.java:16)
	at cucumber.runtime.Utils.invoke(Utils.java:34)
	at cucumber.runtime.java.JavaStepDefinition.execute(JavaStepDefinition.java:38)
	at cucumber.runtime.StepDefinitionMatch.runStep(StepDefinitionMatch.java:37)
	at cucumber.runtime.Runtime.runStep(Runtime.java:300)
	at cucumber.runtime.model.StepContainer.runStep(StepContainer.java:44)
	at cucumber.runtime.model.StepContainer.runSteps(StepContainer.java:39)
	at cucumber.runtime.model.CucumberScenario.run(CucumberScenario.java:44)
	at cucumber.runtime.model.CucumberFeature.run(CucumberFeature.java:165)
	at com.intuit.karate.cucumber.CucumberRunner.run(CucumberRunner.java:149)
	at com.intuit.karate.cucumber.CucumberRunner.lambda$parallel$0(CucumberRunner.java:201)
	at java.util.concurrent.FutureTask.run(FutureTask.java:266)
	at java.util.concurrent.ThreadPoolExecutor.runWorker(ThreadPoolExecutor.java:1142)
	at java.util.concurrent.ThreadPoolExecutor$Worker.run(ThreadPoolExecutor.java:617)
	at java.lang.Thread.run(Thread.java:745)
Caused by: java.lang.ClassNotFoundException: com.intuit.karate.junit4.demos.SimplePojo
	at java.net.URLClassLoader.findClass(URLClassLoader.java:381)
	at java.lang.ClassLoader.loadClass(ClassLoader.java:424)
	at sun.misc.Launcher$AppClassLoader.loadClass(Launcher.java:331)
	at java.lang.ClassLoader.loadClass(ClassLoader.java:357)
	at java.lang.Class.forName0(Native Method)
	at java.lang.Class.forName(Class.java:348)
	at jdk.nashorn.internal.runtime.Context.findClass(Context.java:1057)
	at jdk.nashorn.internal.objects.NativeJava.simpleType(NativeJava.java:498)
	at jdk.nashorn.internal.objects.NativeJava.type(NativeJava.java:322)
	at jdk.nashorn.internal.objects.NativeJava.type(NativeJava.java:314)
	at jdk.nashorn.internal.objects.NativeJava.type(NativeJava.java:310)
	at jdk.nashorn.internal.scripts.Script$1098$\^eval\_.:program(&lt;eval&gt;:1)
	at jdk.nashorn.internal.runtime.ScriptFunctionData.invoke(ScriptFunctionData.java:637)
	at jdk.nashorn.internal.runtime.ScriptFunction.invoke(ScriptFunction.java:494)
	at jdk.nashorn.internal.runtime.ScriptRuntime.apply(ScriptRuntime.java:393)
	... 31 common frames omitted
15:56:40.220 [pool-1-thread-4] INFO  c.i.karate.cucumber.CucumberRunner - &lt;&lt;&lt;&lt; feature 12 of 18 on thread pool-1-thread-4: com/intuit/karate/testng/demos/type-conv.feature
---------------------------------------------------------
feature: com.intuit.karate.testng.demos.type-conv
report: target\surefire-reports\TEST-com.intuit.karate.testng.demos.type-conv.xml
scenarios: 11 | failed:  2 | skipped:  0 | time: 1.399665
---------------------------------------------------------
15:56:40.236 [pool-1-thread-4] DEBUG c.i.k.cucumber.KarateJunitFormatter - &gt;&gt; target\surefire-reports\TEST-com.intuit.karate.testng.xml.xml.xml
15:56:40.256 [pool-1-thread-1] DEBUG com.intuit.karate - loaded file from: C:\Research\karate-master\karate-testng\target\test-classes\com\intuit\karate\testng\smoke\demo-json.json - demo-json.json: java.io.FileInputStream@2202329b
15:56:40.256 [pool-1-thread-4] INFO  c.i.karate.cucumber.CucumberRunner - &gt;&gt;&gt;&gt; feature 18 of 18 on thread pool-1-thread-4: com/intuit/karate/testng/xml/xml.feature
15:56:40.257 [pool-1-thread-4] DEBUG c.i.karate.cucumber.CucumberRunner - loading feature: /C:/Research/karate-master/karate-testng/target/test-classes/com/intuit/karate/testng/xml/xml.feature
15:56:40.264 [pool-1-thread-1] DEBUG com.intuit.karate - loaded file from: C:\Research\karate-master\karate-testng\target\test-classes\com\intuit\karate\testng\smoke\demo-text.txt - demo-text.txt: java.io.FileInputStream@62c205f8
15:56:40.268 [pool-1-thread-2] ERROR c.i.k.cucumber.KarateJunitFormatter - failed feature: com.intuit.karate.testng.http.dummy-http-client
java.lang.RuntimeException: failed to construct class by name: java.lang.ClassNotFoundException: com.intuit.karate.junit4.http.DummyHttpClient, aborting
	at com.intuit.karate.http.HttpClient.construct(HttpClient.java:261)
	at com.intuit.karate.ScriptContext.configure(ScriptContext.java:172)
	at com.intuit.karate.ScriptContext.configure(ScriptContext.java:144)
	at com.intuit.karate.StepDefs.configure(StepDefs.java:102)
	at ?.* configure httpClientClass = &apos;com.intuit.karate.junit4.http.DummyHttpClient&apos;(com/intuit/karate/testng/http/dummy-http-client.feature:4)
15:56:40.270 [pool-1-thread-2] INFO  c.i.karate.cucumber.CucumberRunner - &lt;&lt;&lt;&lt; feature 16 of 18 on thread pool-1-thread-2: com/intuit/karate/testng/http/dummy-http-client.feature
---------------------------------------------------------
feature: com.intuit.karate.testng.http.dummy-http-client
report: target\surefire-reports\TEST-com.intuit.karate.testng.http.dummy-http-client.xml
scenarios:  1 | failed:  1 | skipped:  0 | time: 0.113276
---------------------------------------------------------
15:56:40.306 [pool-1-thread-1] INFO  c.i.karate.cucumber.CucumberRunner - &lt;&lt;&lt;&lt; feature 17 of 18 on thread pool-1-thread-1: com/intuit/karate/testng/smoke/smoke.feature
---------------------------------------------------------
feature: com.intuit.karate.testng.smoke.smoke
report: target\surefire-reports\TEST-com.intuit.karate.testng.smoke.smoke.xml
scenarios:  1 | failed:  0 | skipped:  0 | time: 0.196470
---------------------------------------------------------
15:56:40.331 [pool-1-thread-4] DEBUG com.intuit.karate - loaded file from: C:\Research\karate-master\karate-testng\target\test-classes\com\intuit\karate\testng\xml\soap1.xml - soap1.xml: java.io.FileInputStream@36055bab
15:56:40.351 [pool-1-thread-3] INFO  com.intuit.karate - [print] {&quot;query&quot;:{&quot;name&quot;:{&quot;firstName&quot;:&quot;John&quot;,&quot;lastName&quot;:&quot;Smith&quot;},&quot;age&quot;:&quot;20&quot;}}
15:56:40.416 [pool-1-thread-4] DEBUG com.intuit.karate - loaded file from: C:\Research\karate-master\karate-testng\target\test-classes\com\intuit\karate\testng\xml\soap2.xml - soap2.xml: java.io.FileInputStream@55c5e2f5
15:56:40.486 [pool-1-thread-3] INFO  com.intuit.karate - [print] {&quot;query&quot;:{&quot;name&quot;:{&quot;firstName&quot;:&quot;Jane&quot;,&quot;lastName&quot;:&quot;Doe&quot;}}}
15:56:40.513 [pool-1-thread-4] DEBUG com.intuit.karate - loaded file from: C:\Research\karate-master\karate-testng\target\test-classes\com\intuit\karate\testng\xml\envelope1.xml - envelope1.xml: java.io.FileInputStream@32f78fb7
15:56:40.570 [pool-1-thread-3] INFO  com.intuit.karate - [print] {&quot;query&quot;:{&quot;name&quot;:{&quot;lastName&quot;:&quot;Waldo&quot;}}}
15:56:40.590 [pool-1-thread-4] DEBUG com.intuit.karate - loaded file from: C:\Research\karate-master\karate-testng\target\test-classes\com\intuit\karate\testng\xml\envelope2.xml - envelope2.xml: java.io.FileInputStream@2f84eefe
15:56:40.612 [pool-1-thread-3] INFO  c.i.karate.cucumber.CucumberRunner - &lt;&lt;&lt;&lt; feature 14 of 18 on thread pool-1-thread-3: com/intuit/karate/testng/demos/xml-and-xpath.feature
---------------------------------------------------------
feature: com.intuit.karate.testng.demos.xml-and-xpath
report: target\surefire-reports\TEST-com.intuit.karate.testng.demos.xml-and-xpath.xml
scenarios:  6 | failed:  0 | skipped:  0 | time: 0.747606
---------------------------------------------------------
15:56:40.633 [pool-1-thread-4] DEBUG com.intuit.karate - loaded file from: C:\Research\karate-master\karate-testng\target\test-classes\com\intuit\karate\testng\xml\soap1.xml - soap1.xml: java.io.FileInputStream@37a9568d
15:56:40.662 [pool-1-thread-4] INFO  com.intuit.karate - [print] pretty print:
&lt;soapenv:Envelope xmlns:soapenv=&quot;http://schemas.xmlsoap.org/soap/envelope/&quot; xmlns:acc=&quot;http://foo/bar&quot;&gt;
  &lt;soapenv:Header/&gt;
  &lt;soapenv:Body&gt;
    &lt;acc:getAccountByPhoneNumber&gt;
      &lt;acc:phoneNumber&gt;123456&lt;/acc:phoneNumber&gt;
      &lt;acc:phoneNumberSearchOption&gt;
        &lt;acc:searchWirelessInd&gt;true&lt;/acc:searchWirelessInd&gt;
        &lt;acc:searchVoipInd&gt;false&lt;/acc:searchVoipInd&gt;
        &lt;acc:searchTollFreeInd&gt;false&lt;/acc:searchTollFreeInd&gt;
      &lt;/acc:phoneNumberSearchOption&gt;
    &lt;/acc:getAccountByPhoneNumber&gt;
  &lt;/soapenv:Body&gt;
&lt;/soapenv:Envelope&gt;

15:56:40.663 [pool-1-thread-4] INFO  c.i.karate.cucumber.CucumberRunner - &lt;&lt;&lt;&lt; feature 18 of 18 on thread pool-1-thread-4: com/intuit/karate/testng/xml/xml.feature
---------------------------------------------------------
feature: com.intuit.karate.testng.xml.xml
report: target\surefire-reports\TEST-com.intuit.karate.testng.xml.xml.xml
scenarios:  5 | failed:  0 | skipped:  0 | time: 0.387841
---------------------------------------------------------
15:56:41.544 [pool-1-thread-5] DEBUG com.intuit.karate - 
1 &lt; 200
1 &lt; Access-Control-Allow-Credentials: true
1 &lt; CF-Cache-Status: HIT
1 &lt; CF-RAY: 39e11a861e8e3403-HKG
1 &lt; Cache-Control: public, max-age=14400
1 &lt; Connection: keep-alive
1 &lt; Content-Type: application/json; charset=utf-8
1 &lt; Date: Thu, 14 Sep 2017 05:56:32 GMT
1 &lt; Etag: W/&quot;160d-1eMSsxeJRfnVLRBmYJSbCiJZ1qQ&quot;
1 &lt; Expires: Thu, 14 Sep 2017 09:56:32 GMT
1 &lt; Pragma: no-cache
1 &lt; Server: cloudflare-nginx
1 &lt; Set-Cookie: __cfduid=ddf2aa3400a4f26d056d6dccf22b37f031505368592; expires=Fri, 14-Sep-18 05:56:32 GMT; path=/; domain=.typicode.com; HttpOnly
1 &lt; Transfer-Encoding: chunked
1 &lt; Vary: Accept-Encoding
1 &lt; Via: 1.1 vegur
1 &lt; X-Content-Type-Options: nosniff
1 &lt; X-Powered-By: Express
[
  {
    &quot;id&quot;: 1,
    &quot;name&quot;: &quot;Leanne Graham&quot;,
    &quot;username&quot;: &quot;Bret&quot;,
    &quot;email&quot;: &quot;Sincere@april.biz&quot;,
    &quot;address&quot;: {
      &quot;street&quot;: &quot;Kulas Light&quot;,
      &quot;suite&quot;: &quot;Apt. 556&quot;,
      &quot;city&quot;: &quot;Gwenborough&quot;,
      &quot;zipcode&quot;: &quot;92998-3874&quot;,
      &quot;geo&quot;: {
        &quot;lat&quot;: &quot;-37.3159&quot;,
        &quot;lng&quot;: &quot;81.1496&quot;
      }
    },
    &quot;phone&quot;: &quot;1-770-736-8031 x56442&quot;,
    &quot;website&quot;: &quot;hildegard.org&quot;,
    &quot;company&quot;: {
      &quot;name&quot;: &quot;Romaguera-Crona&quot;,
      &quot;catchPhrase&quot;: &quot;Multi-layered client-server neural-net&quot;,
      &quot;bs&quot;: &quot;harness real-time e-markets&quot;
    }
  },
  {
    &quot;id&quot;: 2,
    &quot;name&quot;: &quot;Ervin Howell&quot;,
    &quot;username&quot;: &quot;Antonette&quot;,
    &quot;email&quot;: &quot;Shanna@melissa.tv&quot;,
    &quot;address&quot;: {
      &quot;street&quot;: &quot;Victor Plains&quot;,
      &quot;suite&quot;: &quot;Suite 879&quot;,
      &quot;city&quot;: &quot;Wisokyburgh&quot;,
      &quot;zipcode&quot;: &quot;90566-7771&quot;,
      &quot;geo&quot;: {
        &quot;lat&quot;: &quot;-43.9509&quot;,
        &quot;lng&quot;: &quot;-34.4618&quot;
      }
    },
    &quot;phone&quot;: &quot;010-692-6593 x09125&quot;,
    &quot;website&quot;: &quot;anastasia.net&quot;,
    &quot;company&quot;: {
      &quot;name&quot;: &quot;Deckow-Crist&quot;,
      &quot;catchPhrase&quot;: &quot;Proactive didactic contingency&quot;,
      &quot;bs&quot;: &quot;synergize scalable supply-chains&quot;
    }
  },
  {
    &quot;id&quot;: 3,
    &quot;name&quot;: &quot;Clementine Bauch&quot;,
    &quot;username&quot;: &quot;Samantha&quot;,
    &quot;email&quot;: &quot;Nathan@yesenia.net&quot;,
    &quot;address&quot;: {
      &quot;street&quot;: &quot;Douglas Extension&quot;,
      &quot;suite&quot;: &quot;Suite 847&quot;,
      &quot;city&quot;: &quot;McKenziehaven&quot;,
      &quot;zipcode&quot;: &quot;59590-4157&quot;,
      &quot;geo&quot;: {
        &quot;lat&quot;: &quot;-68.6102&quot;,
        &quot;lng&quot;: &quot;-47.0653&quot;
      }
    },
    &quot;phone&quot;: &quot;1-463-123-4447&quot;,
    &quot;website&quot;: &quot;ramiro.info&quot;,
    &quot;company&quot;: {
      &quot;name&quot;: &quot;Romaguera-Jacobson&quot;,
      &quot;catchPhrase&quot;: &quot;Face to face bifurcated interface&quot;,
      &quot;bs&quot;: &quot;e-enable strategic applications&quot;
    }
  },
  {
    &quot;id&quot;: 4,
    &quot;name&quot;: &quot;Patricia Lebsack&quot;,
    &quot;username&quot;: &quot;Karianne&quot;,
    &quot;email&quot;: &quot;Julianne.OConner@kory.org&quot;,
    &quot;address&quot;: {
      &quot;street&quot;: &quot;Hoeger Mall&quot;,
      &quot;suite&quot;: &quot;Apt. 692&quot;,
      &quot;city&quot;: &quot;South Elvis&quot;,
      &quot;zipcode&quot;: &quot;53919-4257&quot;,
      &quot;geo&quot;: {
        &quot;lat&quot;: &quot;29.4572&quot;,
        &quot;lng&quot;: &quot;-164.2990&quot;
      }
    },
    &quot;phone&quot;: &quot;493-170-9623 x156&quot;,
    &quot;website&quot;: &quot;kale.biz&quot;,
    &quot;company&quot;: {
      &quot;name&quot;: &quot;Robel-Corkery&quot;,
      &quot;catchPhrase&quot;: &quot;Multi-tiered zero tolerance productivity&quot;,
      &quot;bs&quot;: &quot;transition cutting-edge web services&quot;
    }
  },
  {
    &quot;id&quot;: 5,
    &quot;name&quot;: &quot;Chelsey Dietrich&quot;,
    &quot;username&quot;: &quot;Kamren&quot;,
    &quot;email&quot;: &quot;Lucio_Hettinger@annie.ca&quot;,
    &quot;address&quot;: {
      &quot;street&quot;: &quot;Skiles Walks&quot;,
      &quot;suite&quot;: &quot;Suite 351&quot;,
      &quot;city&quot;: &quot;Roscoeview&quot;,
      &quot;zipcode&quot;: &quot;33263&quot;,
      &quot;geo&quot;: {
        &quot;lat&quot;: &quot;-31.8129&quot;,
        &quot;lng&quot;: &quot;62.5342&quot;
      }
    },
    &quot;phone&quot;: &quot;(254)954-1289&quot;,
    &quot;website&quot;: &quot;demarco.info&quot;,
    &quot;company&quot;: {
      &quot;name&quot;: &quot;Keebler LLC&quot;,
      &quot;catchPhrase&quot;: &quot;User-centric fault-tolerant solution&quot;,
      &quot;bs&quot;: &quot;revolutionize end-to-end systems&quot;
    }
  },
  {
    &quot;id&quot;: 6,
    &quot;name&quot;: &quot;Mrs. Dennis Schulist&quot;,
    &quot;username&quot;: &quot;Leopoldo_Corkery&quot;,
    &quot;email&quot;: &quot;Karley_Dach@jasper.info&quot;,
    &quot;address&quot;: {
      &quot;street&quot;: &quot;Norberto Crossing&quot;,
      &quot;suite&quot;: &quot;Apt. 950&quot;,
      &quot;city&quot;: &quot;South Christy&quot;,
      &quot;zipcode&quot;: &quot;23505-1337&quot;,
      &quot;geo&quot;: {
        &quot;lat&quot;: &quot;-71.4197&quot;,
        &quot;lng&quot;: &quot;71.7478&quot;
      }
    },
    &quot;phone&quot;: &quot;1-477-935-8478 x6430&quot;,
    &quot;website&quot;: &quot;ola.org&quot;,
    &quot;company&quot;: {
      &quot;name&quot;: &quot;Considine-Lockman&quot;,
      &quot;catchPhrase&quot;: &quot;Synchronised bottom-line interface&quot;,
      &quot;bs&quot;: &quot;e-enable innovative applications&quot;
    }
  },
  {
    &quot;id&quot;: 7,
    &quot;name&quot;: &quot;Kurtis Weissnat&quot;,
    &quot;username&quot;: &quot;Elwyn.Skiles&quot;,
    &quot;email&quot;: &quot;Telly.Hoeger@billy.biz&quot;,
    &quot;address&quot;: {
      &quot;street&quot;: &quot;Rex Trail&quot;,
      &quot;suite&quot;: &quot;Suite 280&quot;,
      &quot;city&quot;: &quot;Howemouth&quot;,
      &quot;zipcode&quot;: &quot;58804-1099&quot;,
      &quot;geo&quot;: {
        &quot;lat&quot;: &quot;24.8918&quot;,
        &quot;lng&quot;: &quot;21.8984&quot;
      }
    },
    &quot;phone&quot;: &quot;210.067.6132&quot;,
    &quot;website&quot;: &quot;elvis.io&quot;,
    &quot;company&quot;: {
      &quot;name&quot;: &quot;Johns Group&quot;,
      &quot;catchPhrase&quot;: &quot;Configurable multimedia task-force&quot;,
      &quot;bs&quot;: &quot;generate enterprise e-tailers&quot;
    }
  },
  {
    &quot;id&quot;: 8,
    &quot;name&quot;: &quot;Nicholas Runolfsdottir V&quot;,
    &quot;username&quot;: &quot;Maxime_Nienow&quot;,
    &quot;email&quot;: &quot;Sherwood@rosamond.me&quot;,
    &quot;address&quot;: {
      &quot;street&quot;: &quot;Ellsworth Summit&quot;,
      &quot;suite&quot;: &quot;Suite 729&quot;,
      &quot;city&quot;: &quot;Aliyaview&quot;,
      &quot;zipcode&quot;: &quot;45169&quot;,
      &quot;geo&quot;: {
        &quot;lat&quot;: &quot;-14.3990&quot;,
        &quot;lng&quot;: &quot;-120.7677&quot;
      }
    },
    &quot;phone&quot;: &quot;586.493.6943 x140&quot;,
    &quot;website&quot;: &quot;jacynthe.com&quot;,
    &quot;company&quot;: {
      &quot;name&quot;: &quot;Abernathy Group&quot;,
      &quot;catchPhrase&quot;: &quot;Implemented secondary concept&quot;,
      &quot;bs&quot;: &quot;e-enable extensible e-tailers&quot;
    }
  },
  {
    &quot;id&quot;: 9,
    &quot;name&quot;: &quot;Glenna Reichert&quot;,
    &quot;username&quot;: &quot;Delphine&quot;,
    &quot;email&quot;: &quot;Chaim_McDermott@dana.io&quot;,
    &quot;address&quot;: {
      &quot;street&quot;: &quot;Dayna Park&quot;,
      &quot;suite&quot;: &quot;Suite 449&quot;,
      &quot;city&quot;: &quot;Bartholomebury&quot;,
      &quot;zipcode&quot;: &quot;76495-3109&quot;,
      &quot;geo&quot;: {
        &quot;lat&quot;: &quot;24.6463&quot;,
        &quot;lng&quot;: &quot;-168.8889&quot;
      }
    },
    &quot;phone&quot;: &quot;(775)976-6794 x41206&quot;,
    &quot;website&quot;: &quot;conrad.com&quot;,
    &quot;company&quot;: {
      &quot;name&quot;: &quot;Yost and Sons&quot;,
      &quot;catchPhrase&quot;: &quot;Switchable contextually-based project&quot;,
      &quot;bs&quot;: &quot;aggregate real-time technologies&quot;
    }
  },
  {
    &quot;id&quot;: 10,
    &quot;name&quot;: &quot;Clementina DuBuque&quot;,
    &quot;username&quot;: &quot;Moriah.Stanton&quot;,
    &quot;email&quot;: &quot;Rey.Padberg@karina.biz&quot;,
    &quot;address&quot;: {
      &quot;street&quot;: &quot;Kattie Turnpike&quot;,
      &quot;suite&quot;: &quot;Suite 198&quot;,
      &quot;city&quot;: &quot;Lebsackbury&quot;,
      &quot;zipcode&quot;: &quot;31428-2261&quot;,
      &quot;geo&quot;: {
        &quot;lat&quot;: &quot;-38.2386&quot;,
        &quot;lng&quot;: &quot;57.2232&quot;
      }
    },
    &quot;phone&quot;: &quot;024-648-3804&quot;,
    &quot;website&quot;: &quot;ambrose.net&quot;,
    &quot;company&quot;: {
      &quot;name&quot;: &quot;Hoeger LLC&quot;,
      &quot;catchPhrase&quot;: &quot;Centralized empowering task-force&quot;,
      &quot;bs&quot;: &quot;target end-to-end models&quot;
    }
  }
]

15:56:41.545 [pool-1-thread-5] DEBUG com.intuit.karate - response time in milliseconds: 2265
15:56:41.564 [pool-1-thread-5] DEBUG com.intuit.karate - 
2 &gt; GET https://jsonplaceholder.typicode.com/users/1
2 &gt; Accept-Encoding: gzip,deflate
2 &gt; Connection: Keep-Alive
2 &gt; Cookie: __cfduid=ddf2aa3400a4f26d056d6dccf22b37f031505368592
2 &gt; Host: jsonplaceholder.typicode.com
2 &gt; User-Agent: Apache-HttpClient/4.5.3 (Java/1.8.0_101)

15:56:44.270 [pool-1-thread-5] DEBUG com.intuit.karate - 
2 &lt; 200
2 &lt; Access-Control-Allow-Credentials: true
2 &lt; CF-Cache-Status: HIT
2 &lt; CF-RAY: 39e11a971fe03319-HKG
2 &lt; Cache-Control: public, max-age=14400
2 &lt; Connection: keep-alive
2 &lt; Content-Type: application/json; charset=utf-8
2 &lt; Date: Thu, 14 Sep 2017 05:56:35 GMT
2 &lt; Etag: W/&quot;1fd-+2Y3G3w049iSZtw5t1mzSnunngE&quot;
2 &lt; Expires: Thu, 14 Sep 2017 09:56:35 GMT
2 &lt; Pragma: no-cache
2 &lt; Server: cloudflare-nginx
2 &lt; Transfer-Encoding: chunked
2 &lt; Vary: Accept-Encoding
2 &lt; Via: 1.1 vegur
2 &lt; X-Content-Type-Options: nosniff
2 &lt; X-Powered-By: Express
{
  &quot;id&quot;: 1,
  &quot;name&quot;: &quot;Leanne Graham&quot;,
  &quot;username&quot;: &quot;Bret&quot;,
  &quot;email&quot;: &quot;Sincere@april.biz&quot;,
  &quot;address&quot;: {
    &quot;street&quot;: &quot;Kulas Light&quot;,
    &quot;suite&quot;: &quot;Apt. 556&quot;,
    &quot;city&quot;: &quot;Gwenborough&quot;,
    &quot;zipcode&quot;: &quot;92998-3874&quot;,
    &quot;geo&quot;: {
      &quot;lat&quot;: &quot;-37.3159&quot;,
      &quot;lng&quot;: &quot;81.1496&quot;
    }
  },
  &quot;phone&quot;: &quot;1-770-736-8031 x56442&quot;,
  &quot;website&quot;: &quot;hildegard.org&quot;,
  &quot;company&quot;: {
    &quot;name&quot;: &quot;Romaguera-Crona&quot;,
    &quot;catchPhrase&quot;: &quot;Multi-layered client-server neural-net&quot;,
    &quot;bs&quot;: &quot;harness real-time e-markets&quot;
  }
}

15:56:44.270 [pool-1-thread-5] DEBUG com.intuit.karate - response time in milliseconds: 2708
15:56:44.333 [pool-1-thread-5] DEBUG com.intuit.karate - 
1 &gt; POST https://jsonplaceholder.typicode.com/users
1 &gt; Accept-Encoding: gzip,deflate
1 &gt; Connection: Keep-Alive
1 &gt; Content-Length: 160
1 &gt; Content-Type: application/json
1 &gt; Host: jsonplaceholder.typicode.com
1 &gt; User-Agent: Apache-HttpClient/4.5.3 (Java/1.8.0_101)
{&quot;name&quot;:&quot;Test User&quot;,&quot;username&quot;:&quot;testuser&quot;,&quot;email&quot;:&quot;test@user.com&quot;,&quot;address&quot;:{&quot;street&quot;:&quot;Has No Name&quot;,&quot;suite&quot;:&quot;Apt. 123&quot;,&quot;city&quot;:&quot;Electri&quot;,&quot;zipcode&quot;:&quot;54321-6789&quot;}}

15:56:46.142 [pool-1-thread-5] DEBUG com.intuit.karate - 
1 &lt; 201
1 &lt; Access-Control-Allow-Credentials: true
1 &lt; CF-RAY: 39e11a9f3f1133c1-HKG
1 &lt; Cache-Control: no-cache
1 &lt; Connection: keep-alive
1 &lt; Content-Length: 216
1 &lt; Content-Type: application/json; charset=utf-8
1 &lt; Date: Thu, 14 Sep 2017 05:56:36 GMT
1 &lt; Etag: W/&quot;d8-pYV7+YuMGP2hxHPU9ARrf97ifDA&quot;
1 &lt; Expires: -1
1 &lt; Pragma: no-cache
1 &lt; Server: cloudflare-nginx
1 &lt; Set-Cookie: __cfduid=d0b4b6cce5fac2f7646c43d5d6542253d1505368596; expires=Fri, 14-Sep-18 05:56:36 GMT; path=/; domain=.typicode.com; HttpOnly
1 &lt; Vary: Origin, X-HTTP-Method-Override, Accept-Encoding
1 &lt; Via: 1.1 vegur
1 &lt; X-Content-Type-Options: nosniff
1 &lt; X-Powered-By: Express
{
  &quot;name&quot;: &quot;Test User&quot;,
  &quot;username&quot;: &quot;testuser&quot;,
  &quot;email&quot;: &quot;test@user.com&quot;,
  &quot;address&quot;: {
    &quot;street&quot;: &quot;Has No Name&quot;,
    &quot;suite&quot;: &quot;Apt. 123&quot;,
    &quot;city&quot;: &quot;Electri&quot;,
    &quot;zipcode&quot;: &quot;54321-6789&quot;
  },
  &quot;id&quot;: 11
}

15:56:46.143 [pool-1-thread-5] DEBUG com.intuit.karate - response time in milliseconds: 1812
15:56:46.153 [pool-1-thread-5] INFO  com.intuit.karate - [print] created id is: 11
15:56:46.160 [pool-1-thread-5] INFO  c.i.karate.cucumber.CucumberRunner - &lt;&lt;&lt;&lt; feature 13 of 18 on thread pool-1-thread-5: com/intuit/karate/testng/demos/users.feature
---------------------------------------------------------
feature: com.intuit.karate.testng.demos.users
report: target\surefire-reports\TEST-com.intuit.karate.testng.demos.users.xml
scenarios:  2 | failed:  0 | skipped:  0 | time: 6.997483
---------------------------------------------------------
=========================================================
elapsed time: 8.595000 | test time: 16.859445
thread count:  5 | parallel efficiency: 0.392308
scenarios:  57 | failed:   6 | skipped:   0
=========================================================
failed: [com.intuit.karate.testng.demos.call-once, com.intuit.karate.testng.demos.type-conv, com.intuit.karate.testng.files.working-dir, com.intuit.karate.testng.http.dummy-http-client]
</system-out>
    <system-err>ERROR StatusLogger No log4j2 configuration file found. Using default configuration: logging only errors to the console. Set system property &apos;org.apache.logging.log4j.simplelog.StatusLogger.level&apos; to TRACE to show Log4j2 internal initialization logging.
</system-err>
  </testcase>
</testsuite>